2019-04-21 07:44:40,006 INFO org.springframework.boot.StartupInfoLogger [main] Starting AstroWebApplicationTests on LP-GH1P882 with PID 1900 (started by shamikchandra.s in C:\Users\shamikchandra.s\OneDrive - HCL Technologies Ltd\Java\Spring\astro-web\astro-web)
2019-04-21 07:44:40,131 INFO org.springframework.boot.SpringApplication [main] The following profiles are active: springdatajpa
2019-04-21 07:44:51,045 INFO org.springframework.data.repository.config.RepositoryConfigurationDelegate [main] Bootstrapping Spring Data repositories in DEFAULT mode.
2019-04-21 07:44:51,555 INFO org.springframework.data.repository.config.RepositoryConfigurationDelegate [main] Finished Spring Data repository scanning in 417ms. Found 3 repository interfaces.
2019-04-21 07:44:54,271 INFO com.ulisesbocchio.jasyptspringboot.configuration.EnableEncryptablePropertiesBeanFactoryPostProcessor [main] Post-processing PropertySource instances
2019-04-21 07:44:54,718 INFO com.ulisesbocchio.jasyptspringboot.EncryptablePropertySourceConverter [main] Converting PropertySource configurationProperties [org.springframework.boot.context.properties.source.ConfigurationPropertySourcesPropertySource] to AOP Proxy
2019-04-21 07:44:54,722 INFO com.ulisesbocchio.jasyptspringboot.EncryptablePropertySourceConverter [main] Converting PropertySource Inlined Test Properties [org.springframework.core.env.MapPropertySource] to EncryptableMapPropertySourceWrapper
2019-04-21 07:44:54,734 INFO com.ulisesbocchio.jasyptspringboot.EncryptablePropertySourceConverter [main] Converting PropertySource systemProperties [org.springframework.core.env.MapPropertySource] to EncryptableMapPropertySourceWrapper
2019-04-21 07:44:54,734 INFO com.ulisesbocchio.jasyptspringboot.EncryptablePropertySourceConverter [main] Converting PropertySource systemEnvironment [org.springframework.boot.env.SystemEnvironmentPropertySourceEnvironmentPostProcessor$OriginAwareSystemEnvironmentPropertySource] to EncryptableMapPropertySourceWrapper
2019-04-21 07:44:54,734 INFO com.ulisesbocchio.jasyptspringboot.EncryptablePropertySourceConverter [main] Converting PropertySource random [org.springframework.boot.env.RandomValuePropertySource] to EncryptablePropertySourceWrapper
2019-04-21 07:44:54,739 INFO com.ulisesbocchio.jasyptspringboot.EncryptablePropertySourceConverter [main] Converting PropertySource applicationConfig: [classpath:/application.properties] [org.springframework.boot.env.OriginTrackedMapPropertySource] to EncryptableMapPropertySourceWrapper
2019-04-21 07:44:55,198 INFO com.ulisesbocchio.jasyptspringboot.filter.DefaultLazyPropertyFilter [main] Property Filter custom Bean not found with name 'encryptablePropertyFilter'. Initializing Default Property Filter
2019-04-21 07:44:55,365 INFO org.springframework.context.support.PostProcessorRegistrationDelegate$BeanPostProcessorChecker [main] Bean 'org.springframework.transaction.annotation.ProxyTransactionManagementConfiguration' of type [org.springframework.transaction.annotation.ProxyTransactionManagementConfiguration$$EnhancerBySpringCGLIB$$f6fe93db] is not eligible for getting processed by all BeanPostProcessors (for example: not eligible for auto-proxying)
2019-04-21 07:44:56,033 INFO com.ulisesbocchio.jasyptspringboot.resolver.DefaultLazyPropertyResolver [main] Property Resolver custom Bean not found with name 'encryptablePropertyResolver'. Initializing Default Property Resolver
2019-04-21 07:44:56,049 INFO com.ulisesbocchio.jasyptspringboot.detector.DefaultLazyPropertyDetector [main] Property Detector custom Bean not found with name 'encryptablePropertyDetector'. Initializing Default Property Detector
2019-04-21 07:44:57,256 INFO com.zaxxer.hikari.HikariDataSource [main] HikariPool-1 - Starting...
2019-04-21 07:45:01,446 INFO com.zaxxer.hikari.HikariDataSource [main] HikariPool-1 - Start completed.
2019-04-21 07:45:02,090 INFO org.hibernate.jpa.internal.util.LogHelper [main] HHH000204: Processing PersistenceUnitInfo [
	name: default
	...]
2019-04-21 07:45:02,738 INFO org.hibernate.Version [main] HHH000412: Hibernate Core {5.3.7.Final}
2019-04-21 07:45:02,738 INFO org.hibernate.cfg.Environment [main] HHH000206: hibernate.properties not found
2019-04-21 07:45:04,448 INFO org.hibernate.annotations.common.reflection.java.JavaReflectionManager [main] HCANN000001: Hibernate Commons Annotations {5.0.4.Final}
2019-04-21 07:45:08,933 INFO org.hibernate.dialect.Dialect [main] HHH000400: Using dialect: org.hibernate.dialect.MariaDB103Dialect
2019-04-21 07:45:10,792 WARN org.hibernate.boot.internal.InFlightMetadataCollectorImpl [main] HHH000069: Duplicate generator name sequence
2019-04-21 07:45:11,156 WARN org.hibernate.boot.internal.InFlightMetadataCollectorImpl [main] HHH000069: Duplicate generator name sequence
2019-04-21 07:45:11,164 WARN org.hibernate.boot.internal.InFlightMetadataCollectorImpl [main] HHH000069: Duplicate generator name sequence
2019-04-21 07:45:11,490 WARN org.hibernate.id.SequenceGenerator [main] HHH90000014: Found use of deprecated [org.hibernate.id.SequenceHiLoGenerator] sequence-based id generator; use org.hibernate.id.enhanced.SequenceStyleGenerator instead.  See Hibernate Domain Model Mapping Guide for details.
2019-04-21 07:45:11,521 WARN org.hibernate.id.SequenceGenerator [main] HHH90000014: Found use of deprecated [org.hibernate.id.SequenceHiLoGenerator] sequence-based id generator; use org.hibernate.id.enhanced.SequenceStyleGenerator instead.  See Hibernate Domain Model Mapping Guide for details.
2019-04-21 07:45:11,521 WARN org.hibernate.id.SequenceGenerator [main] HHH90000014: Found use of deprecated [org.hibernate.id.SequenceHiLoGenerator] sequence-based id generator; use org.hibernate.id.enhanced.SequenceStyleGenerator instead.  See Hibernate Domain Model Mapping Guide for details.
2019-04-21 07:45:11,537 WARN org.hibernate.id.SequenceGenerator [main] HHH90000014: Found use of deprecated [org.hibernate.id.SequenceHiLoGenerator] sequence-based id generator; use org.hibernate.id.enhanced.SequenceStyleGenerator instead.  See Hibernate Domain Model Mapping Guide for details.
2019-04-21 07:45:11,537 WARN org.hibernate.id.SequenceGenerator [main] HHH90000014: Found use of deprecated [org.hibernate.id.SequenceHiLoGenerator] sequence-based id generator; use org.hibernate.id.enhanced.SequenceStyleGenerator instead.  See Hibernate Domain Model Mapping Guide for details.
2019-04-21 07:45:24,406 INFO org.springframework.orm.jpa.AbstractEntityManagerFactoryBean [main] Initialized JPA EntityManagerFactory for persistence unit 'default'
2019-04-21 07:45:31,418 INFO org.springframework.scheduling.concurrent.ExecutorConfigurationSupport [main] Initializing ExecutorService 'applicationTaskExecutor'
2019-04-21 07:45:33,644 INFO org.springframework.boot.autoconfigure.web.servlet.WelcomePageHandlerMapping [main] Adding welcome page template: index
2019-04-21 07:45:35,681 INFO org.springframework.security.web.DefaultSecurityFilterChain [main] Creating filter chain: any request, [org.springframework.security.web.context.request.async.WebAsyncManagerIntegrationFilter@584136c1, org.springframework.security.web.context.SecurityContextPersistenceFilter@aa8dce8, org.springframework.security.web.header.HeaderWriterFilter@5d68954d, org.springframework.security.web.authentication.logout.LogoutFilter@14b5325f, org.springframework.security.web.authentication.UsernamePasswordAuthenticationFilter@4fa8297b, org.springframework.security.web.savedrequest.RequestCacheAwareFilter@18a0721b, org.springframework.security.web.servletapi.SecurityContextHolderAwareRequestFilter@6d4502ca, org.springframework.security.web.authentication.AnonymousAuthenticationFilter@51d88c38, org.springframework.security.web.session.SessionManagementFilter@3ec7eb5, org.springframework.security.web.access.ExceptionTranslationFilter@352c3d70, org.springframework.security.web.access.intercept.FilterSecurityInterceptor@4f525e13]
2019-04-21 07:45:36,332 INFO com.astrology.web.astroweb.repositories.bootstrap.UserLoader [main] Context refreshed. Reached UserLoader
2019-04-21 07:45:37,177 INFO org.hibernate.hql.internal.QueryTranslatorFactoryInitiator [main] HHH000397: Using ASTQueryTranslatorFactory
2019-04-21 07:45:46,977 INFO com.astrology.web.astroweb.repositories.bootstrap.UserLoader [main] Saved data User(firstName=Shamik, lastName=Sinha, email=abc@cd.com, password={bcrypt}$2a$10$4B81DeqiltbHlsJvrhbAfe6.DvT08xqx6ly0khtG2qrK0YhT2YyxG, role=USER, textPass=null, username=abc@cd.com, phone=+919916099778, products=[], bookings=[], paymentOrders=[])
2019-04-21 07:45:46,977 INFO com.astrology.web.astroweb.repositories.bootstrap.UserLoader [main] Saved data User(firstName=Shamik1, lastName=Sinha1, email=abc@cde.com, password={bcrypt}$2a$10$Uvx/FHIGImGA786OBqEk7em5xNigdebfhXdFfUxNdhbWFlw/FCEFi, role=USER, textPass=null, username=abc@cde.com, phone=+919916099778, products=[], bookings=[], paymentOrders=[])
2019-04-21 07:45:47,008 INFO org.springframework.boot.StartupInfoLogger [main] Started AstroWebApplicationTests in 76.466 seconds (JVM running for 80.927)
2019-04-21 07:45:47,958 INFO org.springframework.scheduling.concurrent.ExecutorConfigurationSupport [Thread-4] Shutting down ExecutorService 'applicationTaskExecutor'
2019-04-21 07:45:47,974 INFO org.springframework.orm.jpa.AbstractEntityManagerFactoryBean [Thread-4] Closing JPA EntityManagerFactory for persistence unit 'default'
2019-04-21 07:45:48,052 INFO com.zaxxer.hikari.HikariDataSource [Thread-4] HikariPool-1 - Shutdown initiated...
2019-04-21 07:45:48,229 INFO com.zaxxer.hikari.HikariDataSource [Thread-4] HikariPool-1 - Shutdown completed.
2019-04-21 07:54:52,768 INFO org.springframework.boot.StartupInfoLogger [main] Starting AstroWebApplicationTests on LP-GH1P882 with PID 23836 (started by shamikchandra.s in C:\Users\shamikchandra.s\OneDrive - HCL Technologies Ltd\Java\Spring\astro-web\astro-web)
2019-04-21 07:54:52,780 INFO org.springframework.boot.SpringApplication [main] The following profiles are active: springdatajpa
2019-04-21 07:54:57,922 INFO org.springframework.data.repository.config.RepositoryConfigurationDelegate [main] Bootstrapping Spring Data repositories in DEFAULT mode.
2019-04-21 07:54:58,263 INFO org.springframework.data.repository.config.RepositoryConfigurationDelegate [main] Finished Spring Data repository scanning in 297ms. Found 3 repository interfaces.
2019-04-21 07:55:00,666 INFO com.ulisesbocchio.jasyptspringboot.configuration.EnableEncryptablePropertiesBeanFactoryPostProcessor [main] Post-processing PropertySource instances
2019-04-21 07:55:01,117 INFO com.ulisesbocchio.jasyptspringboot.EncryptablePropertySourceConverter [main] Converting PropertySource configurationProperties [org.springframework.boot.context.properties.source.ConfigurationPropertySourcesPropertySource] to AOP Proxy
2019-04-21 07:55:01,117 INFO com.ulisesbocchio.jasyptspringboot.EncryptablePropertySourceConverter [main] Converting PropertySource Inlined Test Properties [org.springframework.core.env.MapPropertySource] to EncryptableMapPropertySourceWrapper
2019-04-21 07:55:01,117 INFO com.ulisesbocchio.jasyptspringboot.EncryptablePropertySourceConverter [main] Converting PropertySource systemProperties [org.springframework.core.env.MapPropertySource] to EncryptableMapPropertySourceWrapper
2019-04-21 07:55:01,133 INFO com.ulisesbocchio.jasyptspringboot.EncryptablePropertySourceConverter [main] Converting PropertySource systemEnvironment [org.springframework.boot.env.SystemEnvironmentPropertySourceEnvironmentPostProcessor$OriginAwareSystemEnvironmentPropertySource] to EncryptableMapPropertySourceWrapper
2019-04-21 07:55:01,133 INFO com.ulisesbocchio.jasyptspringboot.EncryptablePropertySourceConverter [main] Converting PropertySource random [org.springframework.boot.env.RandomValuePropertySource] to EncryptablePropertySourceWrapper
2019-04-21 07:55:01,133 INFO com.ulisesbocchio.jasyptspringboot.EncryptablePropertySourceConverter [main] Converting PropertySource applicationConfig: [classpath:/application.properties] [org.springframework.boot.env.OriginTrackedMapPropertySource] to EncryptableMapPropertySourceWrapper
2019-04-21 07:55:01,513 INFO com.ulisesbocchio.jasyptspringboot.filter.DefaultLazyPropertyFilter [main] Property Filter custom Bean not found with name 'encryptablePropertyFilter'. Initializing Default Property Filter
2019-04-21 07:55:01,739 INFO org.springframework.context.support.PostProcessorRegistrationDelegate$BeanPostProcessorChecker [main] Bean 'org.springframework.transaction.annotation.ProxyTransactionManagementConfiguration' of type [org.springframework.transaction.annotation.ProxyTransactionManagementConfiguration$$EnhancerBySpringCGLIB$$6c0bf288] is not eligible for getting processed by all BeanPostProcessors (for example: not eligible for auto-proxying)
2019-04-21 07:55:02,183 INFO com.ulisesbocchio.jasyptspringboot.resolver.DefaultLazyPropertyResolver [main] Property Resolver custom Bean not found with name 'encryptablePropertyResolver'. Initializing Default Property Resolver
2019-04-21 07:55:02,198 INFO com.ulisesbocchio.jasyptspringboot.detector.DefaultLazyPropertyDetector [main] Property Detector custom Bean not found with name 'encryptablePropertyDetector'. Initializing Default Property Detector
2019-04-21 07:55:03,170 INFO com.zaxxer.hikari.HikariDataSource [main] HikariPool-1 - Starting...
2019-04-21 07:55:05,781 INFO com.zaxxer.hikari.HikariDataSource [main] HikariPool-1 - Start completed.
2019-04-21 07:55:06,146 INFO org.hibernate.jpa.internal.util.LogHelper [main] HHH000204: Processing PersistenceUnitInfo [
	name: default
	...]
2019-04-21 07:55:06,618 INFO org.hibernate.Version [main] HHH000412: Hibernate Core {5.3.7.Final}
2019-04-21 07:55:06,618 INFO org.hibernate.cfg.Environment [main] HHH000206: hibernate.properties not found
2019-04-21 07:55:07,690 INFO org.hibernate.annotations.common.reflection.java.JavaReflectionManager [main] HCANN000001: Hibernate Commons Annotations {5.0.4.Final}
2019-04-21 07:55:11,440 INFO org.hibernate.dialect.Dialect [main] HHH000400: Using dialect: org.hibernate.dialect.MariaDB103Dialect
2019-04-21 07:55:13,434 WARN org.hibernate.boot.internal.InFlightMetadataCollectorImpl [main] HHH000069: Duplicate generator name sequence
2019-04-21 07:55:13,472 WARN org.hibernate.boot.internal.InFlightMetadataCollectorImpl [main] HHH000069: Duplicate generator name sequence
2019-04-21 07:55:13,488 WARN org.hibernate.boot.internal.InFlightMetadataCollectorImpl [main] HHH000069: Duplicate generator name sequence
2019-04-21 07:55:13,644 WARN org.hibernate.id.SequenceGenerator [main] HHH90000014: Found use of deprecated [org.hibernate.id.SequenceHiLoGenerator] sequence-based id generator; use org.hibernate.id.enhanced.SequenceStyleGenerator instead.  See Hibernate Domain Model Mapping Guide for details.
2019-04-21 07:55:13,660 WARN org.hibernate.id.SequenceGenerator [main] HHH90000014: Found use of deprecated [org.hibernate.id.SequenceHiLoGenerator] sequence-based id generator; use org.hibernate.id.enhanced.SequenceStyleGenerator instead.  See Hibernate Domain Model Mapping Guide for details.
2019-04-21 07:55:13,660 WARN org.hibernate.id.SequenceGenerator [main] HHH90000014: Found use of deprecated [org.hibernate.id.SequenceHiLoGenerator] sequence-based id generator; use org.hibernate.id.enhanced.SequenceStyleGenerator instead.  See Hibernate Domain Model Mapping Guide for details.
2019-04-21 07:55:13,675 WARN org.hibernate.id.SequenceGenerator [main] HHH90000014: Found use of deprecated [org.hibernate.id.SequenceHiLoGenerator] sequence-based id generator; use org.hibernate.id.enhanced.SequenceStyleGenerator instead.  See Hibernate Domain Model Mapping Guide for details.
2019-04-21 07:55:13,675 WARN org.hibernate.id.SequenceGenerator [main] HHH90000014: Found use of deprecated [org.hibernate.id.SequenceHiLoGenerator] sequence-based id generator; use org.hibernate.id.enhanced.SequenceStyleGenerator instead.  See Hibernate Domain Model Mapping Guide for details.
2019-04-21 07:55:19,097 INFO org.springframework.orm.jpa.AbstractEntityManagerFactoryBean [main] Initialized JPA EntityManagerFactory for persistence unit 'default'
2019-04-21 07:55:30,621 INFO org.springframework.scheduling.concurrent.ExecutorConfigurationSupport [main] Initializing ExecutorService 'applicationTaskExecutor'
2019-04-21 07:55:32,511 INFO org.springframework.boot.autoconfigure.web.servlet.WelcomePageHandlerMapping [main] Adding welcome page template: index
2019-04-21 07:55:34,311 INFO org.springframework.security.web.DefaultSecurityFilterChain [main] Creating filter chain: any request, [org.springframework.security.web.context.request.async.WebAsyncManagerIntegrationFilter@13cf5f8a, org.springframework.security.web.context.SecurityContextPersistenceFilter@f793f15, org.springframework.security.web.header.HeaderWriterFilter@352c3d70, org.springframework.security.web.authentication.logout.LogoutFilter@1e4d8770, org.springframework.security.web.authentication.UsernamePasswordAuthenticationFilter@e8c84eb, org.springframework.security.web.savedrequest.RequestCacheAwareFilter@5534e6f1, org.springframework.security.web.servletapi.SecurityContextHolderAwareRequestFilter@44485db, org.springframework.security.web.authentication.AnonymousAuthenticationFilter@7c9ea1d0, org.springframework.security.web.session.SessionManagementFilter@7d17906, org.springframework.security.web.access.ExceptionTranslationFilter@25dcf1b6, org.springframework.security.web.access.intercept.FilterSecurityInterceptor@18463720]
2019-04-21 07:55:34,969 INFO com.astrology.web.astroweb.repositories.bootstrap.UserLoader [main] Context refreshed. Reached UserLoader
2019-04-21 07:55:35,766 INFO org.hibernate.hql.internal.QueryTranslatorFactoryInitiator [main] HHH000397: Using ASTQueryTranslatorFactory
2019-04-21 07:55:44,178 INFO com.astrology.web.astroweb.repositories.bootstrap.UserLoader [main] Saved data User(firstName=Shamik, lastName=Sinha, email=abc@cd.com, password={bcrypt}$2a$10$xwv1sz.PI9e1Nsua94mQL.k7bJ9iciB7r2cDYXWD6anw8MrJ0ga3e, role=USER, textPass=null, username=abc@cd.com, phone=+919916099778, products=[], bookings=[], paymentOrders=[])
2019-04-21 07:55:44,178 INFO com.astrology.web.astroweb.repositories.bootstrap.UserLoader [main] Saved data User(firstName=Shamik1, lastName=Sinha1, email=abc@cde.com, password={bcrypt}$2a$10$AmzsTWA3xo2T4JPf97j/ZO6Af7y.JInrO35ooxsJOKRu4i.AUjEGG, role=USER, textPass=null, username=abc@cde.com, phone=+919916099778, products=[], bookings=[], paymentOrders=[])
2019-04-21 07:55:44,209 INFO org.springframework.boot.StartupInfoLogger [main] Started AstroWebApplicationTests in 53.217 seconds (JVM running for 57.504)
2019-04-21 07:55:45,394 INFO org.springframework.scheduling.concurrent.ExecutorConfigurationSupport [Thread-4] Shutting down ExecutorService 'applicationTaskExecutor'
2019-04-21 07:55:45,402 INFO org.springframework.orm.jpa.AbstractEntityManagerFactoryBean [Thread-4] Closing JPA EntityManagerFactory for persistence unit 'default'
2019-04-21 07:55:45,422 INFO com.zaxxer.hikari.HikariDataSource [Thread-4] HikariPool-1 - Shutdown initiated...
2019-04-21 07:55:45,628 INFO com.zaxxer.hikari.HikariDataSource [Thread-4] HikariPool-1 - Shutdown completed.
2019-04-21 09:01:02,139 INFO org.springframework.boot.StartupInfoLogger [main] Starting AstroWebApplicationTests on LP-GH1P882 with PID 16652 (started by shamikchandra.s in C:\Users\shamikchandra.s\OneDrive - HCL Technologies Ltd\Java\Spring\astro-web\astro-web)
2019-04-21 09:01:02,170 INFO org.springframework.boot.SpringApplication [main] The following profiles are active: springdatajpa
2019-04-21 09:01:06,983 INFO org.springframework.data.repository.config.RepositoryConfigurationDelegate [main] Bootstrapping Spring Data repositories in DEFAULT mode.
2019-04-21 09:01:07,311 INFO org.springframework.data.repository.config.RepositoryConfigurationDelegate [main] Finished Spring Data repository scanning in 266ms. Found 3 repository interfaces.
2019-04-21 09:01:10,529 INFO com.ulisesbocchio.jasyptspringboot.configuration.EnableEncryptablePropertiesBeanFactoryPostProcessor [main] Post-processing PropertySource instances
2019-04-21 09:01:10,983 INFO com.ulisesbocchio.jasyptspringboot.EncryptablePropertySourceConverter [main] Converting PropertySource configurationProperties [org.springframework.boot.context.properties.source.ConfigurationPropertySourcesPropertySource] to AOP Proxy
2019-04-21 09:01:10,983 INFO com.ulisesbocchio.jasyptspringboot.EncryptablePropertySourceConverter [main] Converting PropertySource Inlined Test Properties [org.springframework.core.env.MapPropertySource] to EncryptableMapPropertySourceWrapper
2019-04-21 09:01:10,983 INFO com.ulisesbocchio.jasyptspringboot.EncryptablePropertySourceConverter [main] Converting PropertySource systemProperties [org.springframework.core.env.MapPropertySource] to EncryptableMapPropertySourceWrapper
2019-04-21 09:01:10,998 INFO com.ulisesbocchio.jasyptspringboot.EncryptablePropertySourceConverter [main] Converting PropertySource systemEnvironment [org.springframework.boot.env.SystemEnvironmentPropertySourceEnvironmentPostProcessor$OriginAwareSystemEnvironmentPropertySource] to EncryptableMapPropertySourceWrapper
2019-04-21 09:01:10,998 INFO com.ulisesbocchio.jasyptspringboot.EncryptablePropertySourceConverter [main] Converting PropertySource random [org.springframework.boot.env.RandomValuePropertySource] to EncryptablePropertySourceWrapper
2019-04-21 09:01:10,998 INFO com.ulisesbocchio.jasyptspringboot.EncryptablePropertySourceConverter [main] Converting PropertySource applicationConfig: [classpath:/application.properties] [org.springframework.boot.env.OriginTrackedMapPropertySource] to EncryptableMapPropertySourceWrapper
2019-04-21 09:01:11,342 INFO com.ulisesbocchio.jasyptspringboot.filter.DefaultLazyPropertyFilter [main] Property Filter custom Bean not found with name 'encryptablePropertyFilter'. Initializing Default Property Filter
2019-04-21 09:01:11,592 INFO org.springframework.context.support.PostProcessorRegistrationDelegate$BeanPostProcessorChecker [main] Bean 'org.springframework.transaction.annotation.ProxyTransactionManagementConfiguration' of type [org.springframework.transaction.annotation.ProxyTransactionManagementConfiguration$$EnhancerBySpringCGLIB$$f6fe93db] is not eligible for getting processed by all BeanPostProcessors (for example: not eligible for auto-proxying)
2019-04-21 09:01:12,092 INFO com.ulisesbocchio.jasyptspringboot.resolver.DefaultLazyPropertyResolver [main] Property Resolver custom Bean not found with name 'encryptablePropertyResolver'. Initializing Default Property Resolver
2019-04-21 09:01:12,092 INFO com.ulisesbocchio.jasyptspringboot.detector.DefaultLazyPropertyDetector [main] Property Detector custom Bean not found with name 'encryptablePropertyDetector'. Initializing Default Property Detector
2019-04-21 09:01:13,654 INFO com.zaxxer.hikari.HikariDataSource [main] HikariPool-1 - Starting...
2019-04-21 09:01:17,358 INFO com.zaxxer.hikari.HikariDataSource [main] HikariPool-1 - Start completed.
2019-04-21 09:01:18,530 INFO org.hibernate.jpa.internal.util.LogHelper [main] HHH000204: Processing PersistenceUnitInfo [
	name: default
	...]
2019-04-21 09:01:21,889 INFO org.hibernate.Version [main] HHH000412: Hibernate Core {5.3.7.Final}
2019-04-21 09:01:21,889 INFO org.hibernate.cfg.Environment [main] HHH000206: hibernate.properties not found
2019-04-21 09:01:25,733 INFO org.hibernate.annotations.common.reflection.java.JavaReflectionManager [main] HCANN000001: Hibernate Commons Annotations {5.0.4.Final}
2019-04-21 09:01:27,545 INFO org.hibernate.dialect.Dialect [main] HHH000400: Using dialect: org.hibernate.dialect.MariaDB103Dialect
2019-04-21 09:01:29,061 WARN org.hibernate.boot.internal.InFlightMetadataCollectorImpl [main] HHH000069: Duplicate generator name sequence
2019-04-21 09:01:29,077 WARN org.hibernate.boot.internal.InFlightMetadataCollectorImpl [main] HHH000069: Duplicate generator name sequence
2019-04-21 09:01:29,077 WARN org.hibernate.boot.internal.InFlightMetadataCollectorImpl [main] HHH000069: Duplicate generator name sequence
2019-04-21 09:01:29,202 WARN org.hibernate.id.SequenceGenerator [main] HHH90000014: Found use of deprecated [org.hibernate.id.SequenceHiLoGenerator] sequence-based id generator; use org.hibernate.id.enhanced.SequenceStyleGenerator instead.  See Hibernate Domain Model Mapping Guide for details.
2019-04-21 09:01:29,217 WARN org.hibernate.id.SequenceGenerator [main] HHH90000014: Found use of deprecated [org.hibernate.id.SequenceHiLoGenerator] sequence-based id generator; use org.hibernate.id.enhanced.SequenceStyleGenerator instead.  See Hibernate Domain Model Mapping Guide for details.
2019-04-21 09:01:29,217 WARN org.hibernate.id.SequenceGenerator [main] HHH90000014: Found use of deprecated [org.hibernate.id.SequenceHiLoGenerator] sequence-based id generator; use org.hibernate.id.enhanced.SequenceStyleGenerator instead.  See Hibernate Domain Model Mapping Guide for details.
2019-04-21 09:01:29,217 WARN org.hibernate.id.SequenceGenerator [main] HHH90000014: Found use of deprecated [org.hibernate.id.SequenceHiLoGenerator] sequence-based id generator; use org.hibernate.id.enhanced.SequenceStyleGenerator instead.  See Hibernate Domain Model Mapping Guide for details.
2019-04-21 09:01:29,217 WARN org.hibernate.id.SequenceGenerator [main] HHH90000014: Found use of deprecated [org.hibernate.id.SequenceHiLoGenerator] sequence-based id generator; use org.hibernate.id.enhanced.SequenceStyleGenerator instead.  See Hibernate Domain Model Mapping Guide for details.
2019-04-21 09:01:34,248 INFO org.springframework.orm.jpa.AbstractEntityManagerFactoryBean [main] Initialized JPA EntityManagerFactory for persistence unit 'default'
2019-04-21 09:01:39,592 INFO org.springframework.scheduling.concurrent.ExecutorConfigurationSupport [main] Initializing ExecutorService 'applicationTaskExecutor'
2019-04-21 09:01:40,999 INFO org.springframework.boot.autoconfigure.web.servlet.WelcomePageHandlerMapping [main] Adding welcome page template: index
2019-04-21 09:01:42,827 INFO org.springframework.security.web.DefaultSecurityFilterChain [main] Creating filter chain: any request, [org.springframework.security.web.context.request.async.WebAsyncManagerIntegrationFilter@584136c1, org.springframework.security.web.context.SecurityContextPersistenceFilter@aa8dce8, org.springframework.security.web.header.HeaderWriterFilter@5d68954d, org.springframework.security.web.authentication.logout.LogoutFilter@14b5325f, org.springframework.security.web.authentication.UsernamePasswordAuthenticationFilter@4fa8297b, org.springframework.security.web.savedrequest.RequestCacheAwareFilter@18a0721b, org.springframework.security.web.servletapi.SecurityContextHolderAwareRequestFilter@6d4502ca, org.springframework.security.web.authentication.AnonymousAuthenticationFilter@51d88c38, org.springframework.security.web.session.SessionManagementFilter@3ec7eb5, org.springframework.security.web.access.ExceptionTranslationFilter@352c3d70, org.springframework.security.web.access.intercept.FilterSecurityInterceptor@4f525e13]
2019-04-21 09:01:43,327 INFO com.astrology.web.astroweb.repositories.bootstrap.UserLoader [main] Context refreshed. Reached UserLoader
2019-04-21 09:01:44,030 INFO org.hibernate.hql.internal.QueryTranslatorFactoryInitiator [main] HHH000397: Using ASTQueryTranslatorFactory
2019-04-21 09:01:53,077 INFO com.astrology.web.astroweb.repositories.bootstrap.UserLoader [main] Saved data User(firstName=Shamik, lastName=Sinha, email=abc@cd.com, password={bcrypt}$2a$10$Rje8p/XdQZlKBIxqgaM9QuXV3kDPO9W3EwdjckNf9EJKRH/JXgkjy, role=USER, textPass=null, username=abc@cd.com, phone=+919916099778, products=[], bookings=[], paymentOrders=[])
2019-04-21 09:01:53,077 INFO com.astrology.web.astroweb.repositories.bootstrap.UserLoader [main] Saved data User(firstName=Shamik1, lastName=Sinha1, email=abc@cde.com, password={bcrypt}$2a$10$n8GxPsMU2zGdr52YcWrqJ.HMP7tc62KrdxjkGZ5b9/V68W4QXoUdm, role=USER, textPass=null, username=abc@cde.com, phone=+919916099778, products=[], bookings=[], paymentOrders=[])
2019-04-21 09:01:53,124 INFO org.springframework.boot.StartupInfoLogger [main] Started AstroWebApplicationTests in 52.485 seconds (JVM running for 56.344)
2019-04-21 09:01:54,108 INFO org.springframework.scheduling.concurrent.ExecutorConfigurationSupport [Thread-4] Shutting down ExecutorService 'applicationTaskExecutor'
2019-04-21 09:01:54,108 INFO org.springframework.orm.jpa.AbstractEntityManagerFactoryBean [Thread-4] Closing JPA EntityManagerFactory for persistence unit 'default'
2019-04-21 09:01:54,124 INFO com.zaxxer.hikari.HikariDataSource [Thread-4] HikariPool-1 - Shutdown initiated...
2019-04-21 09:01:54,311 INFO com.zaxxer.hikari.HikariDataSource [Thread-4] HikariPool-1 - Shutdown completed.
2019-04-21 09:07:15,863 INFO org.springframework.boot.StartupInfoLogger [main] Starting AstroWebApplicationTests on LP-GH1P882 with PID 23484 (started by shamikchandra.s in C:\Users\shamikchandra.s\OneDrive - HCL Technologies Ltd\Java\Spring\astro-web\astro-web)
2019-04-21 09:07:15,879 INFO org.springframework.boot.SpringApplication [main] The following profiles are active: springdatajpa
2019-04-21 09:07:20,535 INFO org.springframework.data.repository.config.RepositoryConfigurationDelegate [main] Bootstrapping Spring Data repositories in DEFAULT mode.
2019-04-21 09:07:20,832 INFO org.springframework.data.repository.config.RepositoryConfigurationDelegate [main] Finished Spring Data repository scanning in 203ms. Found 3 repository interfaces.
2019-04-21 09:07:22,785 INFO com.ulisesbocchio.jasyptspringboot.configuration.EnableEncryptablePropertiesBeanFactoryPostProcessor [main] Post-processing PropertySource instances
2019-04-21 09:07:23,035 INFO com.ulisesbocchio.jasyptspringboot.EncryptablePropertySourceConverter [main] Converting PropertySource configurationProperties [org.springframework.boot.context.properties.source.ConfigurationPropertySourcesPropertySource] to AOP Proxy
2019-04-21 09:07:23,035 INFO com.ulisesbocchio.jasyptspringboot.EncryptablePropertySourceConverter [main] Converting PropertySource Inlined Test Properties [org.springframework.core.env.MapPropertySource] to EncryptableMapPropertySourceWrapper
2019-04-21 09:07:23,035 INFO com.ulisesbocchio.jasyptspringboot.EncryptablePropertySourceConverter [main] Converting PropertySource systemProperties [org.springframework.core.env.MapPropertySource] to EncryptableMapPropertySourceWrapper
2019-04-21 09:07:23,051 INFO com.ulisesbocchio.jasyptspringboot.EncryptablePropertySourceConverter [main] Converting PropertySource systemEnvironment [org.springframework.boot.env.SystemEnvironmentPropertySourceEnvironmentPostProcessor$OriginAwareSystemEnvironmentPropertySource] to EncryptableMapPropertySourceWrapper
2019-04-21 09:07:23,051 INFO com.ulisesbocchio.jasyptspringboot.EncryptablePropertySourceConverter [main] Converting PropertySource random [org.springframework.boot.env.RandomValuePropertySource] to EncryptablePropertySourceWrapper
2019-04-21 09:07:23,051 INFO com.ulisesbocchio.jasyptspringboot.EncryptablePropertySourceConverter [main] Converting PropertySource applicationConfig: [classpath:/application.properties] [org.springframework.boot.env.OriginTrackedMapPropertySource] to EncryptableMapPropertySourceWrapper
2019-04-21 09:07:23,285 INFO com.ulisesbocchio.jasyptspringboot.filter.DefaultLazyPropertyFilter [main] Property Filter custom Bean not found with name 'encryptablePropertyFilter'. Initializing Default Property Filter
2019-04-21 09:07:23,441 INFO org.springframework.context.support.PostProcessorRegistrationDelegate$BeanPostProcessorChecker [main] Bean 'org.springframework.transaction.annotation.ProxyTransactionManagementConfiguration' of type [org.springframework.transaction.annotation.ProxyTransactionManagementConfiguration$$EnhancerBySpringCGLIB$$6c0bf288] is not eligible for getting processed by all BeanPostProcessors (for example: not eligible for auto-proxying)
2019-04-21 09:07:23,769 INFO com.ulisesbocchio.jasyptspringboot.resolver.DefaultLazyPropertyResolver [main] Property Resolver custom Bean not found with name 'encryptablePropertyResolver'. Initializing Default Property Resolver
2019-04-21 09:07:23,816 INFO com.ulisesbocchio.jasyptspringboot.detector.DefaultLazyPropertyDetector [main] Property Detector custom Bean not found with name 'encryptablePropertyDetector'. Initializing Default Property Detector
2019-04-21 09:07:24,722 INFO com.zaxxer.hikari.HikariDataSource [main] HikariPool-1 - Starting...
2019-04-21 09:07:27,535 INFO com.zaxxer.hikari.HikariDataSource [main] HikariPool-1 - Start completed.
2019-04-21 09:07:28,035 INFO org.hibernate.jpa.internal.util.LogHelper [main] HHH000204: Processing PersistenceUnitInfo [
	name: default
	...]
2019-04-21 09:07:28,441 INFO org.hibernate.Version [main] HHH000412: Hibernate Core {5.3.7.Final}
2019-04-21 09:07:28,457 INFO org.hibernate.cfg.Environment [main] HHH000206: hibernate.properties not found
2019-04-21 09:07:29,941 INFO org.hibernate.annotations.common.reflection.java.JavaReflectionManager [main] HCANN000001: Hibernate Commons Annotations {5.0.4.Final}
2019-04-21 09:07:31,848 INFO org.hibernate.dialect.Dialect [main] HHH000400: Using dialect: org.hibernate.dialect.MariaDB103Dialect
2019-04-21 09:07:33,113 WARN org.hibernate.boot.internal.InFlightMetadataCollectorImpl [main] HHH000069: Duplicate generator name sequence
2019-04-21 09:07:33,129 WARN org.hibernate.boot.internal.InFlightMetadataCollectorImpl [main] HHH000069: Duplicate generator name sequence
2019-04-21 09:07:33,129 WARN org.hibernate.boot.internal.InFlightMetadataCollectorImpl [main] HHH000069: Duplicate generator name sequence
2019-04-21 09:07:33,269 WARN org.hibernate.id.SequenceGenerator [main] HHH90000014: Found use of deprecated [org.hibernate.id.SequenceHiLoGenerator] sequence-based id generator; use org.hibernate.id.enhanced.SequenceStyleGenerator instead.  See Hibernate Domain Model Mapping Guide for details.
2019-04-21 09:07:33,269 WARN org.hibernate.id.SequenceGenerator [main] HHH90000014: Found use of deprecated [org.hibernate.id.SequenceHiLoGenerator] sequence-based id generator; use org.hibernate.id.enhanced.SequenceStyleGenerator instead.  See Hibernate Domain Model Mapping Guide for details.
2019-04-21 09:07:33,285 WARN org.hibernate.id.SequenceGenerator [main] HHH90000014: Found use of deprecated [org.hibernate.id.SequenceHiLoGenerator] sequence-based id generator; use org.hibernate.id.enhanced.SequenceStyleGenerator instead.  See Hibernate Domain Model Mapping Guide for details.
2019-04-21 09:07:33,285 WARN org.hibernate.id.SequenceGenerator [main] HHH90000014: Found use of deprecated [org.hibernate.id.SequenceHiLoGenerator] sequence-based id generator; use org.hibernate.id.enhanced.SequenceStyleGenerator instead.  See Hibernate Domain Model Mapping Guide for details.
2019-04-21 09:07:33,285 WARN org.hibernate.id.SequenceGenerator [main] HHH90000014: Found use of deprecated [org.hibernate.id.SequenceHiLoGenerator] sequence-based id generator; use org.hibernate.id.enhanced.SequenceStyleGenerator instead.  See Hibernate Domain Model Mapping Guide for details.
2019-04-21 09:07:52,457 INFO org.springframework.orm.jpa.AbstractEntityManagerFactoryBean [main] Initialized JPA EntityManagerFactory for persistence unit 'default'
2019-04-21 09:07:57,942 INFO org.springframework.scheduling.concurrent.ExecutorConfigurationSupport [main] Initializing ExecutorService 'applicationTaskExecutor'
2019-04-21 09:07:59,801 INFO org.springframework.boot.autoconfigure.web.servlet.WelcomePageHandlerMapping [main] Adding welcome page template: index
2019-04-21 09:08:01,348 INFO org.springframework.security.web.DefaultSecurityFilterChain [main] Creating filter chain: any request, [org.springframework.security.web.context.request.async.WebAsyncManagerIntegrationFilter@5dd23809, org.springframework.security.web.context.SecurityContextPersistenceFilter@4d8f2cfd, org.springframework.security.web.header.HeaderWriterFilter@2ae2fa13, org.springframework.security.web.authentication.logout.LogoutFilter@62360a68, org.springframework.security.web.authentication.UsernamePasswordAuthenticationFilter@3ea2f72e, org.springframework.security.web.savedrequest.RequestCacheAwareFilter@ab2009f, org.springframework.security.web.servletapi.SecurityContextHolderAwareRequestFilter@13404f75, org.springframework.security.web.authentication.AnonymousAuthenticationFilter@664f49f, org.springframework.security.web.session.SessionManagementFilter@44485db, org.springframework.security.web.access.ExceptionTranslationFilter@4c6fc3e7, org.springframework.security.web.access.intercept.FilterSecurityInterceptor@283bb8b7]
2019-04-21 09:08:02,051 INFO com.astrology.web.astroweb.repositories.bootstrap.UserLoader [main] Context refreshed. Reached UserLoader
2019-04-21 09:08:02,832 INFO org.hibernate.hql.internal.QueryTranslatorFactoryInitiator [main] HHH000397: Using ASTQueryTranslatorFactory
2019-04-21 09:08:11,051 INFO com.astrology.web.astroweb.repositories.bootstrap.UserLoader [main] Saved data User(firstName=Shamik, lastName=Sinha, email=abc@cd.com, password={bcrypt}$2a$10$3sKuLM.rn3.5wGoF3RTYbekHdtL.xCKvostEDmjCkX/bPtnnElMeS, role=USER, textPass=null, username=abc@cd.com, phone=+919916099778, products=[], bookings=[], paymentOrders=[])
2019-04-21 09:08:11,051 INFO com.astrology.web.astroweb.repositories.bootstrap.UserLoader [main] Saved data User(firstName=Shamik1, lastName=Sinha1, email=abc@cde.com, password={bcrypt}$2a$10$hX6CQ1/J3/Xk38PKvoxTQ.5B0T9Uv/muVH1JAewF.5tq36MbLDsYe, role=USER, textPass=null, username=abc@cde.com, phone=+919916099778, products=[], bookings=[], paymentOrders=[])
2019-04-21 09:08:11,067 INFO org.springframework.boot.StartupInfoLogger [main] Started AstroWebApplicationTests in 57.938 seconds (JVM running for 62.862)
2019-04-21 09:08:11,707 INFO org.springframework.scheduling.concurrent.ExecutorConfigurationSupport [Thread-4] Shutting down ExecutorService 'applicationTaskExecutor'
2019-04-21 09:08:11,723 INFO org.springframework.orm.jpa.AbstractEntityManagerFactoryBean [Thread-4] Closing JPA EntityManagerFactory for persistence unit 'default'
2019-04-21 09:08:11,723 INFO com.zaxxer.hikari.HikariDataSource [Thread-4] HikariPool-1 - Shutdown initiated...
2019-04-21 09:08:11,926 INFO com.zaxxer.hikari.HikariDataSource [Thread-4] HikariPool-1 - Shutdown completed.
