2019-04-20 00:01:56,311 INFO org.apache.juli.logging.DirectJDKLog [http-nio-8080-exec-1] Initializing Spring DispatcherServlet 'dispatcherServlet'
2019-04-20 00:01:56,530 INFO org.springframework.web.servlet.FrameworkServlet [http-nio-8080-exec-1] Initializing Servlet 'dispatcherServlet'
2019-04-20 00:01:56,594 INFO org.springframework.web.servlet.FrameworkServlet [http-nio-8080-exec-1] Completed initialization in 64 ms
2019-04-20 00:01:57,157 INFO com.astrology.web.astroweb.controller.IndexController [http-nio-8080-exec-1] Month Name is APRIL
2019-04-20 00:01:57,204 INFO com.astrology.web.astroweb.controller.IndexController [http-nio-8080-exec-1] Redirecting to index page
2019-04-20 00:01:57,297 INFO com.astrology.web.astroweb.controller.IndexController [http-nio-8080-exec-2] Month Name is APRIL
2019-04-20 00:03:16,471 INFO com.astrology.web.astroweb.controller.IndexController [http-nio-8080-exec-9] Month Name is APRIL
2019-04-20 00:03:16,471 INFO com.astrology.web.astroweb.controller.IndexController [http-nio-8080-exec-9] Redirecting to index page
2019-04-20 00:03:16,491 INFO com.astrology.web.astroweb.controller.IndexController [http-nio-8080-exec-3] Month Name is APRIL
2019-04-20 00:03:16,698 INFO com.astrology.web.astroweb.controller.IndexController [http-nio-8080-exec-6] Month Name is APRIL
2019-04-20 00:05:21,712 INFO com.astrology.web.astroweb.controller.IndexController [http-nio-8080-exec-9] Month Name is APRIL
2019-04-20 01:08:47,019 WARN com.zaxxer.hikari.pool.HikariPool$HouseKeeper [HikariPool-1 housekeeper] HikariPool-1 - Thread starvation or clock leap detected (housekeeper delta=22m4s646ms796µs654ns).
2019-04-20 01:19:41,560 INFO com.astrology.web.astroweb.controller.IndexController [http-nio-8080-exec-8] Month Name is APRIL
2019-04-20 01:22:38,322 INFO com.astrology.web.astroweb.controller.IndexController [http-nio-8080-exec-2] Month Name is APRIL
2019-04-20 01:24:16,230 INFO com.astrology.web.astroweb.controller.IndexController [http-nio-8080-exec-1] Month Name is APRIL
2019-04-20 01:25:01,345 INFO com.astrology.web.astroweb.controller.IndexController [http-nio-8080-exec-2] Month Name is APRIL
2019-04-20 01:25:07,738 INFO com.astrology.web.astroweb.controller.IndexController [http-nio-8080-exec-8] Month Name is APRIL
2019-04-20 21:09:02,040 INFO org.springframework.boot.StartupInfoLogger [restartedMain] Starting AstroWebApplication on LP-GH1P882 with PID 1792 (started by shamikchandra.s in C:\Users\shamikchandra.s\OneDrive - HCL Technologies Ltd\Java\Spring\astro-web\astro-web)
2019-04-20 21:09:02,087 INFO org.springframework.boot.SpringApplication [restartedMain] The following profiles are active: springdatajpa
2019-04-20 21:09:02,415 INFO org.springframework.boot.logging.DeferredLog [restartedMain] Devtools property defaults active! Set 'spring.devtools.add-properties' to 'false' to disable
2019-04-20 21:09:02,415 INFO org.springframework.boot.logging.DeferredLog [restartedMain] For additional web related logging consider setting the 'logging.level.web' property to 'DEBUG'
2019-04-20 21:09:06,462 INFO org.springframework.data.repository.config.RepositoryConfigurationDelegate [restartedMain] Bootstrapping Spring Data repositories in DEFAULT mode.
2019-04-20 21:09:06,697 INFO org.springframework.data.repository.config.RepositoryConfigurationDelegate [restartedMain] Finished Spring Data repository scanning in 203ms. Found 3 repository interfaces.
2019-04-20 21:09:09,087 INFO com.ulisesbocchio.jasyptspringboot.configuration.EnableEncryptablePropertiesBeanFactoryPostProcessor [restartedMain] Post-processing PropertySource instances
2019-04-20 21:09:09,337 INFO com.ulisesbocchio.jasyptspringboot.EncryptablePropertySourceConverter [restartedMain] Converting PropertySource configurationProperties [org.springframework.boot.context.properties.source.ConfigurationPropertySourcesPropertySource] to AOP Proxy
2019-04-20 21:09:09,353 INFO com.ulisesbocchio.jasyptspringboot.EncryptablePropertySourceConverter [restartedMain] Converting PropertySource servletConfigInitParams [org.springframework.core.env.PropertySource$StubPropertySource] to EncryptablePropertySourceWrapper
2019-04-20 21:09:09,384 INFO com.ulisesbocchio.jasyptspringboot.EncryptablePropertySourceConverter [restartedMain] Converting PropertySource servletContextInitParams [org.springframework.core.env.PropertySource$StubPropertySource] to EncryptablePropertySourceWrapper
2019-04-20 21:09:09,384 INFO com.ulisesbocchio.jasyptspringboot.EncryptablePropertySourceConverter [restartedMain] Converting PropertySource systemProperties [org.springframework.core.env.MapPropertySource] to EncryptableMapPropertySourceWrapper
2019-04-20 21:09:09,384 INFO com.ulisesbocchio.jasyptspringboot.EncryptablePropertySourceConverter [restartedMain] Converting PropertySource systemEnvironment [org.springframework.boot.env.SystemEnvironmentPropertySourceEnvironmentPostProcessor$OriginAwareSystemEnvironmentPropertySource] to EncryptableMapPropertySourceWrapper
2019-04-20 21:09:09,400 INFO com.ulisesbocchio.jasyptspringboot.EncryptablePropertySourceConverter [restartedMain] Converting PropertySource random [org.springframework.boot.env.RandomValuePropertySource] to EncryptablePropertySourceWrapper
2019-04-20 21:09:09,416 INFO com.ulisesbocchio.jasyptspringboot.EncryptablePropertySourceConverter [restartedMain] Converting PropertySource applicationConfig: [classpath:/application.properties] [org.springframework.boot.env.OriginTrackedMapPropertySource] to EncryptableMapPropertySourceWrapper
2019-04-20 21:09:09,431 INFO com.ulisesbocchio.jasyptspringboot.EncryptablePropertySourceConverter [restartedMain] Converting PropertySource devtools [org.springframework.core.env.MapPropertySource] to EncryptableMapPropertySourceWrapper
2019-04-20 21:09:09,697 INFO com.ulisesbocchio.jasyptspringboot.filter.DefaultLazyPropertyFilter [restartedMain] Property Filter custom Bean not found with name 'encryptablePropertyFilter'. Initializing Default Property Filter
2019-04-20 21:09:09,837 INFO org.springframework.context.support.PostProcessorRegistrationDelegate$BeanPostProcessorChecker [restartedMain] Bean 'org.springframework.transaction.annotation.ProxyTransactionManagementConfiguration' of type [org.springframework.transaction.annotation.ProxyTransactionManagementConfiguration$$EnhancerBySpringCGLIB$$21cb9fe1] is not eligible for getting processed by all BeanPostProcessors (for example: not eligible for auto-proxying)
2019-04-20 21:09:10,275 INFO com.ulisesbocchio.jasyptspringboot.resolver.DefaultLazyPropertyResolver [restartedMain] Property Resolver custom Bean not found with name 'encryptablePropertyResolver'. Initializing Default Property Resolver
2019-04-20 21:09:10,306 INFO com.ulisesbocchio.jasyptspringboot.detector.DefaultLazyPropertyDetector [restartedMain] Property Detector custom Bean not found with name 'encryptablePropertyDetector'. Initializing Default Property Detector
2019-04-20 21:09:12,587 INFO org.springframework.boot.web.embedded.tomcat.TomcatWebServer [restartedMain] Tomcat initialized with port(s): 8080 (http)
2019-04-20 21:09:12,728 INFO org.apache.juli.logging.DirectJDKLog [restartedMain] Initializing ProtocolHandler ["http-nio-8080"]
2019-04-20 21:09:12,806 INFO org.apache.juli.logging.DirectJDKLog [restartedMain] Starting service [Tomcat]
2019-04-20 21:09:12,806 INFO org.apache.juli.logging.DirectJDKLog [restartedMain] Starting Servlet engine: [Apache Tomcat/9.0.16]
2019-04-20 21:09:12,853 INFO org.apache.juli.logging.DirectJDKLog [restartedMain] The APR based Apache Tomcat Native library which allows optimal performance in production environments was not found on the java.library.path: [C:\Users\shamikchandra.s\OneDrive - HCL Technologies Ltd\Java\Java\jdk\jre\bin;C:\WINDOWS\Sun\Java\bin;C:\WINDOWS\system32;C:\WINDOWS;C:\Users\shamikchandra.s\OneDrive - HCL Technologies Ltd\Java\Java\jdk\bin;C:\Users\shamikchandra.s\OneDrive - HCL Technologies Ltd\Java\Eclipse\eclipse-jee-2018-09-win32\eclipse;C:\Users\shamikchandra.s\OneDrive - HCL Technologies Ltd\PortableNodeDevEnv\sass-1.17.2;C:\Users\shamikchandra.s\OneDrive - HCL Technologies Ltd\PortableNodeDevEnv\git\bin;C:\Users\shamikchandra.s\OneDrive - HCL Technologies Ltd\PortableNodeDevEnv\nodejs;C:\Users\shamikchandra.s\OneDrive - HCL Technologies Ltd\Python\python-3.6.8-embed-amd64\Scripts;C:\Users\shamikchandra.s\OneDrive - HCL Technologies Ltd\Python\python-3.6.8-embed-amd64;C:\Program Files (x86)\Common Files\Oracle\Java\javapath;C:\WINDOWS\system32;C:\WINDOWS;C:\WINDOWS\System32\Wbem;C:\WINDOWS\System32\WindowsPowerShell\v1.0\;C:\Windows\CCM;C:\Users\shamikchandra.s\AppData\Local\Microsoft\WindowsApps;;.]
2019-04-20 21:09:13,822 INFO org.apache.juli.logging.DirectJDKLog [restartedMain] Initializing Spring embedded WebApplicationContext
2019-04-20 21:09:13,822 INFO org.springframework.boot.web.servlet.context.ServletWebServerApplicationContext [restartedMain] Root WebApplicationContext: initialization completed in 11407 ms
2019-04-20 21:09:14,806 INFO com.zaxxer.hikari.HikariDataSource [restartedMain] HikariPool-1 - Starting...
2019-04-20 21:09:17,963 INFO com.zaxxer.hikari.HikariDataSource [restartedMain] HikariPool-1 - Start completed.
2019-04-20 21:09:18,244 INFO org.hibernate.jpa.internal.util.LogHelper [restartedMain] HHH000204: Processing PersistenceUnitInfo [
	name: default
	...]
2019-04-20 21:09:18,619 INFO org.hibernate.Version [restartedMain] HHH000412: Hibernate Core {5.3.7.Final}
2019-04-20 21:09:18,634 INFO org.hibernate.cfg.Environment [restartedMain] HHH000206: hibernate.properties not found
2019-04-20 21:09:19,400 INFO org.hibernate.annotations.common.reflection.java.JavaReflectionManager [restartedMain] HCANN000001: Hibernate Commons Annotations {5.0.4.Final}
2019-04-20 21:09:20,728 INFO org.hibernate.dialect.Dialect [restartedMain] HHH000400: Using dialect: org.hibernate.dialect.MariaDB103Dialect
2019-04-20 21:09:21,884 WARN org.hibernate.boot.internal.InFlightMetadataCollectorImpl [restartedMain] HHH000069: Duplicate generator name sequence
2019-04-20 21:09:21,916 WARN org.hibernate.boot.internal.InFlightMetadataCollectorImpl [restartedMain] HHH000069: Duplicate generator name sequence
2019-04-20 21:09:21,931 WARN org.hibernate.boot.internal.InFlightMetadataCollectorImpl [restartedMain] HHH000069: Duplicate generator name sequence
2019-04-20 21:09:22,072 WARN org.hibernate.id.SequenceGenerator [restartedMain] HHH90000014: Found use of deprecated [org.hibernate.id.SequenceHiLoGenerator] sequence-based id generator; use org.hibernate.id.enhanced.SequenceStyleGenerator instead.  See Hibernate Domain Model Mapping Guide for details.
2019-04-20 21:09:22,103 WARN org.hibernate.id.SequenceGenerator [restartedMain] HHH90000014: Found use of deprecated [org.hibernate.id.SequenceHiLoGenerator] sequence-based id generator; use org.hibernate.id.enhanced.SequenceStyleGenerator instead.  See Hibernate Domain Model Mapping Guide for details.
2019-04-20 21:09:22,103 WARN org.hibernate.id.SequenceGenerator [restartedMain] HHH90000014: Found use of deprecated [org.hibernate.id.SequenceHiLoGenerator] sequence-based id generator; use org.hibernate.id.enhanced.SequenceStyleGenerator instead.  See Hibernate Domain Model Mapping Guide for details.
2019-04-20 21:09:22,103 WARN org.hibernate.id.SequenceGenerator [restartedMain] HHH90000014: Found use of deprecated [org.hibernate.id.SequenceHiLoGenerator] sequence-based id generator; use org.hibernate.id.enhanced.SequenceStyleGenerator instead.  See Hibernate Domain Model Mapping Guide for details.
2019-04-20 21:09:22,119 WARN org.hibernate.id.SequenceGenerator [restartedMain] HHH90000014: Found use of deprecated [org.hibernate.id.SequenceHiLoGenerator] sequence-based id generator; use org.hibernate.id.enhanced.SequenceStyleGenerator instead.  See Hibernate Domain Model Mapping Guide for details.
2019-04-20 21:09:35,322 INFO org.springframework.orm.jpa.AbstractEntityManagerFactoryBean [restartedMain] Initialized JPA EntityManagerFactory for persistence unit 'default'
2019-04-20 21:09:35,385 INFO org.springframework.boot.devtools.autoconfigure.OptionalLiveReloadServer [restartedMain] LiveReload server is running on port 35729
2019-04-20 21:09:38,572 INFO org.springframework.scheduling.concurrent.ExecutorConfigurationSupport [restartedMain] Initializing ExecutorService 'applicationTaskExecutor'
2019-04-20 21:09:39,197 INFO org.springframework.boot.autoconfigure.web.servlet.WelcomePageHandlerMapping [restartedMain] Adding welcome page template: index
2019-04-20 21:09:39,900 INFO org.springframework.security.web.DefaultSecurityFilterChain [restartedMain] Creating filter chain: any request, [org.springframework.security.web.context.request.async.WebAsyncManagerIntegrationFilter@21ef07f1, org.springframework.security.web.context.SecurityContextPersistenceFilter@5ccd898, org.springframework.security.web.header.HeaderWriterFilter@6bc04a02, org.springframework.security.web.authentication.logout.LogoutFilter@71d9473a, org.springframework.security.web.authentication.UsernamePasswordAuthenticationFilter@35a12176, org.springframework.security.web.savedrequest.RequestCacheAwareFilter@2141bbed, org.springframework.security.web.servletapi.SecurityContextHolderAwareRequestFilter@1a72f3fa, org.springframework.security.web.authentication.AnonymousAuthenticationFilter@50e8d3ff, org.springframework.security.web.session.SessionManagementFilter@590f84ad, org.springframework.security.web.access.ExceptionTranslationFilter@75339c7d, org.springframework.security.web.access.intercept.FilterSecurityInterceptor@7bcc7656]
2019-04-20 21:09:40,541 INFO com.astrology.web.astroweb.repositories.bootstrap.UserLoader [restartedMain] Context refreshed. Reached UserLoader
2019-04-20 21:09:41,228 INFO org.hibernate.hql.internal.QueryTranslatorFactoryInitiator [restartedMain] HHH000397: Using ASTQueryTranslatorFactory
2019-04-20 21:09:49,197 INFO com.astrology.web.astroweb.repositories.bootstrap.UserLoader [restartedMain] Saved data User(firstName=Shamik, lastName=Sinha, email=abc@cd.com, password={bcrypt}$2a$10$ZHQW9nfCWuOWfREpLEV7deUoabA5K97rA4tf8QCP5bucO.450SfiW, role=USER, textPass=null, username=abc@cd.com, phone=+919916099778, products=[], bookings=[], paymentOrders=[])
2019-04-20 21:09:49,197 INFO com.astrology.web.astroweb.repositories.bootstrap.UserLoader [restartedMain] Saved data User(firstName=Shamik1, lastName=Sinha1, email=abc@cde.com, password={bcrypt}$2a$10$nzriy8.EapAvtEJiObQJr.m.TPY7ZmWJ9xiY5tuz7AdRQHuYk9N8K, role=USER, textPass=null, username=abc@cde.com, phone=+919916099778, products=[], bookings=[], paymentOrders=[])
2019-04-20 21:09:49,229 INFO org.apache.juli.logging.DirectJDKLog [restartedMain] Starting ProtocolHandler ["http-nio-8080"]
2019-04-20 21:09:49,416 INFO org.springframework.boot.web.embedded.tomcat.TomcatWebServer [restartedMain] Tomcat started on port(s): 8080 (http) with context path ''
2019-04-20 21:09:49,432 INFO org.springframework.boot.StartupInfoLogger [restartedMain] Started AstroWebApplication in 49.36 seconds (JVM running for 51.862)
2019-04-20 21:10:57,308 INFO org.apache.juli.logging.DirectJDKLog [http-nio-8080-exec-1] Initializing Spring DispatcherServlet 'dispatcherServlet'
2019-04-20 21:10:57,308 INFO org.springframework.web.servlet.FrameworkServlet [http-nio-8080-exec-1] Initializing Servlet 'dispatcherServlet'
2019-04-20 21:10:57,355 INFO org.springframework.web.servlet.FrameworkServlet [http-nio-8080-exec-1] Completed initialization in 47 ms
2019-04-20 21:10:57,652 INFO com.astrology.web.astroweb.controller.IndexController [http-nio-8080-exec-1] Month Name is APRIL
2019-04-20 21:10:57,683 INFO com.astrology.web.astroweb.controller.IndexController [http-nio-8080-exec-1] Redirecting to index page
2019-04-20 21:10:57,777 INFO com.astrology.web.astroweb.controller.IndexController [http-nio-8080-exec-2] Month Name is APRIL
2019-04-20 21:11:25,422 INFO com.astrology.web.astroweb.controller.IndexController [http-nio-8080-exec-5] Month Name is APRIL
2019-04-20 21:11:50,528 INFO com.astrology.web.astroweb.controller.IndexController [http-nio-8080-exec-9] Month Name is APRIL
2019-04-20 21:35:59,865 INFO com.astrology.web.astroweb.controller.IndexController [http-nio-8080-exec-7] Month Name is APRIL
2019-04-20 21:41:40,524 INFO com.astrology.web.astroweb.controller.IndexController [http-nio-8080-exec-7] Month Name is APRIL
2019-04-20 21:43:44,974 INFO com.astrology.web.astroweb.controller.IndexController [http-nio-8080-exec-4] Month Name is APRIL
2019-04-20 21:44:48,277 INFO com.astrology.web.astroweb.controller.IndexController [http-nio-8080-exec-2] Month Name is APRIL
2019-04-20 21:44:48,308 INFO com.astrology.web.astroweb.controller.IndexController [http-nio-8080-exec-2] Redirecting to index page
2019-04-20 21:44:49,200 INFO com.astrology.web.astroweb.controller.IndexController [http-nio-8080-exec-11] Month Name is APRIL
2019-04-20 21:45:15,486 INFO com.astrology.web.astroweb.controller.IndexController [http-nio-8080-exec-11] Month Name is APRIL
2019-04-20 21:48:15,384 INFO org.springframework.boot.StartupInfoLogger [restartedMain] Starting AstroWebApplication on LP-GH1P882 with PID 21012 (started by shamikchandra.s in C:\Users\shamikchandra.s\OneDrive - HCL Technologies Ltd\Java\Spring\astro-web\astro-web)
2019-04-20 21:48:15,400 INFO org.springframework.boot.SpringApplication [restartedMain] The following profiles are active: springdatajpa
2019-04-20 21:48:15,525 INFO org.springframework.boot.logging.DeferredLog [restartedMain] Devtools property defaults active! Set 'spring.devtools.add-properties' to 'false' to disable
2019-04-20 21:48:15,540 INFO org.springframework.boot.logging.DeferredLog [restartedMain] For additional web related logging consider setting the 'logging.level.web' property to 'DEBUG'
2019-04-20 21:48:18,447 INFO org.springframework.data.repository.config.RepositoryConfigurationDelegate [restartedMain] Bootstrapping Spring Data repositories in DEFAULT mode.
2019-04-20 21:48:18,712 INFO org.springframework.data.repository.config.RepositoryConfigurationDelegate [restartedMain] Finished Spring Data repository scanning in 234ms. Found 3 repository interfaces.
2019-04-20 21:48:25,806 INFO com.ulisesbocchio.jasyptspringboot.configuration.EnableEncryptablePropertiesBeanFactoryPostProcessor [restartedMain] Post-processing PropertySource instances
2019-04-20 21:48:26,119 INFO com.ulisesbocchio.jasyptspringboot.EncryptablePropertySourceConverter [restartedMain] Converting PropertySource configurationProperties [org.springframework.boot.context.properties.source.ConfigurationPropertySourcesPropertySource] to AOP Proxy
2019-04-20 21:48:26,119 INFO com.ulisesbocchio.jasyptspringboot.EncryptablePropertySourceConverter [restartedMain] Converting PropertySource servletConfigInitParams [org.springframework.core.env.PropertySource$StubPropertySource] to EncryptablePropertySourceWrapper
2019-04-20 21:48:26,119 INFO com.ulisesbocchio.jasyptspringboot.EncryptablePropertySourceConverter [restartedMain] Converting PropertySource servletContextInitParams [org.springframework.core.env.PropertySource$StubPropertySource] to EncryptablePropertySourceWrapper
2019-04-20 21:48:26,134 INFO com.ulisesbocchio.jasyptspringboot.EncryptablePropertySourceConverter [restartedMain] Converting PropertySource systemProperties [org.springframework.core.env.MapPropertySource] to EncryptableMapPropertySourceWrapper
2019-04-20 21:48:26,134 INFO com.ulisesbocchio.jasyptspringboot.EncryptablePropertySourceConverter [restartedMain] Converting PropertySource systemEnvironment [org.springframework.boot.env.SystemEnvironmentPropertySourceEnvironmentPostProcessor$OriginAwareSystemEnvironmentPropertySource] to EncryptableMapPropertySourceWrapper
2019-04-20 21:48:26,134 INFO com.ulisesbocchio.jasyptspringboot.EncryptablePropertySourceConverter [restartedMain] Converting PropertySource random [org.springframework.boot.env.RandomValuePropertySource] to EncryptablePropertySourceWrapper
2019-04-20 21:48:26,134 INFO com.ulisesbocchio.jasyptspringboot.EncryptablePropertySourceConverter [restartedMain] Converting PropertySource applicationConfig: [classpath:/application.properties] [org.springframework.boot.env.OriginTrackedMapPropertySource] to EncryptableMapPropertySourceWrapper
2019-04-20 21:48:26,150 INFO com.ulisesbocchio.jasyptspringboot.EncryptablePropertySourceConverter [restartedMain] Converting PropertySource devtools [org.springframework.core.env.MapPropertySource] to EncryptableMapPropertySourceWrapper
2019-04-20 21:48:26,431 INFO com.ulisesbocchio.jasyptspringboot.filter.DefaultLazyPropertyFilter [restartedMain] Property Filter custom Bean not found with name 'encryptablePropertyFilter'. Initializing Default Property Filter
2019-04-20 21:48:26,587 INFO org.springframework.context.support.PostProcessorRegistrationDelegate$BeanPostProcessorChecker [restartedMain] Bean 'org.springframework.transaction.annotation.ProxyTransactionManagementConfiguration' of type [org.springframework.transaction.annotation.ProxyTransactionManagementConfiguration$$EnhancerBySpringCGLIB$$133614bb] is not eligible for getting processed by all BeanPostProcessors (for example: not eligible for auto-proxying)
2019-04-20 21:48:26,978 INFO com.ulisesbocchio.jasyptspringboot.resolver.DefaultLazyPropertyResolver [restartedMain] Property Resolver custom Bean not found with name 'encryptablePropertyResolver'. Initializing Default Property Resolver
2019-04-20 21:48:26,994 INFO com.ulisesbocchio.jasyptspringboot.detector.DefaultLazyPropertyDetector [restartedMain] Property Detector custom Bean not found with name 'encryptablePropertyDetector'. Initializing Default Property Detector
2019-04-20 21:48:30,041 INFO org.springframework.boot.web.embedded.tomcat.TomcatWebServer [restartedMain] Tomcat initialized with port(s): 8080 (http)
2019-04-20 21:48:30,338 INFO org.apache.juli.logging.DirectJDKLog [restartedMain] Initializing ProtocolHandler ["http-nio-8080"]
2019-04-20 21:48:30,416 INFO org.apache.juli.logging.DirectJDKLog [restartedMain] Starting service [Tomcat]
2019-04-20 21:48:30,416 INFO org.apache.juli.logging.DirectJDKLog [restartedMain] Starting Servlet engine: [Apache Tomcat/9.0.16]
2019-04-20 21:48:30,463 INFO org.apache.juli.logging.DirectJDKLog [restartedMain] The APR based Apache Tomcat Native library which allows optimal performance in production environments was not found on the java.library.path: [C:\Users\shamikchandra.s\OneDrive - HCL Technologies Ltd\Java\Java\jdk\jre\bin;C:\WINDOWS\Sun\Java\bin;C:\WINDOWS\system32;C:\WINDOWS;C:\Users\shamikchandra.s\OneDrive - HCL Technologies Ltd\Java\Java\jdk\bin;C:\Users\shamikchandra.s\OneDrive - HCL Technologies Ltd\Java\Eclipse\eclipse-jee-2018-09-win32\eclipse;C:\Users\shamikchandra.s\OneDrive - HCL Technologies Ltd\PortableNodeDevEnv\sass-1.17.2;C:\Users\shamikchandra.s\OneDrive - HCL Technologies Ltd\PortableNodeDevEnv\git\bin;C:\Users\shamikchandra.s\OneDrive - HCL Technologies Ltd\PortableNodeDevEnv\nodejs;C:\Users\shamikchandra.s\OneDrive - HCL Technologies Ltd\Python\python-3.6.8-embed-amd64\Scripts;C:\Users\shamikchandra.s\OneDrive - HCL Technologies Ltd\Python\python-3.6.8-embed-amd64;C:\Program Files (x86)\Common Files\Oracle\Java\javapath;C:\WINDOWS\system32;C:\WINDOWS;C:\WINDOWS\System32\Wbem;C:\WINDOWS\System32\WindowsPowerShell\v1.0\;C:\Windows\CCM;C:\Users\shamikchandra.s\AppData\Local\Microsoft\WindowsApps;;.]
2019-04-20 21:48:31,384 INFO org.apache.juli.logging.DirectJDKLog [restartedMain] Initializing Spring embedded WebApplicationContext
2019-04-20 21:48:31,400 INFO org.springframework.boot.web.servlet.context.ServletWebServerApplicationContext [restartedMain] Root WebApplicationContext: initialization completed in 15860 ms
2019-04-20 21:48:32,291 INFO com.zaxxer.hikari.HikariDataSource [restartedMain] HikariPool-1 - Starting...
2019-04-20 21:48:34,494 INFO com.zaxxer.hikari.HikariDataSource [restartedMain] HikariPool-1 - Start completed.
2019-04-20 21:48:34,759 INFO org.hibernate.jpa.internal.util.LogHelper [restartedMain] HHH000204: Processing PersistenceUnitInfo [
	name: default
	...]
2019-04-20 21:48:35,291 INFO org.hibernate.Version [restartedMain] HHH000412: Hibernate Core {5.3.7.Final}
2019-04-20 21:48:35,306 INFO org.hibernate.cfg.Environment [restartedMain] HHH000206: hibernate.properties not found
2019-04-20 21:48:36,134 INFO org.hibernate.annotations.common.reflection.java.JavaReflectionManager [restartedMain] HCANN000001: Hibernate Commons Annotations {5.0.4.Final}
2019-04-20 21:48:38,041 INFO org.hibernate.dialect.Dialect [restartedMain] HHH000400: Using dialect: org.hibernate.dialect.MariaDB103Dialect
2019-04-20 21:48:41,463 WARN org.hibernate.boot.internal.InFlightMetadataCollectorImpl [restartedMain] HHH000069: Duplicate generator name sequence
2019-04-20 21:48:41,478 WARN org.hibernate.boot.internal.InFlightMetadataCollectorImpl [restartedMain] HHH000069: Duplicate generator name sequence
2019-04-20 21:48:41,494 WARN org.hibernate.boot.internal.InFlightMetadataCollectorImpl [restartedMain] HHH000069: Duplicate generator name sequence
2019-04-20 21:48:41,697 WARN org.hibernate.id.SequenceGenerator [restartedMain] HHH90000014: Found use of deprecated [org.hibernate.id.SequenceHiLoGenerator] sequence-based id generator; use org.hibernate.id.enhanced.SequenceStyleGenerator instead.  See Hibernate Domain Model Mapping Guide for details.
2019-04-20 21:48:41,728 WARN org.hibernate.id.SequenceGenerator [restartedMain] HHH90000014: Found use of deprecated [org.hibernate.id.SequenceHiLoGenerator] sequence-based id generator; use org.hibernate.id.enhanced.SequenceStyleGenerator instead.  See Hibernate Domain Model Mapping Guide for details.
2019-04-20 21:48:41,728 WARN org.hibernate.id.SequenceGenerator [restartedMain] HHH90000014: Found use of deprecated [org.hibernate.id.SequenceHiLoGenerator] sequence-based id generator; use org.hibernate.id.enhanced.SequenceStyleGenerator instead.  See Hibernate Domain Model Mapping Guide for details.
2019-04-20 21:48:41,728 WARN org.hibernate.id.SequenceGenerator [restartedMain] HHH90000014: Found use of deprecated [org.hibernate.id.SequenceHiLoGenerator] sequence-based id generator; use org.hibernate.id.enhanced.SequenceStyleGenerator instead.  See Hibernate Domain Model Mapping Guide for details.
2019-04-20 21:48:41,728 WARN org.hibernate.id.SequenceGenerator [restartedMain] HHH90000014: Found use of deprecated [org.hibernate.id.SequenceHiLoGenerator] sequence-based id generator; use org.hibernate.id.enhanced.SequenceStyleGenerator instead.  See Hibernate Domain Model Mapping Guide for details.
2019-04-20 21:48:51,244 INFO org.springframework.orm.jpa.AbstractEntityManagerFactoryBean [restartedMain] Initialized JPA EntityManagerFactory for persistence unit 'default'
2019-04-20 21:48:51,291 INFO org.springframework.boot.devtools.autoconfigure.OptionalLiveReloadServer [restartedMain] LiveReload server is running on port 35729
2019-04-20 21:48:54,494 INFO org.springframework.scheduling.concurrent.ExecutorConfigurationSupport [restartedMain] Initializing ExecutorService 'applicationTaskExecutor'
2019-04-20 21:48:55,260 INFO org.springframework.boot.autoconfigure.web.servlet.WelcomePageHandlerMapping [restartedMain] Adding welcome page template: index
2019-04-20 21:48:56,307 INFO org.springframework.security.web.DefaultSecurityFilterChain [restartedMain] Creating filter chain: any request, [org.springframework.security.web.context.request.async.WebAsyncManagerIntegrationFilter@3dedcfdf, org.springframework.security.web.context.SecurityContextPersistenceFilter@69ee8397, org.springframework.security.web.header.HeaderWriterFilter@1c8892f, org.springframework.security.web.authentication.logout.LogoutFilter@7f81155a, org.springframework.security.web.authentication.UsernamePasswordAuthenticationFilter@6f4bce8a, org.springframework.security.web.savedrequest.RequestCacheAwareFilter@f2aee40, org.springframework.security.web.servletapi.SecurityContextHolderAwareRequestFilter@14429cce, org.springframework.security.web.authentication.AnonymousAuthenticationFilter@4137196a, org.springframework.security.web.session.SessionManagementFilter@68ccf682, org.springframework.security.web.access.ExceptionTranslationFilter@5671dbd7, org.springframework.security.web.access.intercept.FilterSecurityInterceptor@2828972f]
2019-04-20 21:48:57,135 INFO com.astrology.web.astroweb.repositories.bootstrap.UserLoader [restartedMain] Context refreshed. Reached UserLoader
2019-04-20 21:48:57,822 INFO org.hibernate.hql.internal.QueryTranslatorFactoryInitiator [restartedMain] HHH000397: Using ASTQueryTranslatorFactory
2019-04-20 21:49:05,550 INFO com.astrology.web.astroweb.repositories.bootstrap.UserLoader [restartedMain] Saved data User(firstName=Shamik, lastName=Sinha, email=abc@cd.com, password={bcrypt}$2a$10$3cmB2oEvsvu/gnLDNDiWrOeaKoEC1tx9Nh4BUMllcjCCrH56nUJBy, role=USER, textPass=null, username=abc@cd.com, phone=+919916099778, products=[], bookings=[], paymentOrders=[])
2019-04-20 21:49:05,550 INFO com.astrology.web.astroweb.repositories.bootstrap.UserLoader [restartedMain] Saved data User(firstName=Shamik1, lastName=Sinha1, email=abc@cde.com, password={bcrypt}$2a$10$vXx..kO2yjSEF9x4/zCf5uIKVsUN0/GTq/plBksC.p/XCszgBlSd6, role=USER, textPass=null, username=abc@cde.com, phone=+919916099778, products=[], bookings=[], paymentOrders=[])
2019-04-20 21:49:05,566 INFO org.apache.juli.logging.DirectJDKLog [restartedMain] Starting ProtocolHandler ["http-nio-8080"]
2019-04-20 21:49:05,753 INFO org.springframework.boot.web.embedded.tomcat.TomcatWebServer [restartedMain] Tomcat started on port(s): 8080 (http) with context path ''
2019-04-20 21:49:05,753 INFO org.springframework.boot.StartupInfoLogger [restartedMain] Started AstroWebApplication in 51.65 seconds (JVM running for 54.465)
2019-04-20 21:49:29,013 INFO org.apache.juli.logging.DirectJDKLog [http-nio-8080-exec-1] Initializing Spring DispatcherServlet 'dispatcherServlet'
2019-04-20 21:49:29,044 INFO org.springframework.web.servlet.FrameworkServlet [http-nio-8080-exec-1] Initializing Servlet 'dispatcherServlet'
2019-04-20 21:49:29,122 INFO org.springframework.web.servlet.FrameworkServlet [http-nio-8080-exec-1] Completed initialization in 78 ms
2019-04-20 21:49:29,403 INFO com.astrology.web.astroweb.controller.IndexController [http-nio-8080-exec-1] Month Name is APRIL
2019-04-20 21:49:29,544 INFO com.astrology.web.astroweb.controller.IndexController [http-nio-8080-exec-1] Redirecting to index page
2019-04-20 21:49:29,606 INFO com.astrology.web.astroweb.controller.IndexController [http-nio-8080-exec-2] Month Name is APRIL
2019-04-20 21:49:36,304 INFO com.astrology.web.astroweb.controller.IndexController [http-nio-8080-exec-4] Month Name is APRIL
2019-04-20 21:49:58,835 INFO com.astrology.web.astroweb.controller.IndexController [http-nio-8080-exec-7] Month Name is APRIL
2019-04-20 21:50:54,008 INFO com.astrology.web.astroweb.controller.IndexController [http-nio-8080-exec-1] Month Name is APRIL
2019-04-20 21:51:04,917 INFO com.astrology.web.astroweb.controller.IndexController [http-nio-8080-exec-4] Month Name is APRIL
2019-04-20 21:53:38,817 INFO org.springframework.scheduling.concurrent.ExecutorConfigurationSupport [Thread-6] Shutting down ExecutorService 'applicationTaskExecutor'
2019-04-20 21:53:40,536 INFO org.springframework.orm.jpa.AbstractEntityManagerFactoryBean [Thread-6] Closing JPA EntityManagerFactory for persistence unit 'default'
2019-04-20 21:53:51,208 INFO com.zaxxer.hikari.HikariDataSource [Thread-6] HikariPool-1 - Shutdown initiated...
2019-04-20 21:53:52,147 INFO com.zaxxer.hikari.HikariDataSource [Thread-6] HikariPool-1 - Shutdown completed.
2019-04-20 21:55:44,233 INFO org.springframework.boot.StartupInfoLogger [restartedMain] Starting AstroWebApplication on LP-GH1P882 with PID 21012 (started by shamikchandra.s in C:\Users\shamikchandra.s\OneDrive - HCL Technologies Ltd\Java\Spring\astro-web\astro-web)
2019-04-20 21:55:44,303 INFO org.springframework.boot.SpringApplication [restartedMain] The following profiles are active: springdatajpa
2019-04-20 21:55:52,441 INFO org.springframework.data.repository.config.RepositoryConfigurationDelegate [restartedMain] Bootstrapping Spring Data repositories in DEFAULT mode.
2019-04-20 21:55:52,564 INFO org.springframework.data.repository.config.RepositoryConfigurationDelegate [restartedMain] Finished Spring Data repository scanning in 115ms. Found 3 repository interfaces.
2019-04-20 21:55:54,319 INFO com.ulisesbocchio.jasyptspringboot.configuration.EnableEncryptablePropertiesBeanFactoryPostProcessor [restartedMain] Post-processing PropertySource instances
2019-04-20 21:55:54,432 INFO com.ulisesbocchio.jasyptspringboot.EncryptablePropertySourceConverter [restartedMain] Converting PropertySource configurationProperties [org.springframework.boot.context.properties.source.ConfigurationPropertySourcesPropertySource] to AOP Proxy
2019-04-20 21:55:54,437 INFO com.ulisesbocchio.jasyptspringboot.EncryptablePropertySourceConverter [restartedMain] Converting PropertySource servletConfigInitParams [org.springframework.core.env.PropertySource$StubPropertySource] to EncryptablePropertySourceWrapper
2019-04-20 21:55:54,443 INFO com.ulisesbocchio.jasyptspringboot.EncryptablePropertySourceConverter [restartedMain] Converting PropertySource servletContextInitParams [org.springframework.core.env.PropertySource$StubPropertySource] to EncryptablePropertySourceWrapper
2019-04-20 21:55:54,453 INFO com.ulisesbocchio.jasyptspringboot.EncryptablePropertySourceConverter [restartedMain] Converting PropertySource systemProperties [org.springframework.core.env.MapPropertySource] to EncryptableMapPropertySourceWrapper
2019-04-20 21:55:54,494 INFO com.ulisesbocchio.jasyptspringboot.EncryptablePropertySourceConverter [restartedMain] Converting PropertySource systemEnvironment [org.springframework.boot.env.SystemEnvironmentPropertySourceEnvironmentPostProcessor$OriginAwareSystemEnvironmentPropertySource] to EncryptableMapPropertySourceWrapper
2019-04-20 21:55:54,499 INFO com.ulisesbocchio.jasyptspringboot.EncryptablePropertySourceConverter [restartedMain] Converting PropertySource random [org.springframework.boot.env.RandomValuePropertySource] to EncryptablePropertySourceWrapper
2019-04-20 21:55:54,525 INFO com.ulisesbocchio.jasyptspringboot.EncryptablePropertySourceConverter [restartedMain] Converting PropertySource applicationConfig: [classpath:/application.properties] [org.springframework.boot.env.OriginTrackedMapPropertySource] to EncryptableMapPropertySourceWrapper
2019-04-20 21:55:54,536 INFO com.ulisesbocchio.jasyptspringboot.EncryptablePropertySourceConverter [restartedMain] Converting PropertySource devtools [org.springframework.core.env.MapPropertySource] to EncryptableMapPropertySourceWrapper
2019-04-20 21:55:54,594 INFO com.ulisesbocchio.jasyptspringboot.filter.DefaultLazyPropertyFilter [restartedMain] Property Filter custom Bean not found with name 'encryptablePropertyFilter'. Initializing Default Property Filter
2019-04-20 21:55:54,626 INFO org.springframework.context.support.PostProcessorRegistrationDelegate$BeanPostProcessorChecker [restartedMain] Bean 'org.springframework.transaction.annotation.ProxyTransactionManagementConfiguration' of type [org.springframework.transaction.annotation.ProxyTransactionManagementConfiguration$$EnhancerBySpringCGLIB$$133614bb] is not eligible for getting processed by all BeanPostProcessors (for example: not eligible for auto-proxying)
2019-04-20 21:55:54,783 INFO com.ulisesbocchio.jasyptspringboot.resolver.DefaultLazyPropertyResolver [restartedMain] Property Resolver custom Bean not found with name 'encryptablePropertyResolver'. Initializing Default Property Resolver
2019-04-20 21:55:54,799 INFO com.ulisesbocchio.jasyptspringboot.detector.DefaultLazyPropertyDetector [restartedMain] Property Detector custom Bean not found with name 'encryptablePropertyDetector'. Initializing Default Property Detector
2019-04-20 21:55:58,149 INFO org.springframework.boot.web.embedded.tomcat.TomcatWebServer [restartedMain] Tomcat initialized with port(s): 8080 (http)
2019-04-20 21:55:58,158 INFO org.apache.juli.logging.DirectJDKLog [restartedMain] Initializing ProtocolHandler ["http-nio-8080"]
2019-04-20 21:55:58,161 INFO org.apache.juli.logging.DirectJDKLog [restartedMain] Starting service [Tomcat]
2019-04-20 21:55:58,170 INFO org.apache.juli.logging.DirectJDKLog [restartedMain] Starting Servlet engine: [Apache Tomcat/9.0.16]
2019-04-20 21:55:59,149 INFO org.apache.juli.logging.DirectJDKLog [restartedMain] Initializing Spring embedded WebApplicationContext
2019-04-20 21:55:59,150 INFO org.springframework.boot.web.servlet.context.ServletWebServerApplicationContext [restartedMain] Root WebApplicationContext: initialization completed in 14487 ms
2019-04-20 21:55:59,929 INFO com.zaxxer.hikari.HikariDataSource [restartedMain] HikariPool-2 - Starting...
2019-04-20 21:56:01,823 INFO com.zaxxer.hikari.HikariDataSource [restartedMain] HikariPool-2 - Start completed.
2019-04-20 21:56:02,029 INFO org.hibernate.jpa.internal.util.LogHelper [restartedMain] HHH000204: Processing PersistenceUnitInfo [
	name: default
	...]
2019-04-20 21:56:02,962 INFO org.hibernate.dialect.Dialect [restartedMain] HHH000400: Using dialect: org.hibernate.dialect.MariaDB103Dialect
2019-04-20 21:56:03,344 WARN org.hibernate.boot.internal.InFlightMetadataCollectorImpl [restartedMain] HHH000069: Duplicate generator name sequence
2019-04-20 21:56:03,373 WARN org.hibernate.boot.internal.InFlightMetadataCollectorImpl [restartedMain] HHH000069: Duplicate generator name sequence
2019-04-20 21:56:03,386 WARN org.hibernate.boot.internal.InFlightMetadataCollectorImpl [restartedMain] HHH000069: Duplicate generator name sequence
2019-04-20 21:56:03,523 WARN org.hibernate.id.SequenceGenerator [restartedMain] HHH90000014: Found use of deprecated [org.hibernate.id.SequenceHiLoGenerator] sequence-based id generator; use org.hibernate.id.enhanced.SequenceStyleGenerator instead.  See Hibernate Domain Model Mapping Guide for details.
2019-04-20 21:56:03,527 WARN org.hibernate.id.SequenceGenerator [restartedMain] HHH90000014: Found use of deprecated [org.hibernate.id.SequenceHiLoGenerator] sequence-based id generator; use org.hibernate.id.enhanced.SequenceStyleGenerator instead.  See Hibernate Domain Model Mapping Guide for details.
2019-04-20 21:56:03,529 WARN org.hibernate.id.SequenceGenerator [restartedMain] HHH90000014: Found use of deprecated [org.hibernate.id.SequenceHiLoGenerator] sequence-based id generator; use org.hibernate.id.enhanced.SequenceStyleGenerator instead.  See Hibernate Domain Model Mapping Guide for details.
2019-04-20 21:56:03,548 WARN org.hibernate.id.SequenceGenerator [restartedMain] HHH90000014: Found use of deprecated [org.hibernate.id.SequenceHiLoGenerator] sequence-based id generator; use org.hibernate.id.enhanced.SequenceStyleGenerator instead.  See Hibernate Domain Model Mapping Guide for details.
2019-04-20 21:56:03,552 WARN org.hibernate.id.SequenceGenerator [restartedMain] HHH90000014: Found use of deprecated [org.hibernate.id.SequenceHiLoGenerator] sequence-based id generator; use org.hibernate.id.enhanced.SequenceStyleGenerator instead.  See Hibernate Domain Model Mapping Guide for details.
2019-04-20 21:56:07,172 INFO org.springframework.orm.jpa.AbstractEntityManagerFactoryBean [restartedMain] Initialized JPA EntityManagerFactory for persistence unit 'default'
2019-04-20 21:56:07,276 INFO org.springframework.boot.devtools.autoconfigure.OptionalLiveReloadServer [restartedMain] LiveReload server is running on port 35729
2019-04-20 21:56:21,084 INFO org.springframework.scheduling.concurrent.ExecutorConfigurationSupport [restartedMain] Initializing ExecutorService 'applicationTaskExecutor'
2019-04-20 21:56:24,931 INFO org.springframework.boot.autoconfigure.web.servlet.WelcomePageHandlerMapping [restartedMain] Adding welcome page template: index
2019-04-20 21:56:25,888 INFO org.springframework.security.web.DefaultSecurityFilterChain [restartedMain] Creating filter chain: any request, [org.springframework.security.web.context.request.async.WebAsyncManagerIntegrationFilter@2927102b, org.springframework.security.web.context.SecurityContextPersistenceFilter@27b7a44d, org.springframework.security.web.header.HeaderWriterFilter@65f0a6fb, org.springframework.security.web.authentication.logout.LogoutFilter@172bc246, org.springframework.security.web.authentication.UsernamePasswordAuthenticationFilter@3d94bcc9, org.springframework.security.web.savedrequest.RequestCacheAwareFilter@32800080, org.springframework.security.web.servletapi.SecurityContextHolderAwareRequestFilter@52a7af55, org.springframework.security.web.authentication.AnonymousAuthenticationFilter@79b4660, org.springframework.security.web.session.SessionManagementFilter@167a6669, org.springframework.security.web.access.ExceptionTranslationFilter@bf3ca39, org.springframework.security.web.access.intercept.FilterSecurityInterceptor@4a457a61]
2019-04-20 21:56:27,358 INFO com.astrology.web.astroweb.repositories.bootstrap.UserLoader [restartedMain] Context refreshed. Reached UserLoader
2019-04-20 21:56:28,139 INFO org.hibernate.hql.internal.QueryTranslatorFactoryInitiator [restartedMain] HHH000397: Using ASTQueryTranslatorFactory
2019-04-20 21:56:37,947 INFO com.astrology.web.astroweb.repositories.bootstrap.UserLoader [restartedMain] Saved data User(firstName=Shamik, lastName=Sinha, email=abc@cd.com, password={bcrypt}$2a$10$lj9M80fmTQkejwpRRPopUuEITctvt4UudkQVROSRToontE2kbve7u, role=USER, textPass=null, username=abc@cd.com, phone=+919916099778, products=[], bookings=[], paymentOrders=[])
2019-04-20 21:56:37,948 INFO com.astrology.web.astroweb.repositories.bootstrap.UserLoader [restartedMain] Saved data User(firstName=Shamik1, lastName=Sinha1, email=abc@cde.com, password={bcrypt}$2a$10$YBP/aS912eKD1ot2Bfv2uelWlyzdITwR5PzNWAiVipjbYbgIFw8xy, role=USER, textPass=null, username=abc@cde.com, phone=+919916099778, products=[], bookings=[], paymentOrders=[])
2019-04-20 21:56:37,957 INFO org.apache.juli.logging.DirectJDKLog [restartedMain] Starting ProtocolHandler ["http-nio-8080"]
2019-04-20 21:56:38,580 INFO org.springframework.boot.web.embedded.tomcat.TomcatWebServer [restartedMain] Tomcat started on port(s): 8080 (http) with context path ''
2019-04-20 21:56:38,998 INFO org.springframework.boot.StartupInfoLogger [restartedMain] Started AstroWebApplication in 58.056 seconds (JVM running for 507.698)
2019-04-20 21:56:39,056 INFO org.springframework.boot.devtools.autoconfigure.ConditionEvaluationDeltaLoggingListener [restartedMain] Condition evaluation unchanged
2019-04-20 22:05:49,005 INFO org.springframework.scheduling.concurrent.ExecutorConfigurationSupport [Thread-17] Shutting down ExecutorService 'applicationTaskExecutor'
2019-04-20 22:35:15,874 INFO org.springframework.boot.StartupInfoLogger [restartedMain] Starting AstroWebApplication on LP-GH1P882 with PID 9480 (started by shamikchandra.s in C:\Users\shamikchandra.s\OneDrive - HCL Technologies Ltd\Java\Spring\astro-web\astro-web)
2019-04-20 22:35:15,921 INFO org.springframework.boot.SpringApplication [restartedMain] The following profiles are active: springdatajpa
2019-04-20 22:35:17,122 INFO org.springframework.boot.logging.DeferredLog [restartedMain] Devtools property defaults active! Set 'spring.devtools.add-properties' to 'false' to disable
2019-04-20 22:35:17,184 INFO org.springframework.boot.logging.DeferredLog [restartedMain] For additional web related logging consider setting the 'logging.level.web' property to 'DEBUG'
2019-04-20 22:35:22,919 INFO org.springframework.data.repository.config.RepositoryConfigurationDelegate [restartedMain] Bootstrapping Spring Data repositories in DEFAULT mode.
2019-04-20 22:35:23,215 INFO org.springframework.data.repository.config.RepositoryConfigurationDelegate [restartedMain] Finished Spring Data repository scanning in 259ms. Found 3 repository interfaces.
2019-04-20 22:35:26,715 INFO com.ulisesbocchio.jasyptspringboot.configuration.EnableEncryptablePropertiesBeanFactoryPostProcessor [restartedMain] Post-processing PropertySource instances
2019-04-20 22:35:27,184 INFO com.ulisesbocchio.jasyptspringboot.EncryptablePropertySourceConverter [restartedMain] Converting PropertySource configurationProperties [org.springframework.boot.context.properties.source.ConfigurationPropertySourcesPropertySource] to AOP Proxy
2019-04-20 22:35:27,184 INFO com.ulisesbocchio.jasyptspringboot.EncryptablePropertySourceConverter [restartedMain] Converting PropertySource servletConfigInitParams [org.springframework.core.env.PropertySource$StubPropertySource] to EncryptablePropertySourceWrapper
2019-04-20 22:35:27,184 INFO com.ulisesbocchio.jasyptspringboot.EncryptablePropertySourceConverter [restartedMain] Converting PropertySource servletContextInitParams [org.springframework.core.env.PropertySource$StubPropertySource] to EncryptablePropertySourceWrapper
2019-04-20 22:35:27,184 INFO com.ulisesbocchio.jasyptspringboot.EncryptablePropertySourceConverter [restartedMain] Converting PropertySource systemProperties [org.springframework.core.env.MapPropertySource] to EncryptableMapPropertySourceWrapper
2019-04-20 22:35:27,184 INFO com.ulisesbocchio.jasyptspringboot.EncryptablePropertySourceConverter [restartedMain] Converting PropertySource systemEnvironment [org.springframework.boot.env.SystemEnvironmentPropertySourceEnvironmentPostProcessor$OriginAwareSystemEnvironmentPropertySource] to EncryptableMapPropertySourceWrapper
2019-04-20 22:35:27,184 INFO com.ulisesbocchio.jasyptspringboot.EncryptablePropertySourceConverter [restartedMain] Converting PropertySource random [org.springframework.boot.env.RandomValuePropertySource] to EncryptablePropertySourceWrapper
2019-04-20 22:35:27,184 INFO com.ulisesbocchio.jasyptspringboot.EncryptablePropertySourceConverter [restartedMain] Converting PropertySource applicationConfig: [classpath:/application.properties] [org.springframework.boot.env.OriginTrackedMapPropertySource] to EncryptableMapPropertySourceWrapper
2019-04-20 22:35:27,184 INFO com.ulisesbocchio.jasyptspringboot.EncryptablePropertySourceConverter [restartedMain] Converting PropertySource devtools [org.springframework.core.env.MapPropertySource] to EncryptableMapPropertySourceWrapper
2019-04-20 22:35:27,559 INFO com.ulisesbocchio.jasyptspringboot.filter.DefaultLazyPropertyFilter [restartedMain] Property Filter custom Bean not found with name 'encryptablePropertyFilter'. Initializing Default Property Filter
2019-04-20 22:35:27,653 INFO org.springframework.context.support.PostProcessorRegistrationDelegate$BeanPostProcessorChecker [restartedMain] Bean 'org.springframework.transaction.annotation.ProxyTransactionManagementConfiguration' of type [org.springframework.transaction.annotation.ProxyTransactionManagementConfiguration$$EnhancerBySpringCGLIB$$907bb16b] is not eligible for getting processed by all BeanPostProcessors (for example: not eligible for auto-proxying)
2019-04-20 22:35:28,549 INFO com.ulisesbocchio.jasyptspringboot.resolver.DefaultLazyPropertyResolver [restartedMain] Property Resolver custom Bean not found with name 'encryptablePropertyResolver'. Initializing Default Property Resolver
2019-04-20 22:35:28,626 INFO com.ulisesbocchio.jasyptspringboot.detector.DefaultLazyPropertyDetector [restartedMain] Property Detector custom Bean not found with name 'encryptablePropertyDetector'. Initializing Default Property Detector
2019-04-20 22:35:36,527 INFO org.springframework.boot.web.embedded.tomcat.TomcatWebServer [restartedMain] Tomcat initialized with port(s): 8080 (http)
2019-04-20 22:35:36,761 INFO org.apache.juli.logging.DirectJDKLog [restartedMain] Initializing ProtocolHandler ["http-nio-8080"]
2019-04-20 22:35:36,918 INFO org.apache.juli.logging.DirectJDKLog [restartedMain] Starting service [Tomcat]
2019-04-20 22:35:36,918 INFO org.apache.juli.logging.DirectJDKLog [restartedMain] Starting Servlet engine: [Apache Tomcat/9.0.16]
2019-04-20 22:35:37,044 INFO org.apache.juli.logging.DirectJDKLog [restartedMain] The APR based Apache Tomcat Native library which allows optimal performance in production environments was not found on the java.library.path: [C:\Users\shamikchandra.s\OneDrive - HCL Technologies Ltd\Java\Java\jdk\jre\bin;C:\WINDOWS\Sun\Java\bin;C:\WINDOWS\system32;C:\WINDOWS;C:/Program Files (x86)/Java/jre1.8.0_201/bin/client;C:/Program Files (x86)/Java/jre1.8.0_201/bin;C:/Program Files (x86)/Java/jre1.8.0_201/lib/i386;C:\Program Files (x86)\Common Files\Oracle\Java\javapath;C:\WINDOWS\system32;C:\WINDOWS;C:\WINDOWS\System32\Wbem;C:\WINDOWS\System32\WindowsPowerShell\v1.0\;C:\Windows\CCM;C:\Users\shamikchandra.s\AppData\Local\Microsoft\WindowsApps;;C:\Users\shamikchandra.s\OneDrive - HCL Technologies Ltd\Java\Eclipse\eclipse-jee-2018-09-win32\eclipse;;.]
2019-04-20 22:35:39,294 INFO org.apache.juli.logging.DirectJDKLog [restartedMain] Initializing Spring embedded WebApplicationContext
2019-04-20 22:35:39,311 INFO org.springframework.boot.web.servlet.context.ServletWebServerApplicationContext [restartedMain] Root WebApplicationContext: initialization completed in 22112 ms
2019-04-20 22:35:41,324 INFO com.zaxxer.hikari.HikariDataSource [restartedMain] HikariPool-1 - Starting...
2019-04-20 22:35:43,948 INFO com.zaxxer.hikari.HikariDataSource [restartedMain] HikariPool-1 - Start completed.
2019-04-20 22:35:44,808 INFO org.hibernate.jpa.internal.util.LogHelper [restartedMain] HHH000204: Processing PersistenceUnitInfo [
	name: default
	...]
2019-04-20 22:35:45,816 INFO org.hibernate.Version [restartedMain] HHH000412: Hibernate Core {5.3.7.Final}
2019-04-20 22:35:45,847 INFO org.hibernate.cfg.Environment [restartedMain] HHH000206: hibernate.properties not found
2019-04-20 22:35:47,448 INFO org.hibernate.annotations.common.reflection.java.JavaReflectionManager [restartedMain] HCANN000001: Hibernate Commons Annotations {5.0.4.Final}
2019-04-20 22:35:50,670 INFO org.hibernate.dialect.Dialect [restartedMain] HHH000400: Using dialect: org.hibernate.dialect.MariaDB103Dialect
2019-04-20 22:35:52,354 WARN org.hibernate.boot.internal.InFlightMetadataCollectorImpl [restartedMain] HHH000069: Duplicate generator name sequence
2019-04-20 22:35:52,367 WARN org.hibernate.boot.internal.InFlightMetadataCollectorImpl [restartedMain] HHH000069: Duplicate generator name sequence
2019-04-20 22:35:52,382 WARN org.hibernate.boot.internal.InFlightMetadataCollectorImpl [restartedMain] HHH000069: Duplicate generator name sequence
2019-04-20 22:35:52,621 WARN org.hibernate.id.SequenceGenerator [restartedMain] HHH90000014: Found use of deprecated [org.hibernate.id.SequenceHiLoGenerator] sequence-based id generator; use org.hibernate.id.enhanced.SequenceStyleGenerator instead.  See Hibernate Domain Model Mapping Guide for details.
2019-04-20 22:35:52,667 WARN org.hibernate.id.SequenceGenerator [restartedMain] HHH90000014: Found use of deprecated [org.hibernate.id.SequenceHiLoGenerator] sequence-based id generator; use org.hibernate.id.enhanced.SequenceStyleGenerator instead.  See Hibernate Domain Model Mapping Guide for details.
2019-04-20 22:35:52,667 WARN org.hibernate.id.SequenceGenerator [restartedMain] HHH90000014: Found use of deprecated [org.hibernate.id.SequenceHiLoGenerator] sequence-based id generator; use org.hibernate.id.enhanced.SequenceStyleGenerator instead.  See Hibernate Domain Model Mapping Guide for details.
2019-04-20 22:35:52,683 WARN org.hibernate.id.SequenceGenerator [restartedMain] HHH90000014: Found use of deprecated [org.hibernate.id.SequenceHiLoGenerator] sequence-based id generator; use org.hibernate.id.enhanced.SequenceStyleGenerator instead.  See Hibernate Domain Model Mapping Guide for details.
2019-04-20 22:35:52,683 WARN org.hibernate.id.SequenceGenerator [restartedMain] HHH90000014: Found use of deprecated [org.hibernate.id.SequenceHiLoGenerator] sequence-based id generator; use org.hibernate.id.enhanced.SequenceStyleGenerator instead.  See Hibernate Domain Model Mapping Guide for details.
2019-04-20 22:36:04,759 INFO org.springframework.orm.jpa.AbstractEntityManagerFactoryBean [restartedMain] Initialized JPA EntityManagerFactory for persistence unit 'default'
2019-04-20 22:36:04,868 INFO org.springframework.boot.devtools.autoconfigure.OptionalLiveReloadServer [restartedMain] LiveReload server is running on port 35729
2019-04-20 22:36:25,025 INFO org.springframework.scheduling.concurrent.ExecutorConfigurationSupport [restartedMain] Initializing ExecutorService 'applicationTaskExecutor'
2019-04-20 22:36:28,072 INFO org.springframework.boot.autoconfigure.web.servlet.WelcomePageHandlerMapping [restartedMain] Adding welcome page template: index
2019-04-20 22:36:31,248 INFO org.springframework.security.web.DefaultSecurityFilterChain [restartedMain] Creating filter chain: any request, [org.springframework.security.web.context.request.async.WebAsyncManagerIntegrationFilter@576283b, org.springframework.security.web.context.SecurityContextPersistenceFilter@960751b, org.springframework.security.web.header.HeaderWriterFilter@4cd15f50, org.springframework.security.web.authentication.logout.LogoutFilter@3ee21e7f, org.springframework.security.web.authentication.UsernamePasswordAuthenticationFilter@7f747c28, org.springframework.security.web.savedrequest.RequestCacheAwareFilter@62b8a41, org.springframework.security.web.servletapi.SecurityContextHolderAwareRequestFilter@6615ae46, org.springframework.security.web.authentication.AnonymousAuthenticationFilter@4fee275c, org.springframework.security.web.session.SessionManagementFilter@c66361f, org.springframework.security.web.access.ExceptionTranslationFilter@6b51ab51, org.springframework.security.web.access.intercept.FilterSecurityInterceptor@b9ad0c5]
2019-04-20 22:36:32,103 INFO com.astrology.web.astroweb.repositories.bootstrap.UserLoader [restartedMain] Context refreshed. Reached UserLoader
2019-04-20 22:36:33,016 INFO org.hibernate.hql.internal.QueryTranslatorFactoryInitiator [restartedMain] HHH000397: Using ASTQueryTranslatorFactory
2019-04-20 22:36:40,712 INFO com.astrology.web.astroweb.repositories.bootstrap.UserLoader [restartedMain] Saved data User(firstName=Shamik, lastName=Sinha, email=abc@cd.com, password={bcrypt}$2a$10$rn8874mAt7r9fGbwzDpspONMv2WHPg6fV3cOVPvomBW4sEaO2LnDy, role=USER, textPass=null, username=abc@cd.com, phone=+919916099778, products=[], bookings=[], paymentOrders=[])
2019-04-20 22:36:40,712 INFO com.astrology.web.astroweb.repositories.bootstrap.UserLoader [restartedMain] Saved data User(firstName=Shamik1, lastName=Sinha1, email=abc@cde.com, password={bcrypt}$2a$10$LMRgcmx.0WffAq9hR1rEqewYkP81b9rsFBJESGazPPD6LNt4j/Yp2, role=USER, textPass=null, username=abc@cde.com, phone=+919916099778, products=[], bookings=[], paymentOrders=[])
2019-04-20 22:36:40,738 INFO org.apache.juli.logging.DirectJDKLog [restartedMain] Starting ProtocolHandler ["http-nio-8080"]
2019-04-20 22:36:41,056 INFO org.springframework.boot.web.embedded.tomcat.TomcatWebServer [restartedMain] Tomcat started on port(s): 8080 (http) with context path ''
2019-04-20 22:36:41,087 INFO org.springframework.boot.StartupInfoLogger [restartedMain] Started AstroWebApplication in 91.621 seconds (JVM running for 93.998)
2019-04-20 22:36:59,961 INFO org.apache.juli.logging.DirectJDKLog [http-nio-8080-exec-1] Initializing Spring DispatcherServlet 'dispatcherServlet'
2019-04-20 22:36:59,961 INFO org.springframework.web.servlet.FrameworkServlet [http-nio-8080-exec-1] Initializing Servlet 'dispatcherServlet'
2019-04-20 22:37:00,000 INFO org.springframework.web.servlet.FrameworkServlet [http-nio-8080-exec-1] Completed initialization in 39 ms
2019-04-20 22:37:00,914 INFO com.astrology.web.astroweb.controller.IndexController [http-nio-8080-exec-1] Month Name is APRIL
2019-04-20 22:37:14,556 INFO com.astrology.web.astroweb.controller.IndexController [http-nio-8080-exec-7] Month Name is APRIL
2019-04-20 22:39:00,972 INFO com.astrology.web.astroweb.controller.IndexController [http-nio-8080-exec-2] Month Name is APRIL
