2019-04-13 01:42:07,575 INFO org.springframework.boot.StartupInfoLogger [main] Starting AstroWebApplicationTests on LP-GH1P882 with PID 8796 (started by shamikchandra.s in C:\Users\shamikchandra.s\OneDrive - HCL Technologies Ltd\Java\Spring\astro-web\astro-web)
2019-04-13 01:42:07,597 INFO org.springframework.boot.SpringApplication [main] The following profiles are active: springdatajpa
2019-04-13 01:42:13,783 INFO org.springframework.data.repository.config.RepositoryConfigurationDelegate [main] Bootstrapping Spring Data repositories in DEFAULT mode.
2019-04-13 01:42:14,252 INFO org.springframework.data.repository.config.RepositoryConfigurationDelegate [main] Finished Spring Data repository scanning in 401ms. Found 3 repository interfaces.
2019-04-13 01:42:17,893 INFO com.ulisesbocchio.jasyptspringboot.configuration.EnableEncryptablePropertiesBeanFactoryPostProcessor [main] Post-processing PropertySource instances
2019-04-13 01:42:18,360 INFO com.ulisesbocchio.jasyptspringboot.EncryptablePropertySourceConverter [main] Converting PropertySource configurationProperties [org.springframework.boot.context.properties.source.ConfigurationPropertySourcesPropertySource] to AOP Proxy
2019-04-13 01:42:18,360 INFO com.ulisesbocchio.jasyptspringboot.EncryptablePropertySourceConverter [main] Converting PropertySource Inlined Test Properties [org.springframework.core.env.MapPropertySource] to EncryptableMapPropertySourceWrapper
2019-04-13 01:42:18,360 INFO com.ulisesbocchio.jasyptspringboot.EncryptablePropertySourceConverter [main] Converting PropertySource systemProperties [org.springframework.core.env.MapPropertySource] to EncryptableMapPropertySourceWrapper
2019-04-13 01:42:18,360 INFO com.ulisesbocchio.jasyptspringboot.EncryptablePropertySourceConverter [main] Converting PropertySource systemEnvironment [org.springframework.boot.env.SystemEnvironmentPropertySourceEnvironmentPostProcessor$OriginAwareSystemEnvironmentPropertySource] to EncryptableMapPropertySourceWrapper
2019-04-13 01:42:18,360 INFO com.ulisesbocchio.jasyptspringboot.EncryptablePropertySourceConverter [main] Converting PropertySource random [org.springframework.boot.env.RandomValuePropertySource] to EncryptablePropertySourceWrapper
2019-04-13 01:42:18,360 INFO com.ulisesbocchio.jasyptspringboot.EncryptablePropertySourceConverter [main] Converting PropertySource applicationConfig: [classpath:/application.properties] [org.springframework.boot.env.OriginTrackedMapPropertySource] to EncryptableMapPropertySourceWrapper
2019-04-13 01:42:18,784 INFO com.ulisesbocchio.jasyptspringboot.filter.DefaultLazyPropertyFilter [main] Property Filter custom Bean not found with name 'encryptablePropertyFilter'. Initializing Default Property Filter
2019-04-13 01:42:18,900 INFO org.springframework.context.support.PostProcessorRegistrationDelegate$BeanPostProcessorChecker [main] Bean 'org.springframework.transaction.annotation.ProxyTransactionManagementConfiguration' of type [org.springframework.transaction.annotation.ProxyTransactionManagementConfiguration$$EnhancerBySpringCGLIB$$18712359] is not eligible for getting processed by all BeanPostProcessors (for example: not eligible for auto-proxying)
2019-04-13 01:42:19,253 INFO com.ulisesbocchio.jasyptspringboot.resolver.DefaultLazyPropertyResolver [main] Property Resolver custom Bean not found with name 'encryptablePropertyResolver'. Initializing Default Property Resolver
2019-04-13 01:42:19,253 INFO com.ulisesbocchio.jasyptspringboot.detector.DefaultLazyPropertyDetector [main] Property Detector custom Bean not found with name 'encryptablePropertyDetector'. Initializing Default Property Detector
2019-04-13 01:42:20,218 INFO com.zaxxer.hikari.HikariDataSource [main] HikariPool-1 - Starting...
2019-04-13 01:42:45,084 INFO com.zaxxer.hikari.HikariDataSource [main] HikariPool-1 - Start completed.
2019-04-13 01:42:46,067 INFO org.hibernate.jpa.internal.util.LogHelper [main] HHH000204: Processing PersistenceUnitInfo [
	name: default
	...]
2019-04-13 01:42:48,022 INFO org.hibernate.Version [main] HHH000412: Hibernate Core {5.3.7.Final}
2019-04-13 01:42:48,022 INFO org.hibernate.cfg.Environment [main] HHH000206: hibernate.properties not found
2019-04-13 01:42:49,996 INFO org.hibernate.annotations.common.reflection.java.JavaReflectionManager [main] HCANN000001: Hibernate Commons Annotations {5.0.4.Final}
2019-04-13 01:42:52,479 INFO org.hibernate.dialect.Dialect [main] HHH000400: Using dialect: org.hibernate.dialect.H2Dialect
2019-04-13 01:43:04,322 INFO org.springframework.orm.jpa.AbstractEntityManagerFactoryBean [main] Initialized JPA EntityManagerFactory for persistence unit 'default'
2019-04-13 01:43:11,460 INFO org.springframework.scheduling.concurrent.ExecutorConfigurationSupport [main] Initializing ExecutorService 'applicationTaskExecutor'
2019-04-13 01:43:13,548 INFO org.springframework.boot.autoconfigure.web.servlet.WelcomePageHandlerMapping [main] Adding welcome page template: index
2019-04-13 01:43:16,243 INFO org.springframework.security.web.DefaultSecurityFilterChain [main] Creating filter chain: any request, [org.springframework.security.web.context.request.async.WebAsyncManagerIntegrationFilter@5534e6f1, org.springframework.security.web.context.SecurityContextPersistenceFilter@5d22604e, org.springframework.security.web.header.HeaderWriterFilter@299eca90, org.springframework.security.web.authentication.logout.LogoutFilter@44a14de0, org.springframework.security.web.authentication.UsernamePasswordAuthenticationFilter@4c13ca07, org.springframework.security.web.savedrequest.RequestCacheAwareFilter@13374ca6, org.springframework.security.web.servletapi.SecurityContextHolderAwareRequestFilter@6ca33187, org.springframework.security.web.authentication.AnonymousAuthenticationFilter@4c6fc3e7, org.springframework.security.web.session.SessionManagementFilter@76b05c0, org.springframework.security.web.access.ExceptionTranslationFilter@2430cf17, org.springframework.security.web.access.intercept.FilterSecurityInterceptor@2ac05a33]
2019-04-13 01:43:16,836 INFO com.astrology.web.astroweb.repositories.bootstrap.UserLoader [main] Context refreshed. Reached UserLoader
2019-04-13 01:43:18,270 INFO org.hibernate.hql.internal.QueryTranslatorFactoryInitiator [main] HHH000397: Using ASTQueryTranslatorFactory
2019-04-13 01:43:22,883 INFO com.astrology.web.astroweb.repositories.bootstrap.UserLoader [main] Saved data User(firstName=Shamik, lastName=Sinha, email=abc@cd.com, password={bcrypt}$2a$10$7nMMCDG71kgskT5UEvIgveyCPwfTZei/DTctKBfJBYXyCUIe9GL/6, role=USER, textPass=null, username=abc@cd.com, phone=+919916099778, products=[], bookings=[], paymentOrders=[])
2019-04-13 01:43:22,883 INFO com.astrology.web.astroweb.repositories.bootstrap.UserLoader [main] Saved data User(firstName=Shamik1, lastName=Sinha1, email=abc@cde.com, password={bcrypt}$2a$10$VCPQASFTKvYaZBqUHlTZK.V2zemf8ciGAdCzG4RTkMQI2zYi4sXji, role=USER, textPass=null, username=abc@cde.com, phone=+919916099778, products=[], bookings=[], paymentOrders=[])
2019-04-13 01:43:22,914 INFO org.springframework.boot.StartupInfoLogger [main] Started AstroWebApplicationTests in 81.976 seconds (JVM running for 102.365)
2019-04-13 01:43:24,236 INFO org.springframework.scheduling.concurrent.ExecutorConfigurationSupport [Thread-3] Shutting down ExecutorService 'applicationTaskExecutor'
2019-04-13 01:43:24,237 INFO org.springframework.orm.jpa.AbstractEntityManagerFactoryBean [Thread-3] Closing JPA EntityManagerFactory for persistence unit 'default'
2019-04-13 01:43:24,268 INFO com.zaxxer.hikari.HikariDataSource [Thread-3] HikariPool-1 - Shutdown initiated...
2019-04-13 01:43:24,637 INFO com.zaxxer.hikari.HikariDataSource [Thread-3] HikariPool-1 - Shutdown completed.
