2019-04-16 03:39:08,093 WARN com.zaxxer.hikari.pool.HikariPool$HouseKeeper [HikariPool-1 housekeeper] HikariPool-1 - Thread starvation or clock leap detected (housekeeper delta=3h27s909ms476µs620ns).
2019-04-16 06:37:37,255 WARN com.zaxxer.hikari.pool.HikariPool$HouseKeeper [HikariPool-1 housekeeper] HikariPool-1 - Thread starvation or clock leap detected (housekeeper delta=2h58m43s459ms643µs136ns).
2019-04-16 07:51:52,271 INFO org.springframework.scheduling.concurrent.ExecutorConfigurationSupport [Thread-5] Shutting down ExecutorService 'applicationTaskExecutor'
2019-04-16 07:52:00,465 INFO org.springframework.orm.jpa.AbstractEntityManagerFactoryBean [Thread-5] Closing JPA EntityManagerFactory for persistence unit 'default'
2019-04-16 07:52:32,366 INFO com.zaxxer.hikari.HikariDataSource [Thread-5] HikariPool-1 - Shutdown initiated...
2019-04-16 07:52:38,921 INFO com.zaxxer.hikari.HikariDataSource [Thread-5] HikariPool-1 - Shutdown completed.
2019-04-16 08:38:29,492 INFO org.springframework.boot.StartupInfoLogger [main] Starting AstroWebApplicationTests on LP-GH1P882 with PID 12672 (started by shamikchandra.s in C:\Users\shamikchandra.s\OneDrive - HCL Technologies Ltd\Java\Spring\astro-web\astro-web)
2019-04-16 08:38:29,634 INFO org.springframework.boot.SpringApplication [main] The following profiles are active: springdatajpa
2019-04-16 08:39:11,222 INFO org.springframework.data.repository.config.RepositoryConfigurationDelegate [main] Bootstrapping Spring Data repositories in DEFAULT mode.
2019-04-16 08:39:17,295 INFO org.springframework.data.repository.config.RepositoryConfigurationDelegate [main] Finished Spring Data repository scanning in 5311ms. Found 3 repository interfaces.
2019-04-16 08:39:29,047 INFO com.ulisesbocchio.jasyptspringboot.configuration.EnableEncryptablePropertiesBeanFactoryPostProcessor [main] Post-processing PropertySource instances
2019-04-16 08:39:30,216 INFO com.ulisesbocchio.jasyptspringboot.EncryptablePropertySourceConverter [main] Converting PropertySource configurationProperties [org.springframework.boot.context.properties.source.ConfigurationPropertySourcesPropertySource] to AOP Proxy
2019-04-16 08:39:30,216 INFO com.ulisesbocchio.jasyptspringboot.EncryptablePropertySourceConverter [main] Converting PropertySource Inlined Test Properties [org.springframework.core.env.MapPropertySource] to EncryptableMapPropertySourceWrapper
2019-04-16 08:39:30,216 INFO com.ulisesbocchio.jasyptspringboot.EncryptablePropertySourceConverter [main] Converting PropertySource systemProperties [org.springframework.core.env.MapPropertySource] to EncryptableMapPropertySourceWrapper
2019-04-16 08:39:30,216 INFO com.ulisesbocchio.jasyptspringboot.EncryptablePropertySourceConverter [main] Converting PropertySource systemEnvironment [org.springframework.boot.env.SystemEnvironmentPropertySourceEnvironmentPostProcessor$OriginAwareSystemEnvironmentPropertySource] to EncryptableMapPropertySourceWrapper
2019-04-16 08:39:30,216 INFO com.ulisesbocchio.jasyptspringboot.EncryptablePropertySourceConverter [main] Converting PropertySource random [org.springframework.boot.env.RandomValuePropertySource] to EncryptablePropertySourceWrapper
2019-04-16 08:39:30,216 INFO com.ulisesbocchio.jasyptspringboot.EncryptablePropertySourceConverter [main] Converting PropertySource applicationConfig: [classpath:/application.properties] [org.springframework.boot.env.OriginTrackedMapPropertySource] to EncryptableMapPropertySourceWrapper
2019-04-16 08:39:32,104 INFO com.ulisesbocchio.jasyptspringboot.filter.DefaultLazyPropertyFilter [main] Property Filter custom Bean not found with name 'encryptablePropertyFilter'. Initializing Default Property Filter
2019-04-16 08:39:32,298 INFO org.springframework.context.support.PostProcessorRegistrationDelegate$BeanPostProcessorChecker [main] Bean 'org.springframework.transaction.annotation.ProxyTransactionManagementConfiguration' of type [org.springframework.transaction.annotation.ProxyTransactionManagementConfiguration$$EnhancerBySpringCGLIB$$1ab71ce3] is not eligible for getting processed by all BeanPostProcessors (for example: not eligible for auto-proxying)
2019-04-16 08:39:33,995 INFO com.ulisesbocchio.jasyptspringboot.resolver.DefaultLazyPropertyResolver [main] Property Resolver custom Bean not found with name 'encryptablePropertyResolver'. Initializing Default Property Resolver
2019-04-16 08:39:33,999 INFO com.ulisesbocchio.jasyptspringboot.detector.DefaultLazyPropertyDetector [main] Property Detector custom Bean not found with name 'encryptablePropertyDetector'. Initializing Default Property Detector
2019-04-16 08:39:37,298 INFO com.zaxxer.hikari.HikariDataSource [main] HikariPool-1 - Starting...
2019-04-16 08:39:44,806 INFO com.zaxxer.hikari.HikariDataSource [main] HikariPool-1 - Start completed.
2019-04-16 08:39:46,220 INFO org.hibernate.jpa.internal.util.LogHelper [main] HHH000204: Processing PersistenceUnitInfo [
	name: default
	...]
2019-04-16 08:39:50,507 INFO org.hibernate.Version [main] HHH000412: Hibernate Core {5.3.7.Final}
2019-04-16 08:39:50,591 INFO org.hibernate.cfg.Environment [main] HHH000206: hibernate.properties not found
2019-04-16 08:40:01,755 INFO org.hibernate.annotations.common.reflection.java.JavaReflectionManager [main] HCANN000001: Hibernate Commons Annotations {5.0.4.Final}
2019-04-16 08:40:31,458 INFO org.hibernate.dialect.Dialect [main] HHH000400: Using dialect: org.hibernate.dialect.MariaDB103Dialect
2019-04-16 08:40:41,259 WARN org.hibernate.boot.internal.InFlightMetadataCollectorImpl [main] HHH000069: Duplicate generator name sequence
2019-04-16 08:40:41,297 WARN org.hibernate.boot.internal.InFlightMetadataCollectorImpl [main] HHH000069: Duplicate generator name sequence
2019-04-16 08:40:41,313 WARN org.hibernate.boot.internal.InFlightMetadataCollectorImpl [main] HHH000069: Duplicate generator name sequence
2019-04-16 08:40:43,531 WARN org.hibernate.id.SequenceGenerator [main] HHH90000014: Found use of deprecated [org.hibernate.id.SequenceHiLoGenerator] sequence-based id generator; use org.hibernate.id.enhanced.SequenceStyleGenerator instead.  See Hibernate Domain Model Mapping Guide for details.
2019-04-16 08:40:43,646 WARN org.hibernate.id.SequenceGenerator [main] HHH90000014: Found use of deprecated [org.hibernate.id.SequenceHiLoGenerator] sequence-based id generator; use org.hibernate.id.enhanced.SequenceStyleGenerator instead.  See Hibernate Domain Model Mapping Guide for details.
2019-04-16 08:40:43,662 WARN org.hibernate.id.SequenceGenerator [main] HHH90000014: Found use of deprecated [org.hibernate.id.SequenceHiLoGenerator] sequence-based id generator; use org.hibernate.id.enhanced.SequenceStyleGenerator instead.  See Hibernate Domain Model Mapping Guide for details.
2019-04-16 08:40:43,662 WARN org.hibernate.id.SequenceGenerator [main] HHH90000014: Found use of deprecated [org.hibernate.id.SequenceHiLoGenerator] sequence-based id generator; use org.hibernate.id.enhanced.SequenceStyleGenerator instead.  See Hibernate Domain Model Mapping Guide for details.
2019-04-16 08:40:43,662 WARN org.hibernate.id.SequenceGenerator [main] HHH90000014: Found use of deprecated [org.hibernate.id.SequenceHiLoGenerator] sequence-based id generator; use org.hibernate.id.enhanced.SequenceStyleGenerator instead.  See Hibernate Domain Model Mapping Guide for details.
2019-04-16 08:41:22,132 INFO org.springframework.orm.jpa.AbstractEntityManagerFactoryBean [main] Initialized JPA EntityManagerFactory for persistence unit 'default'
2019-04-16 08:41:48,422 INFO org.springframework.scheduling.concurrent.ExecutorConfigurationSupport [main] Initializing ExecutorService 'applicationTaskExecutor'
2019-04-16 08:41:51,336 INFO org.springframework.boot.autoconfigure.web.servlet.WelcomePageHandlerMapping [main] Adding welcome page template: index
2019-04-16 08:41:56,196 INFO org.springframework.security.web.DefaultSecurityFilterChain [main] Creating filter chain: any request, [org.springframework.security.web.context.request.async.WebAsyncManagerIntegrationFilter@6eaf030c, org.springframework.security.web.context.SecurityContextPersistenceFilter@42dd7d82, org.springframework.security.web.header.HeaderWriterFilter@4ed19b69, org.springframework.security.web.authentication.logout.LogoutFilter@3dded90a, org.springframework.security.web.authentication.UsernamePasswordAuthenticationFilter@295d54d6, org.springframework.security.web.savedrequest.RequestCacheAwareFilter@fb5d334, org.springframework.security.web.servletapi.SecurityContextHolderAwareRequestFilter@12266084, org.springframework.security.web.authentication.AnonymousAuthenticationFilter@b2da3a5, org.springframework.security.web.session.SessionManagementFilter@6f65aa58, org.springframework.security.web.access.ExceptionTranslationFilter@77cc6a28, org.springframework.security.web.access.intercept.FilterSecurityInterceptor@7bbd76b8]
2019-04-16 08:41:56,846 INFO com.astrology.web.astroweb.repositories.bootstrap.UserLoader [main] Context refreshed. Reached UserLoader
2019-04-16 08:41:58,776 INFO org.hibernate.hql.internal.QueryTranslatorFactoryInitiator [main] HHH000397: Using ASTQueryTranslatorFactory
2019-04-16 08:42:14,962 INFO com.astrology.web.astroweb.repositories.bootstrap.UserLoader [main] Saved data User(firstName=Shamik, lastName=Sinha, email=abc@cd.com, password={bcrypt}$2a$10$KOBe22M.v5fI3iFHwNN.DOOlsZCxpAdi9kgJJJ6cIdsoJMwxxrolu, role=USER, textPass=null, username=abc@cd.com, phone=+919916099778, products=[], bookings=[], paymentOrders=[])
2019-04-16 08:42:14,962 INFO com.astrology.web.astroweb.repositories.bootstrap.UserLoader [main] Saved data User(firstName=Shamik1, lastName=Sinha1, email=abc@cde.com, password={bcrypt}$2a$10$WCa4EGdrnxTcykzBX9W1mO0dbzN.CfqnPGGLVV0NKTKCmsOSaKvzy, role=USER, textPass=null, username=abc@cde.com, phone=+919916099778, products=[], bookings=[], paymentOrders=[])
2019-04-16 08:42:15,161 INFO org.springframework.boot.StartupInfoLogger [main] Started AstroWebApplicationTests in 253.012 seconds (JVM running for 278.677)
2019-04-16 08:42:40,502 INFO org.springframework.scheduling.concurrent.ExecutorConfigurationSupport [Thread-3] Shutting down ExecutorService 'applicationTaskExecutor'
2019-04-16 08:42:40,502 INFO org.springframework.orm.jpa.AbstractEntityManagerFactoryBean [Thread-3] Closing JPA EntityManagerFactory for persistence unit 'default'
2019-04-16 08:42:40,686 INFO com.zaxxer.hikari.HikariDataSource [Thread-3] HikariPool-1 - Shutdown initiated...
2019-04-16 08:42:41,381 INFO com.zaxxer.hikari.HikariDataSource [Thread-3] HikariPool-1 - Shutdown completed.
2019-04-16 19:27:41,055 INFO org.springframework.boot.StartupInfoLogger [main] Starting AstroWebApplicationTests on LP-GH1P882 with PID 19908 (started by shamikchandra.s in C:\Users\shamikchandra.s\OneDrive - HCL Technologies Ltd\Java\Spring\astro-web\astro-web)
2019-04-16 19:27:41,137 INFO org.springframework.boot.SpringApplication [main] The following profiles are active: springdatajpa
2019-04-16 19:28:00,735 INFO org.springframework.data.repository.config.RepositoryConfigurationDelegate [main] Bootstrapping Spring Data repositories in DEFAULT mode.
2019-04-16 19:28:01,695 INFO org.springframework.data.repository.config.RepositoryConfigurationDelegate [main] Finished Spring Data repository scanning in 868ms. Found 3 repository interfaces.
2019-04-16 19:28:06,269 INFO com.ulisesbocchio.jasyptspringboot.configuration.EnableEncryptablePropertiesBeanFactoryPostProcessor [main] Post-processing PropertySource instances
2019-04-16 19:28:06,870 INFO com.ulisesbocchio.jasyptspringboot.EncryptablePropertySourceConverter [main] Converting PropertySource configurationProperties [org.springframework.boot.context.properties.source.ConfigurationPropertySourcesPropertySource] to AOP Proxy
2019-04-16 19:28:06,870 INFO com.ulisesbocchio.jasyptspringboot.EncryptablePropertySourceConverter [main] Converting PropertySource Inlined Test Properties [org.springframework.core.env.MapPropertySource] to EncryptableMapPropertySourceWrapper
2019-04-16 19:28:06,870 INFO com.ulisesbocchio.jasyptspringboot.EncryptablePropertySourceConverter [main] Converting PropertySource systemProperties [org.springframework.core.env.MapPropertySource] to EncryptableMapPropertySourceWrapper
2019-04-16 19:28:06,870 INFO com.ulisesbocchio.jasyptspringboot.EncryptablePropertySourceConverter [main] Converting PropertySource systemEnvironment [org.springframework.boot.env.SystemEnvironmentPropertySourceEnvironmentPostProcessor$OriginAwareSystemEnvironmentPropertySource] to EncryptableMapPropertySourceWrapper
2019-04-16 19:28:06,870 INFO com.ulisesbocchio.jasyptspringboot.EncryptablePropertySourceConverter [main] Converting PropertySource random [org.springframework.boot.env.RandomValuePropertySource] to EncryptablePropertySourceWrapper
2019-04-16 19:28:06,870 INFO com.ulisesbocchio.jasyptspringboot.EncryptablePropertySourceConverter [main] Converting PropertySource applicationConfig: [classpath:/application.properties] [org.springframework.boot.env.OriginTrackedMapPropertySource] to EncryptableMapPropertySourceWrapper
2019-04-16 19:28:08,288 INFO com.ulisesbocchio.jasyptspringboot.filter.DefaultLazyPropertyFilter [main] Property Filter custom Bean not found with name 'encryptablePropertyFilter'. Initializing Default Property Filter
2019-04-16 19:28:08,388 INFO org.springframework.context.support.PostProcessorRegistrationDelegate$BeanPostProcessorChecker [main] Bean 'org.springframework.transaction.annotation.ProxyTransactionManagementConfiguration' of type [org.springframework.transaction.annotation.ProxyTransactionManagementConfiguration$$EnhancerBySpringCGLIB$$1a419f47] is not eligible for getting processed by all BeanPostProcessors (for example: not eligible for auto-proxying)
2019-04-16 19:28:10,842 INFO com.ulisesbocchio.jasyptspringboot.resolver.DefaultLazyPropertyResolver [main] Property Resolver custom Bean not found with name 'encryptablePropertyResolver'. Initializing Default Property Resolver
2019-04-16 19:28:10,845 INFO com.ulisesbocchio.jasyptspringboot.detector.DefaultLazyPropertyDetector [main] Property Detector custom Bean not found with name 'encryptablePropertyDetector'. Initializing Default Property Detector
2019-04-16 19:28:13,263 INFO com.zaxxer.hikari.HikariDataSource [main] HikariPool-1 - Starting...
2019-04-16 19:28:17,194 INFO com.zaxxer.hikari.HikariDataSource [main] HikariPool-1 - Start completed.
2019-04-16 19:28:18,027 INFO org.hibernate.jpa.internal.util.LogHelper [main] HHH000204: Processing PersistenceUnitInfo [
	name: default
	...]
2019-04-16 19:28:19,413 INFO org.hibernate.Version [main] HHH000412: Hibernate Core {5.3.7.Final}
2019-04-16 19:28:19,432 INFO org.hibernate.cfg.Environment [main] HHH000206: hibernate.properties not found
2019-04-16 19:28:22,750 INFO org.hibernate.annotations.common.reflection.java.JavaReflectionManager [main] HCANN000001: Hibernate Commons Annotations {5.0.4.Final}
2019-04-16 19:28:33,947 INFO org.hibernate.dialect.Dialect [main] HHH000400: Using dialect: org.hibernate.dialect.MariaDB103Dialect
2019-04-16 19:28:35,076 WARN org.hibernate.boot.internal.InFlightMetadataCollectorImpl [main] HHH000069: Duplicate generator name sequence
2019-04-16 19:28:35,091 WARN org.hibernate.boot.internal.InFlightMetadataCollectorImpl [main] HHH000069: Duplicate generator name sequence
2019-04-16 19:28:35,122 WARN org.hibernate.boot.internal.InFlightMetadataCollectorImpl [main] HHH000069: Duplicate generator name sequence
2019-04-16 19:28:35,307 WARN org.hibernate.id.SequenceGenerator [main] HHH90000014: Found use of deprecated [org.hibernate.id.SequenceHiLoGenerator] sequence-based id generator; use org.hibernate.id.enhanced.SequenceStyleGenerator instead.  See Hibernate Domain Model Mapping Guide for details.
2019-04-16 19:28:35,323 WARN org.hibernate.id.SequenceGenerator [main] HHH90000014: Found use of deprecated [org.hibernate.id.SequenceHiLoGenerator] sequence-based id generator; use org.hibernate.id.enhanced.SequenceStyleGenerator instead.  See Hibernate Domain Model Mapping Guide for details.
2019-04-16 19:28:35,323 WARN org.hibernate.id.SequenceGenerator [main] HHH90000014: Found use of deprecated [org.hibernate.id.SequenceHiLoGenerator] sequence-based id generator; use org.hibernate.id.enhanced.SequenceStyleGenerator instead.  See Hibernate Domain Model Mapping Guide for details.
2019-04-16 19:28:35,323 WARN org.hibernate.id.SequenceGenerator [main] HHH90000014: Found use of deprecated [org.hibernate.id.SequenceHiLoGenerator] sequence-based id generator; use org.hibernate.id.enhanced.SequenceStyleGenerator instead.  See Hibernate Domain Model Mapping Guide for details.
2019-04-16 19:28:35,323 WARN org.hibernate.id.SequenceGenerator [main] HHH90000014: Found use of deprecated [org.hibernate.id.SequenceHiLoGenerator] sequence-based id generator; use org.hibernate.id.enhanced.SequenceStyleGenerator instead.  See Hibernate Domain Model Mapping Guide for details.
2019-04-16 19:28:42,099 INFO org.springframework.orm.jpa.AbstractEntityManagerFactoryBean [main] Initialized JPA EntityManagerFactory for persistence unit 'default'
2019-04-16 19:28:49,655 INFO org.springframework.scheduling.concurrent.ExecutorConfigurationSupport [main] Initializing ExecutorService 'applicationTaskExecutor'
2019-04-16 19:28:52,281 INFO org.springframework.boot.autoconfigure.web.servlet.WelcomePageHandlerMapping [main] Adding welcome page template: index
2019-04-16 19:28:54,653 INFO org.springframework.security.web.DefaultSecurityFilterChain [main] Creating filter chain: any request, [org.springframework.security.web.context.request.async.WebAsyncManagerIntegrationFilter@4213bc3e, org.springframework.security.web.context.SecurityContextPersistenceFilter@65262308, org.springframework.security.web.header.HeaderWriterFilter@335b3d6, org.springframework.security.web.authentication.logout.LogoutFilter@5d22604e, org.springframework.security.web.authentication.UsernamePasswordAuthenticationFilter@4e1a3d5a, org.springframework.security.web.savedrequest.RequestCacheAwareFilter@511d5e6e, org.springframework.security.web.servletapi.SecurityContextHolderAwareRequestFilter@54997f67, org.springframework.security.web.authentication.AnonymousAuthenticationFilter@6aaa678d, org.springframework.security.web.session.SessionManagementFilter@38848217, org.springframework.security.web.access.ExceptionTranslationFilter@3c743d40, org.springframework.security.web.access.intercept.FilterSecurityInterceptor@cb318ac]
2019-04-16 19:28:55,285 INFO com.astrology.web.astroweb.repositories.bootstrap.UserLoader [main] Context refreshed. Reached UserLoader
2019-04-16 19:28:56,149 INFO org.hibernate.hql.internal.QueryTranslatorFactoryInitiator [main] HHH000397: Using ASTQueryTranslatorFactory
2019-04-16 19:29:06,600 INFO com.astrology.web.astroweb.repositories.bootstrap.UserLoader [main] Saved data User(firstName=Shamik, lastName=Sinha, email=abc@cd.com, password={bcrypt}$2a$10$SVw0KbOGfetnjSlq8KmmPOqoNzj2fr6JOmhqVr8R.Gze.eQhSSOUC, role=USER, textPass=null, username=abc@cd.com, phone=+919916099778, products=[], bookings=[], paymentOrders=[])
2019-04-16 19:29:06,600 INFO com.astrology.web.astroweb.repositories.bootstrap.UserLoader [main] Saved data User(firstName=Shamik1, lastName=Sinha1, email=abc@cde.com, password={bcrypt}$2a$10$0DTe5waY/wcuXSfi1w2RDO.g17u8eWAcOxQFNXX1YmDVgwvCH8Sti, role=USER, textPass=null, username=abc@cde.com, phone=+919916099778, products=[], bookings=[], paymentOrders=[])
2019-04-16 19:29:06,716 INFO org.springframework.boot.StartupInfoLogger [main] Started AstroWebApplicationTests in 94.785 seconds (JVM running for 106.574)
2019-04-16 19:29:09,126 INFO org.springframework.scheduling.concurrent.ExecutorConfigurationSupport [Thread-3] Shutting down ExecutorService 'applicationTaskExecutor'
2019-04-16 19:29:09,134 INFO org.springframework.orm.jpa.AbstractEntityManagerFactoryBean [Thread-3] Closing JPA EntityManagerFactory for persistence unit 'default'
2019-04-16 19:29:09,156 INFO com.zaxxer.hikari.HikariDataSource [Thread-3] HikariPool-1 - Shutdown initiated...
2019-04-16 19:29:09,335 INFO com.zaxxer.hikari.HikariDataSource [Thread-3] HikariPool-1 - Shutdown completed.
