2019-04-11 09:37:09,006 INFO org.springframework.boot.StartupInfoLogger [main] Starting AstroWebApplication on LP-GH1P882 with PID 4424 (started by shamikchandra.s in C:\Users\shamikchandra.s\OneDrive - HCL Technologies Ltd\Java\Spring\astro-web\astro-web)
2019-04-11 09:37:09,109 INFO org.springframework.boot.SpringApplication [main] The following profiles are active: springdatajpa
2019-04-11 09:37:16,158 INFO org.springframework.data.repository.config.RepositoryConfigurationDelegate [main] Bootstrapping Spring Data repositories in DEFAULT mode.
2019-04-11 09:37:16,794 INFO org.springframework.data.repository.config.RepositoryConfigurationDelegate [main] Finished Spring Data repository scanning in 576ms. Found 3 repository interfaces.
2019-04-11 09:37:20,645 INFO com.ulisesbocchio.jasyptspringboot.configuration.EnableEncryptablePropertiesBeanFactoryPostProcessor [main] Post-processing PropertySource instances
2019-04-11 09:37:21,255 INFO com.ulisesbocchio.jasyptspringboot.EncryptablePropertySourceConverter [main] Converting PropertySource configurationProperties [org.springframework.boot.context.properties.source.ConfigurationPropertySourcesPropertySource] to AOP Proxy
2019-04-11 09:37:21,272 INFO com.ulisesbocchio.jasyptspringboot.EncryptablePropertySourceConverter [main] Converting PropertySource servletConfigInitParams [org.springframework.core.env.PropertySource$StubPropertySource] to EncryptablePropertySourceWrapper
2019-04-11 09:37:21,283 INFO com.ulisesbocchio.jasyptspringboot.EncryptablePropertySourceConverter [main] Converting PropertySource servletContextInitParams [org.springframework.core.env.PropertySource$StubPropertySource] to EncryptablePropertySourceWrapper
2019-04-11 09:37:21,304 INFO com.ulisesbocchio.jasyptspringboot.EncryptablePropertySourceConverter [main] Converting PropertySource systemProperties [org.springframework.core.env.MapPropertySource] to EncryptableMapPropertySourceWrapper
2019-04-11 09:37:21,387 INFO com.ulisesbocchio.jasyptspringboot.EncryptablePropertySourceConverter [main] Converting PropertySource systemEnvironment [org.springframework.boot.env.SystemEnvironmentPropertySourceEnvironmentPostProcessor$OriginAwareSystemEnvironmentPropertySource] to EncryptableMapPropertySourceWrapper
2019-04-11 09:37:21,390 INFO com.ulisesbocchio.jasyptspringboot.EncryptablePropertySourceConverter [main] Converting PropertySource random [org.springframework.boot.env.RandomValuePropertySource] to EncryptablePropertySourceWrapper
2019-04-11 09:37:21,394 INFO com.ulisesbocchio.jasyptspringboot.EncryptablePropertySourceConverter [main] Converting PropertySource applicationConfig: [classpath:/application.properties] [org.springframework.boot.env.OriginTrackedMapPropertySource] to EncryptableMapPropertySourceWrapper
2019-04-11 09:37:21,878 INFO com.ulisesbocchio.jasyptspringboot.filter.DefaultLazyPropertyFilter [main] Property Filter custom Bean not found with name 'encryptablePropertyFilter'. Initializing Default Property Filter
2019-04-11 09:37:22,010 INFO org.springframework.context.support.PostProcessorRegistrationDelegate$BeanPostProcessorChecker [main] Bean 'org.springframework.transaction.annotation.ProxyTransactionManagementConfiguration' of type [org.springframework.transaction.annotation.ProxyTransactionManagementConfiguration$$EnhancerBySpringCGLIB$$3c9a52ac] is not eligible for getting processed by all BeanPostProcessors (for example: not eligible for auto-proxying)
2019-04-11 09:37:26,471 INFO org.springframework.boot.web.embedded.tomcat.TomcatWebServer [main] Tomcat initialized with port(s): 8080 (http)
2019-04-11 09:37:26,615 INFO org.apache.juli.logging.DirectJDKLog [main] Initializing ProtocolHandler ["http-nio-8080"]
2019-04-11 09:37:26,729 INFO org.apache.juli.logging.DirectJDKLog [main] Starting service [Tomcat]
2019-04-11 09:37:26,751 INFO org.apache.juli.logging.DirectJDKLog [main] Starting Servlet engine: [Apache Tomcat/9.0.16]
2019-04-11 09:37:26,836 INFO org.apache.juli.logging.DirectJDKLog [main] The APR based Apache Tomcat Native library which allows optimal performance in production environments was not found on the java.library.path: [C:\Users\shamikchandra.s\OneDrive - HCL Technologies Ltd\Java\Java\jdk\bin;C:\WINDOWS\Sun\Java\bin;C:\WINDOWS\system32;C:\WINDOWS;C:\Users\shamikchandra.s\OneDrive - HCL Technologies Ltd\PortableNodeDevEnv\sass-1.17.2;C:\Users\shamikchandra.s\OneDrive - HCL Technologies Ltd\PortableNodeDevEnv\git\bin;C:\Users\shamikchandra.s\OneDrive - HCL Technologies Ltd\PortableNodeDevEnv\nodejs;C:\Users\shamikchandra.s\OneDrive - HCL Technologies Ltd\Python\python-3.6.8-embed-amd64\Scripts;C:\Users\shamikchandra.s\OneDrive - HCL Technologies Ltd\Python\python-3.6.8-embed-amd64;C:\Program Files (x86)\Common Files\Oracle\Java\javapath;C:\WINDOWS\system32;C:\WINDOWS;C:\WINDOWS\System32\Wbem;C:\WINDOWS\System32\WindowsPowerShell\v1.0\;C:\Windows\CCM;C:\Users\shamikchandra.s\AppData\Local\Microsoft\WindowsApps;;.]
2019-04-11 09:37:28,239 INFO org.apache.juli.logging.DirectJDKLog [main] Initializing Spring embedded WebApplicationContext
2019-04-11 09:37:28,241 INFO org.springframework.boot.web.servlet.context.ServletWebServerApplicationContext [main] Root WebApplicationContext: initialization completed in 18567 ms
2019-04-11 09:37:28,280 INFO com.ulisesbocchio.jasyptspringboot.resolver.DefaultLazyPropertyResolver [main] Property Resolver custom Bean not found with name 'encryptablePropertyResolver'. Initializing Default Property Resolver
2019-04-11 09:37:28,293 INFO com.ulisesbocchio.jasyptspringboot.detector.DefaultLazyPropertyDetector [main] Property Detector custom Bean not found with name 'encryptablePropertyDetector'. Initializing Default Property Detector
2019-04-11 09:37:29,659 INFO com.zaxxer.hikari.HikariDataSource [main] HikariPool-1 - Starting...
2019-04-11 09:37:40,874 INFO com.zaxxer.hikari.HikariDataSource [main] HikariPool-1 - Start completed.
2019-04-11 09:37:41,435 INFO org.hibernate.jpa.internal.util.LogHelper [main] HHH000204: Processing PersistenceUnitInfo [
	name: default
	...]
2019-04-11 09:37:42,737 INFO org.hibernate.Version [main] HHH000412: Hibernate Core {5.3.7.Final}
2019-04-11 09:37:42,742 INFO org.hibernate.cfg.Environment [main] HHH000206: hibernate.properties not found
2019-04-11 09:37:44,937 INFO org.hibernate.annotations.common.reflection.java.JavaReflectionManager [main] HCANN000001: Hibernate Commons Annotations {5.0.4.Final}
2019-04-11 09:37:46,249 INFO org.hibernate.dialect.Dialect [main] HHH000400: Using dialect: org.hibernate.dialect.H2Dialect
2019-04-11 09:37:53,385 INFO org.springframework.orm.jpa.AbstractEntityManagerFactoryBean [main] Initialized JPA EntityManagerFactory for persistence unit 'default'
2019-04-11 09:37:57,921 INFO org.springframework.scheduling.concurrent.ExecutorConfigurationSupport [main] Initializing ExecutorService 'applicationTaskExecutor'
2019-04-11 09:37:59,294 INFO org.springframework.boot.autoconfigure.web.servlet.WelcomePageHandlerMapping [main] Adding welcome page template: index
2019-04-11 09:38:01,205 INFO org.springframework.security.web.DefaultSecurityFilterChain [main] Creating filter chain: any request, [org.springframework.security.web.context.request.async.WebAsyncManagerIntegrationFilter@11fc38be, org.springframework.security.web.context.SecurityContextPersistenceFilter@4ed0269d, org.springframework.security.web.header.HeaderWriterFilter@59a97ba3, org.springframework.security.web.authentication.logout.LogoutFilter@2aad215f, org.springframework.security.web.authentication.UsernamePasswordAuthenticationFilter@ce4ee7e, org.springframework.security.web.savedrequest.RequestCacheAwareFilter@7f0314fa, org.springframework.security.web.servletapi.SecurityContextHolderAwareRequestFilter@5f7e7914, org.springframework.security.web.authentication.AnonymousAuthenticationFilter@2e2c192e, org.springframework.security.web.session.SessionManagementFilter@4e10419d, org.springframework.security.web.access.ExceptionTranslationFilter@5472253c, org.springframework.security.web.access.intercept.FilterSecurityInterceptor@602143f1]
2019-04-11 09:38:01,608 INFO com.astrology.web.astroweb.repositories.bootstrap.UserLoader [main] Context refreshed. Reached UserLoader
2019-04-11 09:38:01,841 INFO org.hibernate.hql.internal.QueryTranslatorFactoryInitiator [main] HHH000397: Using ASTQueryTranslatorFactory
2019-04-11 09:38:04,829 INFO com.astrology.web.astroweb.repositories.bootstrap.UserLoader [main] Saved data User(firstName=Shamik, lastName=Sinha, email=abc@cd.com, password={bcrypt}$2a$10$OX/KfW/54t1YD6LzJQJI6.I.KzLv0yzmXbefvhbDWNz70sDAerYYa, role=USER, textPass=null, username=abc@cd.com, phone=+919916099778, products=[], bookings=[], paymentOrders=[])
2019-04-11 09:38:04,835 INFO com.astrology.web.astroweb.repositories.bootstrap.UserLoader [main] Saved data User(firstName=Shamik1, lastName=Sinha1, email=abc@cde.com, password={bcrypt}$2a$10$E9e4bHopFYtz5YjBrd8zQepCN7xXqPIuJZYJ1yIrLrQQrw.PvPxke, role=USER, textPass=null, username=abc@cde.com, phone=+919916099778, products=[], bookings=[], paymentOrders=[])
2019-04-11 09:38:04,880 INFO org.apache.juli.logging.DirectJDKLog [main] Starting ProtocolHandler ["http-nio-8080"]
2019-04-11 09:38:05,306 INFO org.springframework.boot.web.embedded.tomcat.TomcatWebServer [main] Tomcat started on port(s): 8080 (http) with context path ''
2019-04-11 09:38:05,332 INFO org.springframework.boot.StartupInfoLogger [main] Started AstroWebApplication in 64.057 seconds (JVM running for 194.837)
2019-04-11 09:42:28,693 INFO org.apache.juli.logging.DirectJDKLog [http-nio-8080-exec-1] Initializing Spring DispatcherServlet 'dispatcherServlet'
2019-04-11 09:42:28,702 INFO org.springframework.web.servlet.FrameworkServlet [http-nio-8080-exec-1] Initializing Servlet 'dispatcherServlet'
2019-04-11 09:42:29,140 INFO org.springframework.web.servlet.FrameworkServlet [http-nio-8080-exec-1] Completed initialization in 419 ms
2019-04-11 09:45:29,978 INFO org.springframework.scheduling.concurrent.ExecutorConfigurationSupport [Thread-5] Shutting down ExecutorService 'applicationTaskExecutor'
2019-04-11 09:45:29,993 INFO org.springframework.orm.jpa.AbstractEntityManagerFactoryBean [Thread-5] Closing JPA EntityManagerFactory for persistence unit 'default'
2019-04-11 09:45:30,023 INFO com.zaxxer.hikari.HikariDataSource [Thread-5] HikariPool-1 - Shutdown initiated...
2019-04-11 09:45:30,787 INFO com.zaxxer.hikari.HikariDataSource [Thread-5] HikariPool-1 - Shutdown completed.
2019-04-11 09:49:32,593 INFO org.springframework.boot.StartupInfoLogger [main] Starting AstroWebApplication on LP-GH1P882 with PID 20168 (started by shamikchandra.s in C:\Users\shamikchandra.s\OneDrive - HCL Technologies Ltd\Java\Spring\astro-web\astro-web)
2019-04-11 09:49:32,646 INFO org.springframework.boot.SpringApplication [main] The following profiles are active: springdatajpa
2019-04-11 09:49:37,111 INFO org.springframework.data.repository.config.RepositoryConfigurationDelegate [main] Bootstrapping Spring Data repositories in DEFAULT mode.
2019-04-11 09:49:37,501 INFO org.springframework.data.repository.config.RepositoryConfigurationDelegate [main] Finished Spring Data repository scanning in 268ms. Found 3 repository interfaces.
2019-04-11 09:49:39,701 INFO com.ulisesbocchio.jasyptspringboot.configuration.EnableEncryptablePropertiesBeanFactoryPostProcessor [main] Post-processing PropertySource instances
2019-04-11 09:49:40,079 INFO com.ulisesbocchio.jasyptspringboot.EncryptablePropertySourceConverter [main] Converting PropertySource configurationProperties [org.springframework.boot.context.properties.source.ConfigurationPropertySourcesPropertySource] to AOP Proxy
2019-04-11 09:49:40,083 INFO com.ulisesbocchio.jasyptspringboot.EncryptablePropertySourceConverter [main] Converting PropertySource servletConfigInitParams [org.springframework.core.env.PropertySource$StubPropertySource] to EncryptablePropertySourceWrapper
2019-04-11 09:49:40,094 INFO com.ulisesbocchio.jasyptspringboot.EncryptablePropertySourceConverter [main] Converting PropertySource servletContextInitParams [org.springframework.core.env.PropertySource$StubPropertySource] to EncryptablePropertySourceWrapper
2019-04-11 09:49:40,118 INFO com.ulisesbocchio.jasyptspringboot.EncryptablePropertySourceConverter [main] Converting PropertySource systemProperties [org.springframework.core.env.MapPropertySource] to EncryptableMapPropertySourceWrapper
2019-04-11 09:49:40,189 INFO com.ulisesbocchio.jasyptspringboot.EncryptablePropertySourceConverter [main] Converting PropertySource systemEnvironment [org.springframework.boot.env.SystemEnvironmentPropertySourceEnvironmentPostProcessor$OriginAwareSystemEnvironmentPropertySource] to EncryptableMapPropertySourceWrapper
2019-04-11 09:49:40,208 INFO com.ulisesbocchio.jasyptspringboot.EncryptablePropertySourceConverter [main] Converting PropertySource random [org.springframework.boot.env.RandomValuePropertySource] to EncryptablePropertySourceWrapper
2019-04-11 09:49:40,211 INFO com.ulisesbocchio.jasyptspringboot.EncryptablePropertySourceConverter [main] Converting PropertySource applicationConfig: [classpath:/application.properties] [org.springframework.boot.env.OriginTrackedMapPropertySource] to EncryptableMapPropertySourceWrapper
2019-04-11 09:49:40,506 INFO com.ulisesbocchio.jasyptspringboot.filter.DefaultLazyPropertyFilter [main] Property Filter custom Bean not found with name 'encryptablePropertyFilter'. Initializing Default Property Filter
2019-04-11 09:49:40,657 INFO org.springframework.context.support.PostProcessorRegistrationDelegate$BeanPostProcessorChecker [main] Bean 'org.springframework.transaction.annotation.ProxyTransactionManagementConfiguration' of type [org.springframework.transaction.annotation.ProxyTransactionManagementConfiguration$$EnhancerBySpringCGLIB$$9678346a] is not eligible for getting processed by all BeanPostProcessors (for example: not eligible for auto-proxying)
2019-04-11 09:49:42,742 INFO org.springframework.boot.web.embedded.tomcat.TomcatWebServer [main] Tomcat initialized with port(s): 8080 (http)
2019-04-11 09:49:42,905 INFO org.apache.juli.logging.DirectJDKLog [main] Initializing ProtocolHandler ["http-nio-8080"]
2019-04-11 09:49:42,990 INFO org.apache.juli.logging.DirectJDKLog [main] Starting service [Tomcat]
2019-04-11 09:49:43,010 INFO org.apache.juli.logging.DirectJDKLog [main] Starting Servlet engine: [Apache Tomcat/9.0.16]
2019-04-11 09:49:43,068 INFO org.apache.juli.logging.DirectJDKLog [main] The APR based Apache Tomcat Native library which allows optimal performance in production environments was not found on the java.library.path: [C:\Users\shamikchandra.s\OneDrive - HCL Technologies Ltd\Java\Java\jdk\bin;C:\WINDOWS\Sun\Java\bin;C:\WINDOWS\system32;C:\WINDOWS;C:\Users\shamikchandra.s\OneDrive - HCL Technologies Ltd\PortableNodeDevEnv\sass-1.17.2;C:\Users\shamikchandra.s\OneDrive - HCL Technologies Ltd\PortableNodeDevEnv\git\bin;C:\Users\shamikchandra.s\OneDrive - HCL Technologies Ltd\PortableNodeDevEnv\nodejs;C:\Users\shamikchandra.s\OneDrive - HCL Technologies Ltd\Python\python-3.6.8-embed-amd64\Scripts;C:\Users\shamikchandra.s\OneDrive - HCL Technologies Ltd\Python\python-3.6.8-embed-amd64;C:\Program Files (x86)\Common Files\Oracle\Java\javapath;C:\WINDOWS\system32;C:\WINDOWS;C:\WINDOWS\System32\Wbem;C:\WINDOWS\System32\WindowsPowerShell\v1.0\;C:\Windows\CCM;C:\Users\shamikchandra.s\AppData\Local\Microsoft\WindowsApps;;.]
2019-04-11 09:49:44,362 INFO org.apache.juli.logging.DirectJDKLog [main] Initializing Spring embedded WebApplicationContext
2019-04-11 09:49:44,388 INFO org.springframework.boot.web.servlet.context.ServletWebServerApplicationContext [main] Root WebApplicationContext: initialization completed in 11462 ms
2019-04-11 09:49:44,482 INFO com.ulisesbocchio.jasyptspringboot.resolver.DefaultLazyPropertyResolver [main] Property Resolver custom Bean not found with name 'encryptablePropertyResolver'. Initializing Default Property Resolver
2019-04-11 09:49:44,491 INFO com.ulisesbocchio.jasyptspringboot.detector.DefaultLazyPropertyDetector [main] Property Detector custom Bean not found with name 'encryptablePropertyDetector'. Initializing Default Property Detector
2019-04-11 09:49:46,040 INFO com.zaxxer.hikari.HikariDataSource [main] HikariPool-1 - Starting...
2019-04-11 09:49:46,893 INFO com.zaxxer.hikari.HikariDataSource [main] HikariPool-1 - Start completed.
2019-04-11 09:49:47,304 INFO org.hibernate.jpa.internal.util.LogHelper [main] HHH000204: Processing PersistenceUnitInfo [
	name: default
	...]
2019-04-11 09:49:48,071 INFO org.hibernate.Version [main] HHH000412: Hibernate Core {5.3.7.Final}
2019-04-11 09:49:48,083 INFO org.hibernate.cfg.Environment [main] HHH000206: hibernate.properties not found
2019-04-11 09:49:49,773 INFO org.hibernate.annotations.common.reflection.java.JavaReflectionManager [main] HCANN000001: Hibernate Commons Annotations {5.0.4.Final}
2019-04-11 09:49:51,042 INFO org.hibernate.dialect.Dialect [main] HHH000400: Using dialect: org.hibernate.dialect.H2Dialect
2019-04-11 09:50:02,176 INFO org.springframework.orm.jpa.AbstractEntityManagerFactoryBean [main] Initialized JPA EntityManagerFactory for persistence unit 'default'
2019-04-11 09:50:06,678 INFO org.springframework.scheduling.concurrent.ExecutorConfigurationSupport [main] Initializing ExecutorService 'applicationTaskExecutor'
2019-04-11 09:50:07,639 INFO org.springframework.boot.autoconfigure.web.servlet.WelcomePageHandlerMapping [main] Adding welcome page template: index
2019-04-11 09:50:08,871 INFO org.springframework.security.web.DefaultSecurityFilterChain [main] Creating filter chain: any request, [org.springframework.security.web.context.request.async.WebAsyncManagerIntegrationFilter@6dcede9c, org.springframework.security.web.context.SecurityContextPersistenceFilter@775bcdca, org.springframework.security.web.header.HeaderWriterFilter@37f1a5fe, org.springframework.security.web.authentication.logout.LogoutFilter@672c492e, org.springframework.security.web.authentication.UsernamePasswordAuthenticationFilter@8806863, org.springframework.security.web.savedrequest.RequestCacheAwareFilter@2cb94b36, org.springframework.security.web.servletapi.SecurityContextHolderAwareRequestFilter@1cd1f0b5, org.springframework.security.web.authentication.AnonymousAuthenticationFilter@14b0896d, org.springframework.security.web.session.SessionManagementFilter@fc11d7, org.springframework.security.web.access.ExceptionTranslationFilter@7cf80705, org.springframework.security.web.access.intercept.FilterSecurityInterceptor@3da06a9e]
2019-04-11 09:50:09,344 INFO com.astrology.web.astroweb.repositories.bootstrap.UserLoader [main] Context refreshed. Reached UserLoader
2019-04-11 09:50:09,581 INFO org.hibernate.hql.internal.QueryTranslatorFactoryInitiator [main] HHH000397: Using ASTQueryTranslatorFactory
2019-04-11 09:50:11,053 INFO com.astrology.web.astroweb.repositories.bootstrap.UserLoader [main] Saved data User(firstName=Shamik, lastName=Sinha, email=abc@cd.com, password={bcrypt}$2a$10$Hba/Q3TrAhZDsuW.1q/RSOOKG9upE2cVPXuwVxfdzzpcz7BVxsA/q, role=USER, textPass=null, username=abc@cd.com, phone=+919916099778, products=[], bookings=[], paymentOrders=[])
2019-04-11 09:50:11,069 INFO com.astrology.web.astroweb.repositories.bootstrap.UserLoader [main] Saved data User(firstName=Shamik1, lastName=Sinha1, email=abc@cde.com, password={bcrypt}$2a$10$J4X2OSuaiJjBC1PnWE2needjk5GjtXmXpxNVyM9k.RTntLLkAV11i, role=USER, textPass=null, username=abc@cde.com, phone=+919916099778, products=[], bookings=[], paymentOrders=[])
2019-04-11 09:50:11,166 INFO org.apache.juli.logging.DirectJDKLog [main] Starting ProtocolHandler ["http-nio-8080"]
2019-04-11 09:50:11,667 INFO org.springframework.boot.web.embedded.tomcat.TomcatWebServer [main] Tomcat started on port(s): 8080 (http) with context path ''
2019-04-11 09:50:11,731 INFO org.springframework.boot.StartupInfoLogger [main] Started AstroWebApplication in 42.943 seconds (JVM running for 139.483)
2019-04-11 09:50:36,300 INFO org.apache.juli.logging.DirectJDKLog [http-nio-8080-exec-1] Initializing Spring DispatcherServlet 'dispatcherServlet'
2019-04-11 09:50:36,310 INFO org.springframework.web.servlet.FrameworkServlet [http-nio-8080-exec-1] Initializing Servlet 'dispatcherServlet'
2019-04-11 09:50:36,441 INFO org.springframework.web.servlet.FrameworkServlet [http-nio-8080-exec-1] Completed initialization in 127 ms
2019-04-11 10:19:49,150 WARN com.zaxxer.hikari.pool.HikariPool$HouseKeeper [HikariPool-1 housekeeper] HikariPool-1 - Thread starvation or clock leap detected (housekeeper delta=56s111ms843µs147ns).
2019-04-11 10:20:35,684 WARN com.zaxxer.hikari.pool.HikariPool$HouseKeeper [HikariPool-1 housekeeper] HikariPool-1 - Thread starvation or clock leap detected (housekeeper delta=51s683ms174µs946ns).
2019-04-11 10:24:55,792 INFO org.springframework.boot.StartupInfoLogger [main] Starting AstroWebApplication on LP-GH1P882 with PID 15296 (started by shamikchandra.s in C:\Users\shamikchandra.s\OneDrive - HCL Technologies Ltd\Java\Spring\astro-web\astro-web)
2019-04-11 10:24:55,823 INFO org.springframework.boot.SpringApplication [main] The following profiles are active: springdatajpa
2019-04-11 10:25:01,342 INFO org.springframework.data.repository.config.RepositoryConfigurationDelegate [main] Bootstrapping Spring Data repositories in DEFAULT mode.
2019-04-11 10:25:01,727 INFO org.springframework.data.repository.config.RepositoryConfigurationDelegate [main] Finished Spring Data repository scanning in 295ms. Found 3 repository interfaces.
2019-04-11 10:25:06,525 INFO com.ulisesbocchio.jasyptspringboot.configuration.EnableEncryptablePropertiesBeanFactoryPostProcessor [main] Post-processing PropertySource instances
2019-04-11 10:25:07,025 INFO com.ulisesbocchio.jasyptspringboot.EncryptablePropertySourceConverter [main] Converting PropertySource configurationProperties [org.springframework.boot.context.properties.source.ConfigurationPropertySourcesPropertySource] to AOP Proxy
2019-04-11 10:25:07,028 INFO com.ulisesbocchio.jasyptspringboot.EncryptablePropertySourceConverter [main] Converting PropertySource servletConfigInitParams [org.springframework.core.env.PropertySource$StubPropertySource] to EncryptablePropertySourceWrapper
2019-04-11 10:25:07,032 INFO com.ulisesbocchio.jasyptspringboot.EncryptablePropertySourceConverter [main] Converting PropertySource servletContextInitParams [org.springframework.core.env.PropertySource$StubPropertySource] to EncryptablePropertySourceWrapper
2019-04-11 10:25:07,036 INFO com.ulisesbocchio.jasyptspringboot.EncryptablePropertySourceConverter [main] Converting PropertySource systemProperties [org.springframework.core.env.MapPropertySource] to EncryptableMapPropertySourceWrapper
2019-04-11 10:25:07,044 INFO com.ulisesbocchio.jasyptspringboot.EncryptablePropertySourceConverter [main] Converting PropertySource systemEnvironment [org.springframework.boot.env.SystemEnvironmentPropertySourceEnvironmentPostProcessor$OriginAwareSystemEnvironmentPropertySource] to EncryptableMapPropertySourceWrapper
2019-04-11 10:25:07,096 INFO com.ulisesbocchio.jasyptspringboot.EncryptablePropertySourceConverter [main] Converting PropertySource random [org.springframework.boot.env.RandomValuePropertySource] to EncryptablePropertySourceWrapper
2019-04-11 10:25:07,100 INFO com.ulisesbocchio.jasyptspringboot.EncryptablePropertySourceConverter [main] Converting PropertySource applicationConfig: [classpath:/application.properties] [org.springframework.boot.env.OriginTrackedMapPropertySource] to EncryptableMapPropertySourceWrapper
2019-04-11 10:25:07,568 INFO com.ulisesbocchio.jasyptspringboot.filter.DefaultLazyPropertyFilter [main] Property Filter custom Bean not found with name 'encryptablePropertyFilter'. Initializing Default Property Filter
2019-04-11 10:25:07,738 INFO org.springframework.context.support.PostProcessorRegistrationDelegate$BeanPostProcessorChecker [main] Bean 'org.springframework.transaction.annotation.ProxyTransactionManagementConfiguration' of type [org.springframework.transaction.annotation.ProxyTransactionManagementConfiguration$$EnhancerBySpringCGLIB$$298ea819] is not eligible for getting processed by all BeanPostProcessors (for example: not eligible for auto-proxying)
2019-04-11 10:25:11,110 INFO org.springframework.boot.web.embedded.tomcat.TomcatWebServer [main] Tomcat initialized with port(s): 8080 (http)
2019-04-11 10:25:11,458 INFO org.apache.juli.logging.DirectJDKLog [main] Initializing ProtocolHandler ["http-nio-8080"]
2019-04-11 10:25:11,550 INFO org.apache.juli.logging.DirectJDKLog [main] Starting service [Tomcat]
2019-04-11 10:25:11,558 INFO org.apache.juli.logging.DirectJDKLog [main] Starting Servlet engine: [Apache Tomcat/9.0.16]
2019-04-11 10:25:11,628 INFO org.apache.juli.logging.DirectJDKLog [main] The APR based Apache Tomcat Native library which allows optimal performance in production environments was not found on the java.library.path: [C:\Users\shamikchandra.s\OneDrive - HCL Technologies Ltd\Java\Java\jdk\bin;C:\WINDOWS\Sun\Java\bin;C:\WINDOWS\system32;C:\WINDOWS;C:\Users\shamikchandra.s\OneDrive - HCL Technologies Ltd\PortableNodeDevEnv\sass-1.17.2;C:\Users\shamikchandra.s\OneDrive - HCL Technologies Ltd\PortableNodeDevEnv\git\bin;C:\Users\shamikchandra.s\OneDrive - HCL Technologies Ltd\PortableNodeDevEnv\nodejs;C:\Users\shamikchandra.s\OneDrive - HCL Technologies Ltd\Python\python-3.6.8-embed-amd64\Scripts;C:\Users\shamikchandra.s\OneDrive - HCL Technologies Ltd\Python\python-3.6.8-embed-amd64;C:\Program Files (x86)\Common Files\Oracle\Java\javapath;C:\WINDOWS\system32;C:\WINDOWS;C:\WINDOWS\System32\Wbem;C:\WINDOWS\System32\WindowsPowerShell\v1.0\;C:\Windows\CCM;C:\Users\shamikchandra.s\AppData\Local\Microsoft\WindowsApps;;.]
2019-04-11 10:25:13,357 INFO org.apache.juli.logging.DirectJDKLog [main] Initializing Spring embedded WebApplicationContext
2019-04-11 10:25:13,360 INFO org.springframework.boot.web.servlet.context.ServletWebServerApplicationContext [main] Root WebApplicationContext: initialization completed in 17094 ms
2019-04-11 10:25:13,430 INFO com.ulisesbocchio.jasyptspringboot.resolver.DefaultLazyPropertyResolver [main] Property Resolver custom Bean not found with name 'encryptablePropertyResolver'. Initializing Default Property Resolver
2019-04-11 10:25:13,447 INFO com.ulisesbocchio.jasyptspringboot.detector.DefaultLazyPropertyDetector [main] Property Detector custom Bean not found with name 'encryptablePropertyDetector'. Initializing Default Property Detector
2019-04-11 10:25:15,048 INFO com.zaxxer.hikari.HikariDataSource [main] HikariPool-1 - Starting...
2019-04-11 10:25:18,356 INFO com.zaxxer.hikari.HikariDataSource [main] HikariPool-1 - Start completed.
2019-04-11 10:25:19,387 INFO org.hibernate.jpa.internal.util.LogHelper [main] HHH000204: Processing PersistenceUnitInfo [
	name: default
	...]
2019-04-11 10:25:23,275 INFO org.hibernate.Version [main] HHH000412: Hibernate Core {5.3.7.Final}
2019-04-11 10:25:23,293 INFO org.hibernate.cfg.Environment [main] HHH000206: hibernate.properties not found
2019-04-11 10:25:27,045 INFO org.hibernate.annotations.common.reflection.java.JavaReflectionManager [main] HCANN000001: Hibernate Commons Annotations {5.0.4.Final}
2019-04-11 10:25:29,027 INFO org.hibernate.dialect.Dialect [main] HHH000400: Using dialect: org.hibernate.dialect.H2Dialect
2019-04-11 10:25:38,964 INFO org.springframework.orm.jpa.AbstractEntityManagerFactoryBean [main] Initialized JPA EntityManagerFactory for persistence unit 'default'
2019-04-11 10:25:45,688 INFO org.springframework.scheduling.concurrent.ExecutorConfigurationSupport [main] Initializing ExecutorService 'applicationTaskExecutor'
2019-04-11 10:25:49,109 INFO org.springframework.boot.autoconfigure.web.servlet.WelcomePageHandlerMapping [main] Adding welcome page template: index
2019-04-11 10:25:50,861 INFO org.springframework.security.web.DefaultSecurityFilterChain [main] Creating filter chain: any request, [org.springframework.security.web.context.request.async.WebAsyncManagerIntegrationFilter@331b4457, org.springframework.security.web.context.SecurityContextPersistenceFilter@56468d62, org.springframework.security.web.header.HeaderWriterFilter@5df81644, org.springframework.security.web.authentication.logout.LogoutFilter@544ffd39, org.springframework.security.web.authentication.UsernamePasswordAuthenticationFilter@50cb71f6, org.springframework.security.web.savedrequest.RequestCacheAwareFilter@1266ddaf, org.springframework.security.web.servletapi.SecurityContextHolderAwareRequestFilter@4f950068, org.springframework.security.web.authentication.AnonymousAuthenticationFilter@5280e84b, org.springframework.security.web.session.SessionManagementFilter@71b7e0c9, org.springframework.security.web.access.ExceptionTranslationFilter@51506a2, org.springframework.security.web.access.intercept.FilterSecurityInterceptor@4d352bd0]
2019-04-11 10:25:51,258 INFO com.astrology.web.astroweb.repositories.bootstrap.UserLoader [main] Context refreshed. Reached UserLoader
2019-04-11 10:25:51,527 INFO org.hibernate.hql.internal.QueryTranslatorFactoryInitiator [main] HHH000397: Using ASTQueryTranslatorFactory
2019-04-11 10:25:54,044 INFO com.astrology.web.astroweb.repositories.bootstrap.UserLoader [main] Saved data User(firstName=Shamik, lastName=Sinha, email=abc@cd.com, password={bcrypt}$2a$10$qwio/QcI4RJmfcQ42THTZ..yAc0AqrwZrdOuAbBipaYG/8wB8KLUO, role=USER, textPass=null, username=abc@cd.com, phone=+919916099778, products=[], bookings=[], paymentOrders=[])
2019-04-11 10:25:54,049 INFO com.astrology.web.astroweb.repositories.bootstrap.UserLoader [main] Saved data User(firstName=Shamik1, lastName=Sinha1, email=abc@cde.com, password={bcrypt}$2a$10$qnlrW8K9R4arHLsDT7asDu2NQ9kC1bQK2gcg.rYGTuB0loUp2i0mS, role=USER, textPass=null, username=abc@cde.com, phone=+919916099778, products=[], bookings=[], paymentOrders=[])
2019-04-11 10:25:54,110 INFO org.apache.juli.logging.DirectJDKLog [main] Starting ProtocolHandler ["http-nio-8080"]
2019-04-11 10:25:54,846 INFO org.springframework.boot.web.embedded.tomcat.TomcatWebServer [main] Tomcat started on port(s): 8080 (http) with context path ''
2019-04-11 10:25:54,886 INFO org.springframework.boot.StartupInfoLogger [main] Started AstroWebApplication in 66.878 seconds (JVM running for 264.433)
2019-04-11 10:32:07,376 INFO org.apache.juli.logging.DirectJDKLog [http-nio-8080-exec-1] Initializing Spring DispatcherServlet 'dispatcherServlet'
2019-04-11 10:32:07,386 INFO org.springframework.web.servlet.FrameworkServlet [http-nio-8080-exec-1] Initializing Servlet 'dispatcherServlet'
2019-04-11 10:32:07,562 INFO org.springframework.web.servlet.FrameworkServlet [http-nio-8080-exec-1] Completed initialization in 164 ms
2019-04-11 10:32:29,277 INFO org.springframework.scheduling.concurrent.ExecutorConfigurationSupport [Thread-5] Shutting down ExecutorService 'applicationTaskExecutor'
2019-04-11 10:32:29,292 INFO org.springframework.orm.jpa.AbstractEntityManagerFactoryBean [Thread-5] Closing JPA EntityManagerFactory for persistence unit 'default'
2019-04-11 10:32:29,308 INFO com.zaxxer.hikari.HikariDataSource [Thread-5] HikariPool-1 - Shutdown initiated...
2019-04-11 10:32:29,508 INFO com.zaxxer.hikari.HikariDataSource [Thread-5] HikariPool-1 - Shutdown completed.
