2019-04-18 05:56:46,754 WARN com.zaxxer.hikari.pool.HikariPool$HouseKeeper [HikariPool-3 housekeeper] HikariPool-3 - Thread starvation or clock leap detected (housekeeper delta=3h28s674ms221탎900ns).
2019-04-18 07:42:38,334 WARN com.zaxxer.hikari.pool.HikariPool$HouseKeeper [HikariPool-3 housekeeper] HikariPool-3 - Thread starvation or clock leap detected (housekeeper delta=1h46m19s211ms682탎257ns).
2019-04-18 08:03:49,656 INFO org.springframework.scheduling.concurrent.ExecutorConfigurationSupport [Thread-18] Shutting down ExecutorService 'applicationTaskExecutor'
2019-04-18 08:03:54,171 INFO org.springframework.orm.jpa.AbstractEntityManagerFactoryBean [Thread-18] Closing JPA EntityManagerFactory for persistence unit 'default'
2019-04-18 08:04:03,649 INFO com.zaxxer.hikari.HikariDataSource [Thread-18] HikariPool-3 - Shutdown initiated...
2019-04-18 08:04:08,257 INFO com.zaxxer.hikari.HikariDataSource [Thread-18] HikariPool-3 - Shutdown completed.
2019-04-18 08:05:08,774 INFO org.springframework.boot.StartupInfoLogger [restartedMain] Starting AstroWebApplication on LP-GH1P882 with PID 21392 (started by shamikchandra.s in C:\Users\shamikchandra.s\OneDrive - HCL Technologies Ltd\Java\Spring\astro-web\astro-web)
2019-04-18 08:05:08,789 INFO org.springframework.boot.SpringApplication [restartedMain] The following profiles are active: springdatajpa
2019-04-18 08:05:16,383 INFO org.springframework.data.repository.config.RepositoryConfigurationDelegate [restartedMain] Bootstrapping Spring Data repositories in DEFAULT mode.
2019-04-18 08:05:16,763 INFO org.springframework.data.repository.config.RepositoryConfigurationDelegate [restartedMain] Finished Spring Data repository scanning in 375ms. Found 3 repository interfaces.
2019-04-18 08:05:17,607 INFO com.ulisesbocchio.jasyptspringboot.configuration.EnableEncryptablePropertiesBeanFactoryPostProcessor [restartedMain] Post-processing PropertySource instances
2019-04-18 08:05:17,693 INFO com.ulisesbocchio.jasyptspringboot.EncryptablePropertySourceConverter [restartedMain] Converting PropertySource configurationProperties [org.springframework.boot.context.properties.source.ConfigurationPropertySourcesPropertySource] to AOP Proxy
2019-04-18 08:05:17,709 INFO com.ulisesbocchio.jasyptspringboot.EncryptablePropertySourceConverter [restartedMain] Converting PropertySource servletConfigInitParams [org.springframework.core.env.PropertySource$StubPropertySource] to EncryptablePropertySourceWrapper
2019-04-18 08:05:17,709 INFO com.ulisesbocchio.jasyptspringboot.EncryptablePropertySourceConverter [restartedMain] Converting PropertySource servletContextInitParams [org.springframework.core.env.PropertySource$StubPropertySource] to EncryptablePropertySourceWrapper
2019-04-18 08:05:17,709 INFO com.ulisesbocchio.jasyptspringboot.EncryptablePropertySourceConverter [restartedMain] Converting PropertySource systemProperties [org.springframework.core.env.MapPropertySource] to EncryptableMapPropertySourceWrapper
2019-04-18 08:05:17,709 INFO com.ulisesbocchio.jasyptspringboot.EncryptablePropertySourceConverter [restartedMain] Converting PropertySource systemEnvironment [org.springframework.boot.env.SystemEnvironmentPropertySourceEnvironmentPostProcessor$OriginAwareSystemEnvironmentPropertySource] to EncryptableMapPropertySourceWrapper
2019-04-18 08:05:17,709 INFO com.ulisesbocchio.jasyptspringboot.EncryptablePropertySourceConverter [restartedMain] Converting PropertySource random [org.springframework.boot.env.RandomValuePropertySource] to EncryptablePropertySourceWrapper
2019-04-18 08:05:17,709 INFO com.ulisesbocchio.jasyptspringboot.EncryptablePropertySourceConverter [restartedMain] Converting PropertySource applicationConfig: [classpath:/application.properties] [org.springframework.boot.env.OriginTrackedMapPropertySource] to EncryptableMapPropertySourceWrapper
2019-04-18 08:05:17,709 INFO com.ulisesbocchio.jasyptspringboot.EncryptablePropertySourceConverter [restartedMain] Converting PropertySource devtools [org.springframework.core.env.MapPropertySource] to EncryptableMapPropertySourceWrapper
2019-04-18 08:05:17,943 INFO com.ulisesbocchio.jasyptspringboot.filter.DefaultLazyPropertyFilter [restartedMain] Property Filter custom Bean not found with name 'encryptablePropertyFilter'. Initializing Default Property Filter
2019-04-18 08:05:18,084 INFO org.springframework.context.support.PostProcessorRegistrationDelegate$BeanPostProcessorChecker [restartedMain] Bean 'org.springframework.transaction.annotation.ProxyTransactionManagementConfiguration' of type [org.springframework.transaction.annotation.ProxyTransactionManagementConfiguration$$EnhancerBySpringCGLIB$$db768c2c] is not eligible for getting processed by all BeanPostProcessors (for example: not eligible for auto-proxying)
2019-04-18 08:05:18,209 INFO com.ulisesbocchio.jasyptspringboot.resolver.DefaultLazyPropertyResolver [restartedMain] Property Resolver custom Bean not found with name 'encryptablePropertyResolver'. Initializing Default Property Resolver
2019-04-18 08:05:18,240 INFO com.ulisesbocchio.jasyptspringboot.detector.DefaultLazyPropertyDetector [restartedMain] Property Detector custom Bean not found with name 'encryptablePropertyDetector'. Initializing Default Property Detector
2019-04-18 08:05:22,115 INFO org.springframework.boot.web.embedded.tomcat.TomcatWebServer [restartedMain] Tomcat initialized with port(s): 8080 (http)
2019-04-18 08:05:22,119 INFO org.apache.juli.logging.DirectJDKLog [restartedMain] Initializing ProtocolHandler ["http-nio-8080"]
2019-04-18 08:05:22,119 INFO org.apache.juli.logging.DirectJDKLog [restartedMain] Starting service [Tomcat]
2019-04-18 08:05:22,119 INFO org.apache.juli.logging.DirectJDKLog [restartedMain] Starting Servlet engine: [Apache Tomcat/9.0.16]
2019-04-18 08:05:23,619 INFO org.apache.juli.logging.DirectJDKLog [restartedMain] Initializing Spring embedded WebApplicationContext
2019-04-18 08:05:23,619 INFO org.springframework.boot.web.servlet.context.ServletWebServerApplicationContext [restartedMain] Root WebApplicationContext: initialization completed in 14798 ms
2019-04-18 08:05:23,926 INFO com.zaxxer.hikari.HikariDataSource [restartedMain] HikariPool-4 - Starting...
2019-04-18 08:05:26,113 INFO com.zaxxer.hikari.HikariDataSource [restartedMain] HikariPool-4 - Start completed.
2019-04-18 08:05:26,279 INFO org.hibernate.jpa.internal.util.LogHelper [restartedMain] HHH000204: Processing PersistenceUnitInfo [
	name: default
	...]
2019-04-18 08:05:27,904 INFO org.hibernate.dialect.Dialect [restartedMain] HHH000400: Using dialect: org.hibernate.dialect.MariaDB103Dialect
2019-04-18 08:05:28,253 WARN org.hibernate.boot.internal.InFlightMetadataCollectorImpl [restartedMain] HHH000069: Duplicate generator name sequence
2019-04-18 08:05:28,269 WARN org.hibernate.boot.internal.InFlightMetadataCollectorImpl [restartedMain] HHH000069: Duplicate generator name sequence
2019-04-18 08:05:28,269 WARN org.hibernate.boot.internal.InFlightMetadataCollectorImpl [restartedMain] HHH000069: Duplicate generator name sequence
2019-04-18 08:05:28,316 WARN org.hibernate.id.SequenceGenerator [restartedMain] HHH90000014: Found use of deprecated [org.hibernate.id.SequenceHiLoGenerator] sequence-based id generator; use org.hibernate.id.enhanced.SequenceStyleGenerator instead.  See Hibernate Domain Model Mapping Guide for details.
2019-04-18 08:05:28,316 WARN org.hibernate.id.SequenceGenerator [restartedMain] HHH90000014: Found use of deprecated [org.hibernate.id.SequenceHiLoGenerator] sequence-based id generator; use org.hibernate.id.enhanced.SequenceStyleGenerator instead.  See Hibernate Domain Model Mapping Guide for details.
2019-04-18 08:05:28,316 WARN org.hibernate.id.SequenceGenerator [restartedMain] HHH90000014: Found use of deprecated [org.hibernate.id.SequenceHiLoGenerator] sequence-based id generator; use org.hibernate.id.enhanced.SequenceStyleGenerator instead.  See Hibernate Domain Model Mapping Guide for details.
2019-04-18 08:05:28,316 WARN org.hibernate.id.SequenceGenerator [restartedMain] HHH90000014: Found use of deprecated [org.hibernate.id.SequenceHiLoGenerator] sequence-based id generator; use org.hibernate.id.enhanced.SequenceStyleGenerator instead.  See Hibernate Domain Model Mapping Guide for details.
2019-04-18 08:05:28,331 WARN org.hibernate.id.SequenceGenerator [restartedMain] HHH90000014: Found use of deprecated [org.hibernate.id.SequenceHiLoGenerator] sequence-based id generator; use org.hibernate.id.enhanced.SequenceStyleGenerator instead.  See Hibernate Domain Model Mapping Guide for details.
2019-04-18 08:05:32,488 INFO org.springframework.orm.jpa.AbstractEntityManagerFactoryBean [restartedMain] Initialized JPA EntityManagerFactory for persistence unit 'default'
2019-04-18 08:05:32,724 INFO org.springframework.boot.devtools.autoconfigure.OptionalLiveReloadServer [restartedMain] LiveReload server is running on port 35729
2019-04-18 08:05:36,709 INFO org.springframework.scheduling.concurrent.ExecutorConfigurationSupport [restartedMain] Initializing ExecutorService 'applicationTaskExecutor'
2019-04-18 08:05:37,115 INFO org.springframework.boot.autoconfigure.web.servlet.WelcomePageHandlerMapping [restartedMain] Adding welcome page template: index
2019-04-18 08:05:37,318 INFO org.springframework.security.web.DefaultSecurityFilterChain [restartedMain] Creating filter chain: any request, [org.springframework.security.web.context.request.async.WebAsyncManagerIntegrationFilter@5882f073, org.springframework.security.web.context.SecurityContextPersistenceFilter@55f6291c, org.springframework.security.web.header.HeaderWriterFilter@6cae0f33, org.springframework.security.web.authentication.logout.LogoutFilter@30eca430, org.springframework.security.web.authentication.UsernamePasswordAuthenticationFilter@4a6cc723, org.springframework.security.web.savedrequest.RequestCacheAwareFilter@273fdc1b, org.springframework.security.web.servletapi.SecurityContextHolderAwareRequestFilter@3b749858, org.springframework.security.web.authentication.AnonymousAuthenticationFilter@123138f, org.springframework.security.web.session.SessionManagementFilter@39d648be, org.springframework.security.web.access.ExceptionTranslationFilter@17dcacfd, org.springframework.security.web.access.intercept.FilterSecurityInterceptor@572c0aa2]
2019-04-18 08:05:40,552 INFO com.astrology.web.astroweb.repositories.bootstrap.UserLoader [restartedMain] Context refreshed. Reached UserLoader
2019-04-18 08:05:41,722 INFO org.hibernate.hql.internal.QueryTranslatorFactoryInitiator [restartedMain] HHH000397: Using ASTQueryTranslatorFactory
2019-04-18 08:05:50,196 INFO com.astrology.web.astroweb.repositories.bootstrap.UserLoader [restartedMain] Saved data User(firstName=Shamik, lastName=Sinha, email=abc@cd.com, password={bcrypt}$2a$10$GiepBS7RLfvFQD5lC5zV1eJ5ZxC5c2sMom0LomhBZIM9aQknAZX66, role=USER, textPass=null, username=abc@cd.com, phone=+919916099778, products=[], bookings=[], paymentOrders=[])
2019-04-18 08:05:50,196 INFO com.astrology.web.astroweb.repositories.bootstrap.UserLoader [restartedMain] Saved data User(firstName=Shamik1, lastName=Sinha1, email=abc@cde.com, password={bcrypt}$2a$10$uNqhz4uoVJvWQZ5BRZ5QrOEnMBqbvdTcAqNBKBlGb5YTtQoNM9bgu, role=USER, textPass=null, username=abc@cde.com, phone=+919916099778, products=[], bookings=[], paymentOrders=[])
2019-04-18 08:05:50,202 INFO org.apache.juli.logging.DirectJDKLog [restartedMain] Starting ProtocolHandler ["http-nio-8080"]
2019-04-18 08:05:50,327 INFO org.springframework.boot.web.embedded.tomcat.TomcatWebServer [restartedMain] Tomcat started on port(s): 8080 (http) with context path ''
2019-04-18 08:05:50,327 INFO org.springframework.boot.StartupInfoLogger [restartedMain] Started AstroWebApplication in 43.412 seconds (JVM running for 40501.322)
2019-04-18 08:05:50,343 INFO org.springframework.boot.devtools.autoconfigure.ConditionEvaluationDeltaLoggingListener [restartedMain] Condition evaluation unchanged
2019-04-18 08:06:41,671 INFO org.apache.juli.logging.DirectJDKLog [http-nio-8080-exec-1] Initializing Spring DispatcherServlet 'dispatcherServlet'
2019-04-18 08:06:42,062 INFO org.springframework.web.servlet.FrameworkServlet [http-nio-8080-exec-1] Initializing Servlet 'dispatcherServlet'
2019-04-18 08:06:42,636 INFO org.springframework.web.servlet.FrameworkServlet [http-nio-8080-exec-1] Completed initialization in 564 ms
2019-04-18 08:06:44,307 INFO com.astrology.web.astroweb.controller.IndexController [http-nio-8080-exec-1] Month Name is APRIL
2019-04-18 08:10:58,979 INFO com.astrology.web.astroweb.controller.IndexController [http-nio-8080-exec-1] Month Name is APRIL
2019-04-18 08:29:24,635 INFO com.astrology.web.astroweb.controller.IndexController [http-nio-8080-exec-6] Month Name is APRIL
2019-04-18 08:34:50,275 INFO com.astrology.web.astroweb.controller.IndexController [http-nio-8080-exec-6] Month Name is APRIL
2019-04-18 08:35:54,978 INFO com.astrology.web.astroweb.controller.IndexController [http-nio-8080-exec-4] Month Name is APRIL
2019-04-18 08:37:23,486 INFO com.astrology.web.astroweb.controller.IndexController [http-nio-8080-exec-2] Month Name is APRIL
2019-04-18 09:09:21,065 INFO com.astrology.web.astroweb.controller.IndexController [http-nio-8080-exec-9] Month Name is APRIL
2019-04-18 09:17:43,935 INFO com.astrology.web.astroweb.controller.IndexController [http-nio-8080-exec-8] Month Name is APRIL
2019-04-18 09:46:07,303 WARN com.zaxxer.hikari.pool.HikariPool$HouseKeeper [HikariPool-4 housekeeper] HikariPool-4 - Thread starvation or clock leap detected (housekeeper delta=11m191ms1탎851ns).
2019-04-18 09:46:51,185 WARN com.zaxxer.hikari.pool.HikariPool$HouseKeeper [HikariPool-4 housekeeper] HikariPool-4 - Thread starvation or clock leap detected (housekeeper delta=48s925ms340탎279ns).
2019-04-18 10:04:08,793 INFO com.astrology.web.astroweb.controller.IndexController [http-nio-8080-exec-5] Month Name is APRIL
2019-04-18 10:04:40,998 INFO com.astrology.web.astroweb.controller.IndexController [http-nio-8080-exec-8] Month Name is APRIL
2019-04-18 10:10:21,520 INFO com.astrology.web.astroweb.controller.IndexController [http-nio-8080-exec-15] Month Name is APRIL
2019-04-18 10:16:56,277 INFO com.astrology.web.astroweb.controller.IndexController [http-nio-8080-exec-13] Month Name is APRIL
2019-04-18 10:22:16,591 INFO com.astrology.web.astroweb.controller.IndexController [http-nio-8080-exec-10] Month Name is APRIL
2019-04-18 10:33:21,701 INFO com.astrology.web.astroweb.controller.IndexController [http-nio-8080-exec-13] Month Name is APRIL
2019-04-18 10:34:22,431 INFO com.astrology.web.astroweb.controller.IndexController [http-nio-8080-exec-14] Month Name is APRIL
2019-04-18 10:35:59,903 INFO com.astrology.web.astroweb.controller.IndexController [http-nio-8080-exec-15] Month Name is APRIL
2019-04-18 10:37:30,208 INFO com.astrology.web.astroweb.controller.IndexController [http-nio-8080-exec-6] Month Name is APRIL
2019-04-18 10:52:08,763 INFO com.astrology.web.astroweb.controller.IndexController [http-nio-8080-exec-11] Month Name is APRIL
2019-04-18 12:34:11,732 INFO com.astrology.web.astroweb.controller.IndexController [http-nio-8080-exec-20] Month Name is APRIL
2019-04-18 12:35:45,809 WARN org.apache.juli.logging.DirectJDKLog [http-nio-8080-exec-23] Creation of SecureRandom instance for session ID generation using [SHA1PRNG] took [359] milliseconds.
2019-04-18 12:35:52,203 INFO com.astrology.web.astroweb.controller.IndexController [http-nio-8080-exec-15] Month Name is APRIL
2019-04-18 12:43:18,402 INFO com.astrology.web.astroweb.controller.IndexController [http-nio-8080-exec-25] Month Name is APRIL
2019-04-18 12:43:31,243 INFO com.astrology.web.astroweb.controller.IndexController [http-nio-8080-exec-11] Month Name is APRIL
2019-04-18 12:48:22,236 INFO com.astrology.web.astroweb.controller.IndexController [http-nio-8080-exec-11] Month Name is APRIL
2019-04-18 12:48:35,073 INFO com.astrology.web.astroweb.controller.IndexController [http-nio-8080-exec-18] Month Name is APRIL
2019-04-18 12:53:20,276 INFO org.springframework.scheduling.concurrent.ExecutorConfigurationSupport [Thread-25] Shutting down ExecutorService 'applicationTaskExecutor'
2019-04-18 12:53:26,693 INFO org.springframework.orm.jpa.AbstractEntityManagerFactoryBean [Thread-25] Closing JPA EntityManagerFactory for persistence unit 'default'
2019-04-18 12:53:41,473 INFO com.zaxxer.hikari.HikariDataSource [Thread-25] HikariPool-4 - Shutdown initiated...
2019-04-18 12:53:48,066 INFO com.zaxxer.hikari.HikariDataSource [Thread-25] HikariPool-4 - Shutdown completed.
2019-04-18 12:57:17,869 INFO org.springframework.boot.StartupInfoLogger [restartedMain] Starting AstroWebApplication on LP-GH1P882 with PID 21392 (started by shamikchandra.s in C:\Users\shamikchandra.s\OneDrive - HCL Technologies Ltd\Java\Spring\astro-web\astro-web)
2019-04-18 12:57:17,869 INFO org.springframework.boot.SpringApplication [restartedMain] The following profiles are active: springdatajpa
2019-04-18 12:57:45,385 INFO org.springframework.data.repository.config.RepositoryConfigurationDelegate [restartedMain] Bootstrapping Spring Data repositories in DEFAULT mode.
2019-04-18 12:57:47,487 INFO org.springframework.data.repository.config.RepositoryConfigurationDelegate [restartedMain] Finished Spring Data repository scanning in 2047ms. Found 3 repository interfaces.
2019-04-18 12:57:53,460 INFO com.ulisesbocchio.jasyptspringboot.configuration.EnableEncryptablePropertiesBeanFactoryPostProcessor [restartedMain] Post-processing PropertySource instances
2019-04-18 12:57:54,137 INFO com.ulisesbocchio.jasyptspringboot.EncryptablePropertySourceConverter [restartedMain] Converting PropertySource configurationProperties [org.springframework.boot.context.properties.source.ConfigurationPropertySourcesPropertySource] to AOP Proxy
2019-04-18 12:57:54,137 INFO com.ulisesbocchio.jasyptspringboot.EncryptablePropertySourceConverter [restartedMain] Converting PropertySource servletConfigInitParams [org.springframework.core.env.PropertySource$StubPropertySource] to EncryptablePropertySourceWrapper
2019-04-18 12:57:54,137 INFO com.ulisesbocchio.jasyptspringboot.EncryptablePropertySourceConverter [restartedMain] Converting PropertySource servletContextInitParams [org.springframework.core.env.PropertySource$StubPropertySource] to EncryptablePropertySourceWrapper
2019-04-18 12:57:54,137 INFO com.ulisesbocchio.jasyptspringboot.EncryptablePropertySourceConverter [restartedMain] Converting PropertySource systemProperties [org.springframework.core.env.MapPropertySource] to EncryptableMapPropertySourceWrapper
2019-04-18 12:57:54,137 INFO com.ulisesbocchio.jasyptspringboot.EncryptablePropertySourceConverter [restartedMain] Converting PropertySource systemEnvironment [org.springframework.boot.env.SystemEnvironmentPropertySourceEnvironmentPostProcessor$OriginAwareSystemEnvironmentPropertySource] to EncryptableMapPropertySourceWrapper
2019-04-18 12:57:54,137 INFO com.ulisesbocchio.jasyptspringboot.EncryptablePropertySourceConverter [restartedMain] Converting PropertySource random [org.springframework.boot.env.RandomValuePropertySource] to EncryptablePropertySourceWrapper
2019-04-18 12:57:54,137 INFO com.ulisesbocchio.jasyptspringboot.EncryptablePropertySourceConverter [restartedMain] Converting PropertySource applicationConfig: [classpath:/application.properties] [org.springframework.boot.env.OriginTrackedMapPropertySource] to EncryptableMapPropertySourceWrapper
2019-04-18 12:57:54,137 INFO com.ulisesbocchio.jasyptspringboot.EncryptablePropertySourceConverter [restartedMain] Converting PropertySource devtools [org.springframework.core.env.MapPropertySource] to EncryptableMapPropertySourceWrapper
2019-04-18 12:57:57,590 INFO com.ulisesbocchio.jasyptspringboot.filter.DefaultLazyPropertyFilter [restartedMain] Property Filter custom Bean not found with name 'encryptablePropertyFilter'. Initializing Default Property Filter
2019-04-18 12:57:58,405 INFO org.springframework.context.support.PostProcessorRegistrationDelegate$BeanPostProcessorChecker [restartedMain] Bean 'org.springframework.transaction.annotation.ProxyTransactionManagementConfiguration' of type [org.springframework.transaction.annotation.ProxyTransactionManagementConfiguration$$EnhancerBySpringCGLIB$$db768c2c] is not eligible for getting processed by all BeanPostProcessors (for example: not eligible for auto-proxying)
2019-04-18 12:58:02,311 INFO com.ulisesbocchio.jasyptspringboot.resolver.DefaultLazyPropertyResolver [restartedMain] Property Resolver custom Bean not found with name 'encryptablePropertyResolver'. Initializing Default Property Resolver
2019-04-18 12:58:02,327 INFO com.ulisesbocchio.jasyptspringboot.detector.DefaultLazyPropertyDetector [restartedMain] Property Detector custom Bean not found with name 'encryptablePropertyDetector'. Initializing Default Property Detector
2019-04-18 12:58:20,896 INFO org.springframework.boot.web.embedded.tomcat.TomcatWebServer [restartedMain] Tomcat initialized with port(s): 8080 (http)
2019-04-18 12:58:20,909 INFO org.apache.juli.logging.DirectJDKLog [restartedMain] Initializing ProtocolHandler ["http-nio-8080"]
2019-04-18 12:58:20,909 INFO org.apache.juli.logging.DirectJDKLog [restartedMain] Starting service [Tomcat]
2019-04-18 12:58:20,909 INFO org.apache.juli.logging.DirectJDKLog [restartedMain] Starting Servlet engine: [Apache Tomcat/9.0.16]
2019-04-18 12:58:23,019 INFO org.apache.juli.logging.DirectJDKLog [restartedMain] Initializing Spring embedded WebApplicationContext
2019-04-18 12:58:23,019 INFO org.springframework.boot.web.servlet.context.ServletWebServerApplicationContext [restartedMain] Root WebApplicationContext: initialization completed in 64697 ms
2019-04-18 12:58:25,137 INFO com.zaxxer.hikari.HikariDataSource [restartedMain] HikariPool-5 - Starting...
2019-04-18 12:58:27,153 INFO com.zaxxer.hikari.HikariDataSource [restartedMain] HikariPool-5 - Start completed.
2019-04-18 12:58:27,345 INFO org.hibernate.jpa.internal.util.LogHelper [restartedMain] HHH000204: Processing PersistenceUnitInfo [
	name: default
	...]
2019-04-18 12:58:30,267 INFO org.hibernate.dialect.Dialect [restartedMain] HHH000400: Using dialect: org.hibernate.dialect.MariaDB103Dialect
2019-04-18 12:58:31,192 WARN org.hibernate.boot.internal.InFlightMetadataCollectorImpl [restartedMain] HHH000069: Duplicate generator name sequence
2019-04-18 12:58:31,192 WARN org.hibernate.boot.internal.InFlightMetadataCollectorImpl [restartedMain] HHH000069: Duplicate generator name sequence
2019-04-18 12:58:31,207 WARN org.hibernate.boot.internal.InFlightMetadataCollectorImpl [restartedMain] HHH000069: Duplicate generator name sequence
2019-04-18 12:58:31,317 WARN org.hibernate.id.SequenceGenerator [restartedMain] HHH90000014: Found use of deprecated [org.hibernate.id.SequenceHiLoGenerator] sequence-based id generator; use org.hibernate.id.enhanced.SequenceStyleGenerator instead.  See Hibernate Domain Model Mapping Guide for details.
2019-04-18 12:58:31,332 WARN org.hibernate.id.SequenceGenerator [restartedMain] HHH90000014: Found use of deprecated [org.hibernate.id.SequenceHiLoGenerator] sequence-based id generator; use org.hibernate.id.enhanced.SequenceStyleGenerator instead.  See Hibernate Domain Model Mapping Guide for details.
2019-04-18 12:58:31,332 WARN org.hibernate.id.SequenceGenerator [restartedMain] HHH90000014: Found use of deprecated [org.hibernate.id.SequenceHiLoGenerator] sequence-based id generator; use org.hibernate.id.enhanced.SequenceStyleGenerator instead.  See Hibernate Domain Model Mapping Guide for details.
2019-04-18 12:58:31,332 WARN org.hibernate.id.SequenceGenerator [restartedMain] HHH90000014: Found use of deprecated [org.hibernate.id.SequenceHiLoGenerator] sequence-based id generator; use org.hibernate.id.enhanced.SequenceStyleGenerator instead.  See Hibernate Domain Model Mapping Guide for details.
2019-04-18 12:58:31,332 WARN org.hibernate.id.SequenceGenerator [restartedMain] HHH90000014: Found use of deprecated [org.hibernate.id.SequenceHiLoGenerator] sequence-based id generator; use org.hibernate.id.enhanced.SequenceStyleGenerator instead.  See Hibernate Domain Model Mapping Guide for details.
2019-04-18 12:58:36,270 INFO org.springframework.orm.jpa.AbstractEntityManagerFactoryBean [restartedMain] Initialized JPA EntityManagerFactory for persistence unit 'default'
2019-04-18 12:58:36,563 INFO org.springframework.boot.devtools.autoconfigure.OptionalLiveReloadServer [restartedMain] LiveReload server is running on port 35729
2019-04-18 12:58:54,360 INFO org.springframework.scheduling.concurrent.ExecutorConfigurationSupport [restartedMain] Initializing ExecutorService 'applicationTaskExecutor'
2019-04-18 12:59:06,520 INFO org.springframework.boot.autoconfigure.web.servlet.WelcomePageHandlerMapping [restartedMain] Adding welcome page template: index
2019-04-18 12:59:09,284 INFO org.springframework.security.web.DefaultSecurityFilterChain [restartedMain] Creating filter chain: any request, [org.springframework.security.web.context.request.async.WebAsyncManagerIntegrationFilter@2cb496b8, org.springframework.security.web.context.SecurityContextPersistenceFilter@7186913e, org.springframework.security.web.header.HeaderWriterFilter@7348707e, org.springframework.security.web.authentication.logout.LogoutFilter@64516671, org.springframework.security.web.authentication.UsernamePasswordAuthenticationFilter@6b51ca44, org.springframework.security.web.savedrequest.RequestCacheAwareFilter@232fef6f, org.springframework.security.web.servletapi.SecurityContextHolderAwareRequestFilter@1354b0f4, org.springframework.security.web.authentication.AnonymousAuthenticationFilter@1cb9c7a2, org.springframework.security.web.session.SessionManagementFilter@54846ec9, org.springframework.security.web.access.ExceptionTranslationFilter@50a05b6a, org.springframework.security.web.access.intercept.FilterSecurityInterceptor@38556a64]
2019-04-18 12:59:14,308 INFO com.astrology.web.astroweb.repositories.bootstrap.UserLoader [restartedMain] Context refreshed. Reached UserLoader
2019-04-18 12:59:16,739 INFO org.hibernate.hql.internal.QueryTranslatorFactoryInitiator [restartedMain] HHH000397: Using ASTQueryTranslatorFactory
2019-04-18 12:59:29,434 INFO com.astrology.web.astroweb.repositories.bootstrap.UserLoader [restartedMain] Saved data User(firstName=Shamik, lastName=Sinha, email=abc@cd.com, password={bcrypt}$2a$10$OMJ.2kwC7brBC1FloecwI.N6kglII3r.aeRX5E1grAWvl.KNbvvT., role=USER, textPass=null, username=abc@cd.com, phone=+919916099778, products=[], bookings=[], paymentOrders=[])
2019-04-18 12:59:29,434 INFO com.astrology.web.astroweb.repositories.bootstrap.UserLoader [restartedMain] Saved data User(firstName=Shamik1, lastName=Sinha1, email=abc@cde.com, password={bcrypt}$2a$10$pDK0dBBrbf2BF5xfVJmg5.mD9/GE19k8yzKZRJQnTkldUoDQ80KW2, role=USER, textPass=null, username=abc@cde.com, phone=+919916099778, products=[], bookings=[], paymentOrders=[])
2019-04-18 12:59:29,434 INFO org.apache.juli.logging.DirectJDKLog [restartedMain] Starting ProtocolHandler ["http-nio-8080"]
2019-04-18 12:59:30,068 INFO org.springframework.boot.web.embedded.tomcat.TomcatWebServer [restartedMain] Tomcat started on port(s): 8080 (http) with context path ''
2019-04-18 12:59:30,068 INFO org.springframework.boot.StartupInfoLogger [restartedMain] Started AstroWebApplication in 140.703 seconds (JVM running for 58121.069)
2019-04-18 12:59:30,178 INFO org.springframework.boot.devtools.autoconfigure.ConditionEvaluationDeltaLoggingListener [restartedMain] Condition evaluation unchanged
2019-04-18 13:02:23,617 INFO org.apache.juli.logging.DirectJDKLog [http-nio-8080-exec-1] Initializing Spring DispatcherServlet 'dispatcherServlet'
2019-04-18 13:02:24,023 INFO org.springframework.web.servlet.FrameworkServlet [http-nio-8080-exec-1] Initializing Servlet 'dispatcherServlet'
2019-04-18 13:02:24,070 INFO org.springframework.web.servlet.FrameworkServlet [http-nio-8080-exec-1] Completed initialization in 47 ms
2019-04-18 13:02:28,735 INFO com.astrology.web.astroweb.controller.IndexController [http-nio-8080-exec-1] Month Name is APRIL
2019-04-18 13:05:26,766 INFO com.astrology.web.astroweb.controller.IndexController [http-nio-8080-exec-2] Month Name is APRIL
2019-04-18 13:06:15,024 INFO com.astrology.web.astroweb.controller.IndexController [http-nio-8080-exec-7] Month Name is APRIL
2019-04-18 13:15:39,565 INFO com.astrology.web.astroweb.controller.IndexController [http-nio-8080-exec-13] Month Name is APRIL
2019-04-18 13:23:44,420 INFO com.astrology.web.astroweb.controller.IndexController [http-nio-8080-exec-14] Month Name is APRIL
2019-04-18 13:31:31,222 INFO com.astrology.web.astroweb.controller.IndexController [http-nio-8080-exec-9] Month Name is APRIL
2019-04-18 13:45:31,509 INFO com.astrology.web.astroweb.controller.IndexController [http-nio-8080-exec-9] Month Name is APRIL
2019-04-18 13:50:22,427 INFO com.astrology.web.astroweb.controller.IndexController [http-nio-8080-exec-9] Month Name is APRIL
2019-04-18 13:52:45,732 INFO com.astrology.web.astroweb.controller.IndexController [http-nio-8080-exec-4] Month Name is APRIL
2019-04-18 13:58:38,358 INFO com.astrology.web.astroweb.controller.IndexController [http-nio-8080-exec-12] Month Name is APRIL
2019-04-18 14:47:42,347 WARN com.zaxxer.hikari.pool.HikariPool$HouseKeeper [HikariPool-5 housekeeper] HikariPool-5 - Thread starvation or clock leap detected (housekeeper delta=44m36s766ms621탎718ns).
2019-04-18 14:48:23,082 WARN com.zaxxer.hikari.pool.HikariPool$HouseKeeper [HikariPool-5 housekeeper] HikariPool-5 - Thread starvation or clock leap detected (housekeeper delta=45s344ms706탎343ns).
2019-04-18 14:50:28,257 INFO com.astrology.web.astroweb.controller.IndexController [http-nio-8080-exec-9] Month Name is APRIL
2019-04-18 15:08:43,179 INFO com.astrology.web.astroweb.controller.IndexController [http-nio-8080-exec-19] Month Name is APRIL
2019-04-18 21:09:48,092 INFO org.springframework.boot.StartupInfoLogger [restartedMain] Starting AstroWebApplication on LP-GH1P882 with PID 10608 (started by shamikchandra.s in C:\Users\shamikchandra.s\OneDrive - HCL Technologies Ltd\Java\Spring\astro-web\astro-web)
2019-04-18 21:09:48,436 INFO org.springframework.boot.SpringApplication [restartedMain] The following profiles are active: springdatajpa
2019-04-18 21:09:50,338 INFO org.springframework.boot.logging.DeferredLog [restartedMain] Devtools property defaults active! Set 'spring.devtools.add-properties' to 'false' to disable
2019-04-18 21:09:50,338 INFO org.springframework.boot.logging.DeferredLog [restartedMain] For additional web related logging consider setting the 'logging.level.web' property to 'DEBUG'
2019-04-18 21:10:14,805 INFO org.springframework.data.repository.config.RepositoryConfigurationDelegate [restartedMain] Bootstrapping Spring Data repositories in DEFAULT mode.
2019-04-18 21:10:15,584 INFO org.springframework.data.repository.config.RepositoryConfigurationDelegate [restartedMain] Finished Spring Data repository scanning in 654ms. Found 3 repository interfaces.
2019-04-18 21:10:21,178 INFO com.ulisesbocchio.jasyptspringboot.configuration.EnableEncryptablePropertiesBeanFactoryPostProcessor [restartedMain] Post-processing PropertySource instances
2019-04-18 21:10:22,067 INFO com.ulisesbocchio.jasyptspringboot.EncryptablePropertySourceConverter [restartedMain] Converting PropertySource configurationProperties [org.springframework.boot.context.properties.source.ConfigurationPropertySourcesPropertySource] to AOP Proxy
2019-04-18 21:10:22,067 INFO com.ulisesbocchio.jasyptspringboot.EncryptablePropertySourceConverter [restartedMain] Converting PropertySource servletConfigInitParams [org.springframework.core.env.PropertySource$StubPropertySource] to EncryptablePropertySourceWrapper
2019-04-18 21:10:22,067 INFO com.ulisesbocchio.jasyptspringboot.EncryptablePropertySourceConverter [restartedMain] Converting PropertySource servletContextInitParams [org.springframework.core.env.PropertySource$StubPropertySource] to EncryptablePropertySourceWrapper
2019-04-18 21:10:22,067 INFO com.ulisesbocchio.jasyptspringboot.EncryptablePropertySourceConverter [restartedMain] Converting PropertySource systemProperties [org.springframework.core.env.MapPropertySource] to EncryptableMapPropertySourceWrapper
2019-04-18 21:10:22,067 INFO com.ulisesbocchio.jasyptspringboot.EncryptablePropertySourceConverter [restartedMain] Converting PropertySource systemEnvironment [org.springframework.boot.env.SystemEnvironmentPropertySourceEnvironmentPostProcessor$OriginAwareSystemEnvironmentPropertySource] to EncryptableMapPropertySourceWrapper
2019-04-18 21:10:22,067 INFO com.ulisesbocchio.jasyptspringboot.EncryptablePropertySourceConverter [restartedMain] Converting PropertySource random [org.springframework.boot.env.RandomValuePropertySource] to EncryptablePropertySourceWrapper
2019-04-18 21:10:22,098 INFO com.ulisesbocchio.jasyptspringboot.EncryptablePropertySourceConverter [restartedMain] Converting PropertySource applicationConfig: [classpath:/application.properties] [org.springframework.boot.env.OriginTrackedMapPropertySource] to EncryptableMapPropertySourceWrapper
2019-04-18 21:10:22,114 INFO com.ulisesbocchio.jasyptspringboot.EncryptablePropertySourceConverter [restartedMain] Converting PropertySource devtools [org.springframework.core.env.MapPropertySource] to EncryptableMapPropertySourceWrapper
2019-04-18 21:10:23,239 INFO com.ulisesbocchio.jasyptspringboot.filter.DefaultLazyPropertyFilter [restartedMain] Property Filter custom Bean not found with name 'encryptablePropertyFilter'. Initializing Default Property Filter
2019-04-18 21:10:23,502 INFO org.springframework.context.support.PostProcessorRegistrationDelegate$BeanPostProcessorChecker [restartedMain] Bean 'org.springframework.transaction.annotation.ProxyTransactionManagementConfiguration' of type [org.springframework.transaction.annotation.ProxyTransactionManagementConfiguration$$EnhancerBySpringCGLIB$$d40f1e7c] is not eligible for getting processed by all BeanPostProcessors (for example: not eligible for auto-proxying)
2019-04-18 21:10:24,471 INFO com.ulisesbocchio.jasyptspringboot.resolver.DefaultLazyPropertyResolver [restartedMain] Property Resolver custom Bean not found with name 'encryptablePropertyResolver'. Initializing Default Property Resolver
2019-04-18 21:10:24,487 INFO com.ulisesbocchio.jasyptspringboot.detector.DefaultLazyPropertyDetector [restartedMain] Property Detector custom Bean not found with name 'encryptablePropertyDetector'. Initializing Default Property Detector
2019-04-18 21:10:41,315 INFO org.springframework.boot.web.embedded.tomcat.TomcatWebServer [restartedMain] Tomcat initialized with port(s): 8080 (http)
2019-04-18 21:10:46,128 INFO org.apache.juli.logging.DirectJDKLog [restartedMain] Initializing ProtocolHandler ["http-nio-8080"]
2019-04-18 21:10:47,076 INFO org.apache.juli.logging.DirectJDKLog [restartedMain] Starting service [Tomcat]
2019-04-18 21:10:47,076 INFO org.apache.juli.logging.DirectJDKLog [restartedMain] Starting Servlet engine: [Apache Tomcat/9.0.16]
2019-04-18 21:10:48,123 INFO org.apache.juli.logging.DirectJDKLog [restartedMain] The APR based Apache Tomcat Native library which allows optimal performance in production environments was not found on the java.library.path: [C:\Users\shamikchandra.s\OneDrive - HCL Technologies Ltd\Java\Java\jdk\jre\bin;C:\WINDOWS\Sun\Java\bin;C:\WINDOWS\system32;C:\WINDOWS;C:/Program Files (x86)/Java/jre1.8.0_201/bin/client;C:/Program Files (x86)/Java/jre1.8.0_201/bin;C:/Program Files (x86)/Java/jre1.8.0_201/lib/i386;C:\Program Files (x86)\Common Files\Oracle\Java\javapath;C:\WINDOWS\system32;C:\WINDOWS;C:\WINDOWS\System32\Wbem;C:\WINDOWS\System32\WindowsPowerShell\v1.0\;C:\Windows\CCM;C:\Users\shamikchandra.s\AppData\Local\Microsoft\WindowsApps;;C:\Users\shamikchandra.s\OneDrive - HCL Technologies Ltd\Java\Eclipse\eclipse-jee-2018-09-win32\eclipse;;.]
2019-04-18 21:11:02,248 INFO org.apache.juli.logging.DirectJDKLog [restartedMain] Initializing Spring embedded WebApplicationContext
2019-04-18 21:11:02,248 INFO org.springframework.boot.web.servlet.context.ServletWebServerApplicationContext [restartedMain] Root WebApplicationContext: initialization completed in 71898 ms
2019-04-18 21:11:07,034 INFO com.zaxxer.hikari.HikariDataSource [restartedMain] HikariPool-1 - Starting...
2019-04-18 21:11:13,038 INFO com.zaxxer.hikari.HikariDataSource [restartedMain] HikariPool-1 - Start completed.
2019-04-18 21:11:13,899 INFO org.hibernate.jpa.internal.util.LogHelper [restartedMain] HHH000204: Processing PersistenceUnitInfo [
	name: default
	...]
2019-04-18 21:11:20,399 INFO org.hibernate.Version [restartedMain] HHH000412: Hibernate Core {5.3.7.Final}
2019-04-18 21:11:20,410 INFO org.hibernate.cfg.Environment [restartedMain] HHH000206: hibernate.properties not found
2019-04-18 21:11:24,629 INFO org.hibernate.annotations.common.reflection.java.JavaReflectionManager [restartedMain] HCANN000001: Hibernate Commons Annotations {5.0.4.Final}
2019-04-18 21:11:32,483 INFO org.hibernate.dialect.Dialect [restartedMain] HHH000400: Using dialect: org.hibernate.dialect.MariaDB103Dialect
2019-04-18 21:11:35,328 WARN org.hibernate.boot.internal.InFlightMetadataCollectorImpl [restartedMain] HHH000069: Duplicate generator name sequence
2019-04-18 21:11:35,343 WARN org.hibernate.boot.internal.InFlightMetadataCollectorImpl [restartedMain] HHH000069: Duplicate generator name sequence
2019-04-18 21:11:35,359 WARN org.hibernate.boot.internal.InFlightMetadataCollectorImpl [restartedMain] HHH000069: Duplicate generator name sequence
2019-04-18 21:11:35,671 WARN org.hibernate.id.SequenceGenerator [restartedMain] HHH90000014: Found use of deprecated [org.hibernate.id.SequenceHiLoGenerator] sequence-based id generator; use org.hibernate.id.enhanced.SequenceStyleGenerator instead.  See Hibernate Domain Model Mapping Guide for details.
2019-04-18 21:11:35,671 WARN org.hibernate.id.SequenceGenerator [restartedMain] HHH90000014: Found use of deprecated [org.hibernate.id.SequenceHiLoGenerator] sequence-based id generator; use org.hibernate.id.enhanced.SequenceStyleGenerator instead.  See Hibernate Domain Model Mapping Guide for details.
2019-04-18 21:11:35,671 WARN org.hibernate.id.SequenceGenerator [restartedMain] HHH90000014: Found use of deprecated [org.hibernate.id.SequenceHiLoGenerator] sequence-based id generator; use org.hibernate.id.enhanced.SequenceStyleGenerator instead.  See Hibernate Domain Model Mapping Guide for details.
2019-04-18 21:11:35,671 WARN org.hibernate.id.SequenceGenerator [restartedMain] HHH90000014: Found use of deprecated [org.hibernate.id.SequenceHiLoGenerator] sequence-based id generator; use org.hibernate.id.enhanced.SequenceStyleGenerator instead.  See Hibernate Domain Model Mapping Guide for details.
2019-04-18 21:11:35,671 WARN org.hibernate.id.SequenceGenerator [restartedMain] HHH90000014: Found use of deprecated [org.hibernate.id.SequenceHiLoGenerator] sequence-based id generator; use org.hibernate.id.enhanced.SequenceStyleGenerator instead.  See Hibernate Domain Model Mapping Guide for details.
2019-04-18 21:11:44,562 INFO org.springframework.orm.jpa.AbstractEntityManagerFactoryBean [restartedMain] Initialized JPA EntityManagerFactory for persistence unit 'default'
2019-04-18 21:11:44,696 INFO org.springframework.boot.devtools.autoconfigure.OptionalLiveReloadServer [restartedMain] LiveReload server is running on port 35729
2019-04-18 21:11:51,430 INFO org.springframework.scheduling.concurrent.ExecutorConfigurationSupport [restartedMain] Initializing ExecutorService 'applicationTaskExecutor'
2019-04-18 21:11:52,614 INFO org.springframework.boot.autoconfigure.web.servlet.WelcomePageHandlerMapping [restartedMain] Adding welcome page template: index
2019-04-18 21:11:53,790 INFO org.springframework.security.web.DefaultSecurityFilterChain [restartedMain] Creating filter chain: any request, [org.springframework.security.web.context.request.async.WebAsyncManagerIntegrationFilter@548b2e79, org.springframework.security.web.context.SecurityContextPersistenceFilter@5b52ed49, org.springframework.security.web.header.HeaderWriterFilter@1550eb9c, org.springframework.security.web.authentication.logout.LogoutFilter@31de383a, org.springframework.security.web.authentication.UsernamePasswordAuthenticationFilter@3f01cd8e, org.springframework.security.web.savedrequest.RequestCacheAwareFilter@6da1abf8, org.springframework.security.web.servletapi.SecurityContextHolderAwareRequestFilter@596b1b1a, org.springframework.security.web.authentication.AnonymousAuthenticationFilter@4fa9fcb, org.springframework.security.web.session.SessionManagementFilter@3d533273, org.springframework.security.web.access.ExceptionTranslationFilter@237cbe87, org.springframework.security.web.access.intercept.FilterSecurityInterceptor@7f4cc260]
2019-04-18 21:11:54,976 INFO com.astrology.web.astroweb.repositories.bootstrap.UserLoader [restartedMain] Context refreshed. Reached UserLoader
2019-04-18 21:11:55,686 INFO org.hibernate.hql.internal.QueryTranslatorFactoryInitiator [restartedMain] HHH000397: Using ASTQueryTranslatorFactory
2019-04-18 21:12:03,421 INFO com.astrology.web.astroweb.repositories.bootstrap.UserLoader [restartedMain] Saved data User(firstName=Shamik, lastName=Sinha, email=abc@cd.com, password={bcrypt}$2a$10$OJti7rRxBqYLMBB6ChUg1.pZsKfhUYb.9J7fnZV1k3j0AXNG4/2Pi, role=USER, textPass=null, username=abc@cd.com, phone=+919916099778, products=[], bookings=[], paymentOrders=[])
2019-04-18 21:12:03,421 INFO com.astrology.web.astroweb.repositories.bootstrap.UserLoader [restartedMain] Saved data User(firstName=Shamik1, lastName=Sinha1, email=abc@cde.com, password={bcrypt}$2a$10$UG4wWyGUSMVHxcTc4C8s9OnmkN.jYGeHnyhlT6PIbvmZJ6IhFI6ty, role=USER, textPass=null, username=abc@cde.com, phone=+919916099778, products=[], bookings=[], paymentOrders=[])
2019-04-18 21:12:03,442 INFO org.apache.juli.logging.DirectJDKLog [restartedMain] Starting ProtocolHandler ["http-nio-8080"]
2019-04-18 21:12:03,864 INFO org.springframework.boot.web.embedded.tomcat.TomcatWebServer [restartedMain] Tomcat started on port(s): 8080 (http) with context path ''
2019-04-18 21:12:03,880 INFO org.springframework.boot.StartupInfoLogger [restartedMain] Started AstroWebApplication in 182.991 seconds (JVM running for 204.462)
2019-04-18 22:43:29,887 INFO org.apache.juli.logging.DirectJDKLog [http-nio-8080-exec-1] Initializing Spring DispatcherServlet 'dispatcherServlet'
2019-04-18 22:43:32,715 INFO org.springframework.web.servlet.FrameworkServlet [http-nio-8080-exec-1] Initializing Servlet 'dispatcherServlet'
2019-04-18 22:43:55,833 INFO org.springframework.web.servlet.FrameworkServlet [http-nio-8080-exec-1] Completed initialization in 22563 ms
2019-04-18 22:44:34,949 INFO com.astrology.web.astroweb.controller.IndexController [http-nio-8080-exec-1] Month Name is APRIL
2019-04-18 22:45:14,426 INFO com.astrology.web.astroweb.controller.IndexController [http-nio-8080-exec-8] Month Name is APRIL
2019-04-18 22:47:22,910 INFO com.astrology.web.astroweb.controller.IndexController [http-nio-8080-exec-6] Month Name is APRIL
2019-04-18 23:19:44,326 WARN com.zaxxer.hikari.pool.HikariPool$HouseKeeper [HikariPool-1 housekeeper] HikariPool-1 - Thread starvation or clock leap detected (housekeeper delta=31m46s811ms161탎838ns).
2019-04-18 23:24:04,032 INFO com.astrology.web.astroweb.controller.LoginController [http-nio-8080-exec-1] User in model home : User(password={bcrypt}$2a$10$UG4wWyGUSMVHxcTc4C8s9OnmkN.jYGeHnyhlT6PIbvmZJ6IhFI6ty, confirmPassword=null, username=abc@cde.com, authorities=[USER], accountNonExpired=true, accountNonLocked=true, credentialsNonExpired=true, enabled=true, firstName=Shamik1, lastName=Sinha1, phone=+919916099778)
2019-04-18 23:24:04,486 INFO com.astrology.web.astroweb.controller.LoginController [http-nio-8080-exec-1] Session Attribute Name: SPRING_SECURITY_CONTEXT Value: org.springframework.security.core.context.SecurityContextImpl@3fbd133e: Authentication: org.springframework.security.authentication.UsernamePasswordAuthenticationToken@3fbd133e: Principal: User(password={bcrypt}$2a$10$UG4wWyGUSMVHxcTc4C8s9OnmkN.jYGeHnyhlT6PIbvmZJ6IhFI6ty, confirmPassword=null, username=abc@cde.com, authorities=[USER], accountNonExpired=true, accountNonLocked=true, credentialsNonExpired=true, enabled=true, firstName=Shamik1, lastName=Sinha1, phone=+919916099778); Credentials: [PROTECTED]; Authenticated: true; Details: org.springframework.security.web.authentication.WebAuthenticationDetails@b364: RemoteIpAddress: 0:0:0:0:0:0:0:1; SessionId: null; Granted Authorities: USER
2019-04-18 23:27:45,141 INFO com.astrology.web.astroweb.controller.LoginController [http-nio-8080-exec-7] User in model home : User(password={bcrypt}$2a$10$UG4wWyGUSMVHxcTc4C8s9OnmkN.jYGeHnyhlT6PIbvmZJ6IhFI6ty, confirmPassword=null, username=abc@cde.com, authorities=[USER], accountNonExpired=true, accountNonLocked=true, credentialsNonExpired=true, enabled=true, firstName=Shamik1, lastName=Sinha1, phone=+919916099778)
2019-04-18 23:27:45,141 INFO com.astrology.web.astroweb.controller.LoginController [http-nio-8080-exec-7] Session Attribute Name: userId Value: abc@cde.com
2019-04-18 23:27:45,144 INFO com.astrology.web.astroweb.controller.LoginController [http-nio-8080-exec-7] Session Attribute Name: SPRING_SECURITY_CONTEXT Value: org.springframework.security.core.context.SecurityContextImpl@3fbd133e: Authentication: org.springframework.security.authentication.UsernamePasswordAuthenticationToken@3fbd133e: Principal: User(password={bcrypt}$2a$10$UG4wWyGUSMVHxcTc4C8s9OnmkN.jYGeHnyhlT6PIbvmZJ6IhFI6ty, confirmPassword=null, username=abc@cde.com, authorities=[USER], accountNonExpired=true, accountNonLocked=true, credentialsNonExpired=true, enabled=true, firstName=Shamik1, lastName=Sinha1, phone=+919916099778); Credentials: [PROTECTED]; Authenticated: true; Details: org.springframework.security.web.authentication.WebAuthenticationDetails@b364: RemoteIpAddress: 0:0:0:0:0:0:0:1; SessionId: null; Granted Authorities: USER
2019-04-18 23:29:05,135 INFO com.astrology.web.astroweb.controller.BookingController [http-nio-8080-exec-14] In getBookings method with booking data value Booking(bookingDesc=Free Booking, bookingType=free, startTime=2019-04-18 23:40, endTime=2019-04-18 23:55, allDayEvent=false, color=null, recurring=false, disabled=false, payment=Payment(noOfItems=null, email=null, name=null, phone=null, amount=null, description=null, transactionId=null, user=null, currencyCode=INR, paymentStatus=PENDING, paymentId=null, uniqueId=null, disabled=false))
2019-04-18 23:29:07,075 INFO com.astrology.web.astroweb.controller.BookingController [http-nio-8080-exec-14] Booking to be created Booking(bookingDesc=Free Booking, bookingType=null, startTime=2019-04-18T23:40, endTime=2019-04-18T23:55, allDayEvent=false, color=null, recurring=false)
2019-04-18 23:29:07,075 INFO com.astrology.web.astroweb.controller.BookingController [http-nio-8080-exec-14] Booking to be created under user User(password={bcrypt}$2a$10$UG4wWyGUSMVHxcTc4C8s9OnmkN.jYGeHnyhlT6PIbvmZJ6IhFI6ty, confirmPassword=null, username=abc@cde.com, authorities=[USER], accountNonExpired=true, accountNonLocked=true, credentialsNonExpired=true, enabled=true, firstName=Shamik1, lastName=Sinha1, phone=+919916099778)
2019-04-18 23:29:27,807 INFO com.astrology.web.astroweb.controller.IndexController [http-nio-8080-exec-13] Month Name is APRIL
2019-04-18 23:32:22,832 INFO com.astrology.web.astroweb.controller.LoginController [http-nio-8080-exec-7] User in model home : User(password={bcrypt}$2a$10$UG4wWyGUSMVHxcTc4C8s9OnmkN.jYGeHnyhlT6PIbvmZJ6IhFI6ty, confirmPassword=null, username=abc@cde.com, authorities=[USER], accountNonExpired=true, accountNonLocked=true, credentialsNonExpired=true, enabled=true, firstName=Shamik1, lastName=Sinha1, phone=+919916099778)
2019-04-18 23:32:22,832 INFO com.astrology.web.astroweb.controller.LoginController [http-nio-8080-exec-7] Session Attribute Name: userId Value: abc@cde.com
2019-04-18 23:32:22,832 INFO com.astrology.web.astroweb.controller.LoginController [http-nio-8080-exec-7] Session Attribute Name: SPRING_SECURITY_CONTEXT Value: org.springframework.security.core.context.SecurityContextImpl@c042ecc6: Authentication: org.springframework.security.authentication.UsernamePasswordAuthenticationToken@c042ecc6: Principal: User(password={bcrypt}$2a$10$UG4wWyGUSMVHxcTc4C8s9OnmkN.jYGeHnyhlT6PIbvmZJ6IhFI6ty, confirmPassword=null, username=abc@cde.com, authorities=[USER], accountNonExpired=true, accountNonLocked=true, credentialsNonExpired=true, enabled=true, firstName=Shamik1, lastName=Sinha1, phone=+919916099778); Credentials: [PROTECTED]; Authenticated: true; Details: org.springframework.security.web.authentication.WebAuthenticationDetails@ffff4c9c: RemoteIpAddress: 0:0:0:0:0:0:0:1; SessionId: EFDE03977EC2B40684B022A2F8B0493E; Granted Authorities: USER
2019-04-18 23:32:59,188 INFO com.astrology.web.astroweb.controller.BookingController [http-nio-8080-exec-1] In getBookings method with booking data value Booking(bookingDesc=Free Booking, bookingType=free, startTime=2019-04-24 05:20, endTime=2019-04-24 05:35, allDayEvent=false, color=null, recurring=false, disabled=false, payment=Payment(noOfItems=null, email=null, name=null, phone=null, amount=null, description=null, transactionId=null, user=null, currencyCode=INR, paymentStatus=PENDING, paymentId=null, uniqueId=null, disabled=false))
2019-04-18 23:33:00,487 INFO com.astrology.web.astroweb.controller.BookingController [http-nio-8080-exec-1] Booking to be created Booking(bookingDesc=Free Booking, bookingType=null, startTime=2019-04-24T05:20, endTime=2019-04-24T05:35, allDayEvent=false, color=null, recurring=false)
2019-04-18 23:33:00,487 INFO com.astrology.web.astroweb.controller.BookingController [http-nio-8080-exec-1] Booking to be created under user User(password={bcrypt}$2a$10$UG4wWyGUSMVHxcTc4C8s9OnmkN.jYGeHnyhlT6PIbvmZJ6IhFI6ty, confirmPassword=null, username=abc@cde.com, authorities=[USER], accountNonExpired=true, accountNonLocked=true, credentialsNonExpired=true, enabled=true, firstName=Shamik1, lastName=Sinha1, phone=+919916099778)
2019-04-18 23:33:03,327 INFO com.astrology.web.astroweb.controller.IndexController [http-nio-8080-exec-9] Month Name is APRIL
